2024-09-30 17:26:57,298 - bento_meta.mdb.mdb_tools.mdb_tools - ERROR - Node needs a handle attribute
2024-09-30 17:26:57,299 - bento_meta.mdb.mdb_tools.mdb_tools - ERROR - Node needs a handle attribute
2024-09-30 17:26:57,299 - bento_meta.mdb.mdb_tools.mdb_tools - ERROR - Node needs a handle attribute
2024-09-30 17:29:22,988 - bento_meta.mdb.mdb_tools.mdb_tools - ERROR - Node needs a handle attribute
2024-09-30 17:29:22,990 - bento_meta.mdb.mdb_tools.mdb_tools - ERROR - Node needs a handle attribute
2024-09-30 17:29:22,990 - bento_meta.mdb.mdb_tools.mdb_tools - ERROR - Node needs a handle attribute
2024-10-05 21:02:53,709 - bento_meta.mdb.mdb_tools.mdb_tools - ERROR - Node needs a handle attribute
2024-10-05 21:02:53,710 - bento_meta.mdb.mdb_tools.mdb_tools - ERROR - Node needs a handle attribute
2024-10-05 21:02:53,710 - bento_meta.mdb.mdb_tools.mdb_tools - ERROR - Node needs a handle attribute
2024-10-05 22:39:17,868 - bento_meta.mdb.mdb_tools.mdb_tools - ERROR - Node needs a handle attribute
2024-10-05 22:39:17,870 - bento_meta.mdb.mdb_tools.mdb_tools - ERROR - Node needs a handle attribute
2024-10-05 22:39:17,870 - bento_meta.mdb.mdb_tools.mdb_tools - ERROR - Node needs a handle attribute
2024-10-05 22:42:48,972 - root - INFO - Merging new node node with properties: {'handle': 'node_1', 'model': 'test_model', 'nanoid': 'nnano1'} into the MDB
2024-10-05 22:42:49,382 - root - INFO - Merging new node node with properties: {'handle': 'node_2', 'model': 'test_model', 'nanoid': 'nnano2'} into the MDB
2024-10-05 22:42:49,554 - root - INFO - Merging new relationship node with properties: {'handle': 'edge_1', 'model': 'test_model', 'nanoid': 'enano1'} into the MDB
2024-10-05 22:42:49,885 - root - INFO - Merging new property node with properties: {'handle': 'prop_1', 'model': 'test_model', 'nanoid': 'pnano1'} into the MDB
2024-10-05 22:42:50,001 - root - INFO - Merging new property node with properties: {'handle': 'prop_2', 'model': 'test_model', 'nanoid': 'pnano2'} into the MDB
2024-10-05 22:42:50,096 - root - INFO - Merging new value_set node with properties: {'handle': 'valset_1', 'nanoid': 'vnano1'} into the MDB
2024-10-05 22:42:50,194 - root - INFO - Merging new value_set node with properties: {'handle': 'valset_2', 'nanoid': 'vnano2'} into the MDB
2024-10-05 22:42:50,263 - root - INFO - Merging new term node with properties: {'value': 'term_1', 'nanoid': 'tnano1', 'origin_name': 'origin_name_1'} into the MDB
2024-10-05 22:42:50,436 - root - INFO - Merging new term node with properties: {'value': 'term_2', 'nanoid': 'tnano2', 'origin_name': 'origin_name_2'} into the MDB
2024-10-05 22:42:50,536 - root - INFO - Merging new term node with properties: {'value': 'term_3', 'nanoid': 'tnano3', 'origin_name': 'origin_name_3'} into the MDB
2024-10-05 22:42:51,057 - bento_meta.mdb.mdb_tools.mdb_tools - ERROR - Pattern: (n90:node {handle:'node_1',model:'test_model',nanoid:'nnano1'})-[r32:has_property]->(n91:property {handle:'prop_1',model:'test_model',nanoid:'pnano1'}) not found.
2024-10-05 22:42:51,058 - root - INFO - Adding has_property relationship between src node with properties: {'handle': 'node_1', 'model': 'test_model', 'nanoid': 'nnano1'} to dst property with properties: {'handle': 'prop_1', 'model': 'test_model', 'nanoid': 'pnano1'}
2024-10-05 22:42:51,239 - bento_meta.mdb.mdb_tools.mdb_tools - ERROR - Pattern: (n94:property {handle:'prop_1',model:'test_model',nanoid:'pnano1'})-[r33:has_value_set]->(n95:value_set {handle:'valset_1',nanoid:'vnano1'}) not found.
2024-10-05 22:42:51,240 - root - INFO - Adding has_value_set relationship between src property with properties: {'handle': 'prop_1', 'model': 'test_model', 'nanoid': 'pnano1'} to dst value_set with properties: {'handle': 'valset_1', 'nanoid': 'vnano1'}
2024-10-05 22:42:51,522 - bento_meta.mdb.mdb_tools.mdb_tools - ERROR - Pattern: (n98:value_set {handle:'valset_1',nanoid:'vnano1'})-[r34:has_term]->(n99:term {value:'term_1',nanoid:'tnano1',origin_name:'origin_name_1'}) not found.
2024-10-05 22:42:51,522 - root - INFO - Adding has_term relationship between src value_set with properties: {'handle': 'valset_1', 'nanoid': 'vnano1'} to dst term with properties: {'value': 'term_1', 'nanoid': 'tnano1', 'origin_name': 'origin_name_1'}
2024-10-05 22:42:51,907 - root - DEBUG - qry='MATCH (n103:term {value:$p177,nanoid:$p178,origin_name:$p179})-[r38:represents]->(n104:concept)-[r39:has_tag]->(n105:tag {key:$p180,value:$p181}) RETURN n104.nanoid AS concept_nanoids'; parms={'p180': 'mapping_source', 'p181': 'map_src_1', 'p177': 'term_1', 'p178': 'tnano1', 'p179': 'origin_name_1'}
2024-10-05 22:42:52,036 - root - DEBUG - qry='MATCH (n107:term {value:$p185,nanoid:$p186,origin_name:$p187})-[r40:represents]->(n108:concept)-[r41:has_tag]->(n109:tag {key:$p188,value:$p189}) RETURN n108.nanoid AS concept_nanoids'; parms={'p188': 'mapping_source', 'p189': 'map_src_1', 'p185': 'term_2', 'p186': 'tnano2', 'p187': 'origin_name_2'}
2024-10-05 22:42:52,165 - root - INFO - Merging new concept node with properties: {'nanoid': 'd4K83A'} into the MDB
2024-10-05 22:42:52,253 - root - INFO - Merging new tag node with properties: {'key': 'mapping_source', 'value': 'map_src_1', 'nanoid': 'kinBh1'} into the MDB
2024-10-05 22:42:52,452 - bento_meta.mdb.mdb_tools.mdb_tools - ERROR - Pattern: (n115:concept {nanoid:'d4K83A'})-[r42:has_tag]->(n116:tag {key:'mapping_source',value:'map_src_1',nanoid:'kinBh1'}) not found.
2024-10-05 22:42:52,453 - root - INFO - Adding has_tag relationship between src concept with properties: {'nanoid': 'd4K83A'} to dst tag with properties: {'key': 'mapping_source', 'value': 'map_src_1', 'nanoid': 'kinBh1'}
2024-10-05 22:42:52,560 - bento_meta.mdb.mdb_tools.mdb_tools - ERROR - Pattern: (n119:term {value:'term_1',nanoid:'tnano1',origin_name:'origin_name_1'})-[r43:represents]->(n120:concept {nanoid:'d4K83A'}) not found.
2024-10-05 22:42:52,561 - root - INFO - Adding represents relationship between src term with properties: {'value': 'term_1', 'nanoid': 'tnano1', 'origin_name': 'origin_name_1'} to dst concept with properties: {'nanoid': 'd4K83A'}
2024-10-05 22:42:52,671 - bento_meta.mdb.mdb_tools.mdb_tools - ERROR - Pattern: (n123:term {value:'term_2',nanoid:'tnano2',origin_name:'origin_name_2'})-[r44:represents]->(n124:concept {nanoid:'d4K83A'}) not found.
2024-10-05 22:42:52,672 - root - INFO - Adding represents relationship between src term with properties: {'value': 'term_2', 'nanoid': 'tnano2', 'origin_name': 'origin_name_2'} to dst concept with properties: {'nanoid': 'd4K83A'}
2024-10-05 22:42:52,896 - root - DEBUG - qry='MATCH (n128:node {handle:$p231,model:$p232,nanoid:$p233})-[r45:has_concept]->(n129:concept)-[r46:has_tag]->(n130:tag {key:$p234,value:$p235}) RETURN n129.nanoid AS concept_nanoids'; parms={'p231': 'node_1', 'p232': 'test_model', 'p233': 'nnano1', 'p234': 'mapping_source', 'p235': 'map_src_1'}
2024-10-05 22:42:52,973 - root - DEBUG - qry='MATCH (n132:term {value:$p239,nanoid:$p240,origin_name:$p241})-[r47:represents]->(n133:concept)-[r48:has_tag]->(n134:tag {key:$p242,value:$p243}) RETURN n133.nanoid AS concept_nanoids'; parms={'p242': 'mapping_source', 'p243': 'map_src_1', 'p239': 'term_1', 'p240': 'tnano1', 'p241': 'origin_name_1'}
2024-10-05 22:42:53,016 - root - INFO - Using existing concept with nanoid d4K83A
2024-10-05 22:42:53,074 - bento_meta.mdb.mdb_tools.mdb_tools - ERROR - Pattern: (n137:node {handle:'node_1',model:'test_model',nanoid:'nnano1'})-[r49:has_concept]->(n138:concept {nanoid:'d4K83A'}) not found.
2024-10-05 22:42:53,075 - root - INFO - Adding has_concept relationship between src node with properties: {'handle': 'node_1', 'model': 'test_model', 'nanoid': 'nnano1'} to dst concept with properties: {'nanoid': 'd4K83A'}
2024-10-05 22:42:53,165 - root - INFO - Adding represents relationship between src term with properties: {'value': 'term_1', 'nanoid': 'tnano1', 'origin_name': 'origin_name_1'} to dst concept with properties: {'nanoid': 'd4K83A'}
2024-10-05 22:42:53,224 - root - DEBUG - qry='MATCH (n144:term {value:$p264,nanoid:$p265,origin_name:$p266})-[r51:represents]->(n145:concept)-[r52:has_tag]->(n146:tag {key:$p267,value:$p268}) RETURN n145.nanoid AS concept_nanoids'; parms={'p264': 'term_1', 'p265': 'tnano1', 'p266': 'origin_name_1', 'p267': 'mapping_source', 'p268': 'map_src_1'}
2024-10-05 22:42:53,621 - root - DEBUG - qry='MATCH (n152:term {value:$p281,nanoid:$p282,origin_name:$p283})-[r57:represents]->(n153:concept)-[r58:has_tag]->(n154:tag {key:$p284,value:$p285}) RETURN n153.nanoid AS concept_nanoids'; parms={'p284': 'mapping_source', 'p285': 'map_src_2', 'p281': 'term_2', 'p282': 'tnano2', 'p283': 'origin_name_2'}
2024-10-05 22:42:53,757 - root - DEBUG - qry='MATCH (n156:term {value:$p289,nanoid:$p290,origin_name:$p291})-[r59:represents]->(n157:concept)-[r60:has_tag]->(n158:tag {key:$p292,value:$p293}) RETURN n157.nanoid AS concept_nanoids'; parms={'p289': 'term_3', 'p290': 'tnano3', 'p291': 'origin_name_3', 'p292': 'mapping_source', 'p293': 'map_src_2'}
2024-10-05 22:42:53,786 - root - INFO - Merging new concept node with properties: {'nanoid': 'wwKVBe'} into the MDB
2024-10-05 22:42:53,860 - root - INFO - Merging new tag node with properties: {'key': 'mapping_source', 'value': 'map_src_2', 'nanoid': 'zwPfzx'} into the MDB
2024-10-05 22:42:54,015 - bento_meta.mdb.mdb_tools.mdb_tools - ERROR - Pattern: (n164:concept {nanoid:'wwKVBe'})-[r61:has_tag]->(n165:tag {key:'mapping_source',value:'map_src_2',nanoid:'zwPfzx'}) not found.
2024-10-05 22:42:54,016 - root - INFO - Adding has_tag relationship between src concept with properties: {'nanoid': 'wwKVBe'} to dst tag with properties: {'key': 'mapping_source', 'value': 'map_src_2', 'nanoid': 'zwPfzx'}
2024-10-05 22:42:54,247 - bento_meta.mdb.mdb_tools.mdb_tools - ERROR - Pattern: (n168:term {value:'term_2',nanoid:'tnano2',origin_name:'origin_name_2'})-[r62:represents]->(n169:concept {nanoid:'wwKVBe'}) not found.
2024-10-05 22:42:54,248 - root - INFO - Adding represents relationship between src term with properties: {'value': 'term_2', 'nanoid': 'tnano2', 'origin_name': 'origin_name_2'} to dst concept with properties: {'nanoid': 'wwKVBe'}
2024-10-05 22:42:54,335 - bento_meta.mdb.mdb_tools.mdb_tools - ERROR - Pattern: (n172:term {value:'term_3',nanoid:'tnano3',origin_name:'origin_name_3'})-[r63:represents]->(n173:concept {nanoid:'wwKVBe'}) not found.
2024-10-05 22:42:54,336 - root - INFO - Adding represents relationship between src term with properties: {'value': 'term_3', 'nanoid': 'tnano3', 'origin_name': 'origin_name_3'} to dst concept with properties: {'nanoid': 'wwKVBe'}
2024-10-05 22:42:54,379 - root - DEBUG - qry='MATCH (n175:term {value:$p329,nanoid:$p330,origin_name:$p331})-[r64:represents]->(n176:concept) RETURN n176.nanoid AS concept_nanoids'; parms={'p329': 'term_2', 'p330': 'tnano2', 'p331': 'origin_name_2'}
2024-10-05 22:42:54,415 - root - DEBUG - qry='MATCH (n178:term {value:$p335,nanoid:$p336,origin_name:$p337})-[r65:represents]->(n179:concept)-[r66:has_tag]->(n180:tag {key:$p338,value:$p339}) RETURN n179.nanoid AS concept_nanoids'; parms={'p338': 'mapping_source', 'p339': 'map_src_1', 'p335': 'term_2', 'p336': 'tnano2', 'p337': 'origin_name_2'}
2024-10-05 22:42:54,458 - root - DEBUG - qry='MATCH (n182:term {value:$p343,nanoid:$p344,origin_name:$p345})-[r67:represents]->(n183:concept)-[r68:has_tag]->(n184:tag {key:$p346,value:$p347}) RETURN n183.nanoid AS concept_nanoids'; parms={'p346': 'mapping_source', 'p347': 'map_src_2', 'p343': 'term_2', 'p344': 'tnano2', 'p345': 'origin_name_2'}
2024-10-05 22:42:54,490 - bento_meta.mdb.mdb_tools.mdb_tools - ERROR - Node needs a handle attribute
2024-10-05 22:42:54,491 - bento_meta.mdb.mdb_tools.mdb_tools - ERROR - Node needs a handle attribute
2024-10-05 22:42:54,492 - bento_meta.mdb.mdb_tools.mdb_tools - ERROR - Node needs a handle attribute
2024-10-07 18:00:28,158 - root - INFO - Merging new node node with properties: {'handle': 'node_1', 'model': 'test_model', 'nanoid': 'nnano1'} into the MDB
2024-10-07 18:00:28,308 - root - INFO - Merging new node node with properties: {'handle': 'node_2', 'model': 'test_model', 'nanoid': 'nnano2'} into the MDB
2024-10-07 18:00:28,401 - root - INFO - Merging new relationship node with properties: {'handle': 'edge_1', 'model': 'test_model', 'nanoid': 'enano1'} into the MDB
2024-10-07 18:00:28,735 - root - INFO - Merging new property node with properties: {'handle': 'prop_1', 'model': 'test_model', 'nanoid': 'pnano1'} into the MDB
2024-10-07 18:00:28,792 - root - INFO - Merging new property node with properties: {'handle': 'prop_2', 'model': 'test_model', 'nanoid': 'pnano2'} into the MDB
2024-10-07 18:00:28,838 - root - INFO - Merging new value_set node with properties: {'handle': 'valset_1', 'nanoid': 'vnano1'} into the MDB
2024-10-07 18:00:28,885 - root - INFO - Merging new value_set node with properties: {'handle': 'valset_2', 'nanoid': 'vnano2'} into the MDB
2024-10-07 18:00:28,920 - root - INFO - Merging new term node with properties: {'value': 'term_1', 'nanoid': 'tnano1', 'origin_name': 'origin_name_1'} into the MDB
2024-10-07 18:00:29,006 - root - INFO - Merging new term node with properties: {'value': 'term_2', 'nanoid': 'tnano2', 'origin_name': 'origin_name_2'} into the MDB
2024-10-07 18:00:29,068 - root - INFO - Merging new term node with properties: {'value': 'term_3', 'nanoid': 'tnano3', 'origin_name': 'origin_name_3'} into the MDB
2024-10-07 18:00:29,599 - bento_meta.mdb.mdb_tools.mdb_tools - ERROR - Pattern: (n90:node {handle:'node_1',model:'test_model',nanoid:'nnano1'})-[r32:has_property]->(n91:property {handle:'prop_1',model:'test_model',nanoid:'pnano1'}) not found.
2024-10-07 18:00:29,600 - root - INFO - Adding has_property relationship between src node with properties: {'handle': 'node_1', 'model': 'test_model', 'nanoid': 'nnano1'} to dst property with properties: {'handle': 'prop_1', 'model': 'test_model', 'nanoid': 'pnano1'}
2024-10-07 18:00:29,792 - bento_meta.mdb.mdb_tools.mdb_tools - ERROR - Pattern: (n94:property {handle:'prop_1',model:'test_model',nanoid:'pnano1'})-[r33:has_value_set]->(n95:value_set {handle:'valset_1',nanoid:'vnano1'}) not found.
2024-10-07 18:00:29,792 - root - INFO - Adding has_value_set relationship between src property with properties: {'handle': 'prop_1', 'model': 'test_model', 'nanoid': 'pnano1'} to dst value_set with properties: {'handle': 'valset_1', 'nanoid': 'vnano1'}
2024-10-07 18:00:29,907 - bento_meta.mdb.mdb_tools.mdb_tools - ERROR - Pattern: (n98:value_set {handle:'valset_1',nanoid:'vnano1'})-[r34:has_term]->(n99:term {value:'term_1',nanoid:'tnano1',origin_name:'origin_name_1'}) not found.
2024-10-07 18:00:29,907 - root - INFO - Adding has_term relationship between src value_set with properties: {'handle': 'valset_1', 'nanoid': 'vnano1'} to dst term with properties: {'value': 'term_1', 'nanoid': 'tnano1', 'origin_name': 'origin_name_1'}
2024-10-07 18:00:30,252 - root - DEBUG - qry='MATCH (n103:term {value:$p177,nanoid:$p178,origin_name:$p179})-[r38:represents]->(n104:concept)-[r39:has_tag]->(n105:tag {key:$p180,value:$p181}) RETURN n104.nanoid AS concept_nanoids'; parms={'p180': 'mapping_source', 'p181': 'map_src_1', 'p177': 'term_1', 'p178': 'tnano1', 'p179': 'origin_name_1'}
2024-10-07 18:00:30,323 - root - DEBUG - qry='MATCH (n107:term {value:$p185,nanoid:$p186,origin_name:$p187})-[r40:represents]->(n108:concept)-[r41:has_tag]->(n109:tag {key:$p188,value:$p189}) RETURN n108.nanoid AS concept_nanoids'; parms={'p188': 'mapping_source', 'p189': 'map_src_1', 'p185': 'term_2', 'p186': 'tnano2', 'p187': 'origin_name_2'}
2024-10-07 18:00:30,363 - root - INFO - Merging new concept node with properties: {'nanoid': '91mAgF'} into the MDB
2024-10-07 18:00:30,407 - root - INFO - Merging new tag node with properties: {'key': 'mapping_source', 'value': 'map_src_1', 'nanoid': 'y8axDg'} into the MDB
2024-10-07 18:00:30,475 - bento_meta.mdb.mdb_tools.mdb_tools - ERROR - Pattern: (n115:concept {nanoid:'91mAgF'})-[r42:has_tag]->(n116:tag {key:'mapping_source',value:'map_src_1',nanoid:'y8axDg'}) not found.
2024-10-07 18:00:30,475 - root - INFO - Adding has_tag relationship between src concept with properties: {'nanoid': '91mAgF'} to dst tag with properties: {'key': 'mapping_source', 'value': 'map_src_1', 'nanoid': 'y8axDg'}
2024-10-07 18:00:30,696 - bento_meta.mdb.mdb_tools.mdb_tools - ERROR - Pattern: (n119:term {value:'term_1',nanoid:'tnano1',origin_name:'origin_name_1'})-[r43:represents]->(n120:concept {nanoid:'91mAgF'}) not found.
2024-10-07 18:00:30,696 - root - INFO - Adding represents relationship between src term with properties: {'value': 'term_1', 'nanoid': 'tnano1', 'origin_name': 'origin_name_1'} to dst concept with properties: {'nanoid': '91mAgF'}
2024-10-07 18:00:30,826 - bento_meta.mdb.mdb_tools.mdb_tools - ERROR - Pattern: (n123:term {value:'term_2',nanoid:'tnano2',origin_name:'origin_name_2'})-[r44:represents]->(n124:concept {nanoid:'91mAgF'}) not found.
2024-10-07 18:00:30,826 - root - INFO - Adding represents relationship between src term with properties: {'value': 'term_2', 'nanoid': 'tnano2', 'origin_name': 'origin_name_2'} to dst concept with properties: {'nanoid': '91mAgF'}
2024-10-07 18:00:30,909 - root - DEBUG - qry='MATCH (n128:node {handle:$p231,model:$p232,nanoid:$p233})-[r45:has_concept]->(n129:concept)-[r46:has_tag]->(n130:tag {key:$p234,value:$p235}) RETURN n129.nanoid AS concept_nanoids'; parms={'p231': 'node_1', 'p232': 'test_model', 'p233': 'nnano1', 'p234': 'mapping_source', 'p235': 'map_src_1'}
2024-10-07 18:00:30,972 - root - DEBUG - qry='MATCH (n132:term {value:$p239,nanoid:$p240,origin_name:$p241})-[r47:represents]->(n133:concept)-[r48:has_tag]->(n134:tag {key:$p242,value:$p243}) RETURN n133.nanoid AS concept_nanoids'; parms={'p239': 'term_1', 'p240': 'tnano1', 'p241': 'origin_name_1', 'p242': 'mapping_source', 'p243': 'map_src_1'}
2024-10-07 18:00:31,089 - root - INFO - Using existing concept with nanoid 91mAgF
2024-10-07 18:00:31,173 - bento_meta.mdb.mdb_tools.mdb_tools - ERROR - Pattern: (n137:node {handle:'node_1',model:'test_model',nanoid:'nnano1'})-[r49:has_concept]->(n138:concept {nanoid:'91mAgF'}) not found.
2024-10-07 18:00:31,173 - root - INFO - Adding has_concept relationship between src node with properties: {'handle': 'node_1', 'model': 'test_model', 'nanoid': 'nnano1'} to dst concept with properties: {'nanoid': '91mAgF'}
2024-10-07 18:00:31,301 - root - INFO - Adding represents relationship between src term with properties: {'value': 'term_1', 'nanoid': 'tnano1', 'origin_name': 'origin_name_1'} to dst concept with properties: {'nanoid': '91mAgF'}
2024-10-07 18:00:31,354 - root - DEBUG - qry='MATCH (n144:term {value:$p264,nanoid:$p265,origin_name:$p266})-[r51:represents]->(n145:concept)-[r52:has_tag]->(n146:tag {key:$p267,value:$p268}) RETURN n145.nanoid AS concept_nanoids'; parms={'p267': 'mapping_source', 'p268': 'map_src_1', 'p264': 'term_1', 'p265': 'tnano1', 'p266': 'origin_name_1'}
2024-10-07 18:00:31,800 - root - DEBUG - qry='MATCH (n152:term {value:$p281,nanoid:$p282,origin_name:$p283})-[r57:represents]->(n153:concept)-[r58:has_tag]->(n154:tag {key:$p284,value:$p285}) RETURN n153.nanoid AS concept_nanoids'; parms={'p284': 'mapping_source', 'p285': 'map_src_2', 'p281': 'term_2', 'p282': 'tnano2', 'p283': 'origin_name_2'}
2024-10-07 18:00:31,847 - root - DEBUG - qry='MATCH (n156:term {value:$p289,nanoid:$p290,origin_name:$p291})-[r59:represents]->(n157:concept)-[r60:has_tag]->(n158:tag {key:$p292,value:$p293}) RETURN n157.nanoid AS concept_nanoids'; parms={'p289': 'term_3', 'p290': 'tnano3', 'p291': 'origin_name_3', 'p292': 'mapping_source', 'p293': 'map_src_2'}
2024-10-07 18:00:31,870 - root - INFO - Merging new concept node with properties: {'nanoid': 'rQ40Ua'} into the MDB
2024-10-07 18:00:31,927 - root - INFO - Merging new tag node with properties: {'key': 'mapping_source', 'value': 'map_src_2', 'nanoid': 'PSMokU'} into the MDB
2024-10-07 18:00:32,103 - bento_meta.mdb.mdb_tools.mdb_tools - ERROR - Pattern: (n164:concept {nanoid:'rQ40Ua'})-[r61:has_tag]->(n165:tag {key:'mapping_source',value:'map_src_2',nanoid:'PSMokU'}) not found.
2024-10-07 18:00:32,104 - root - INFO - Adding has_tag relationship between src concept with properties: {'nanoid': 'rQ40Ua'} to dst tag with properties: {'key': 'mapping_source', 'value': 'map_src_2', 'nanoid': 'PSMokU'}
2024-10-07 18:00:32,306 - bento_meta.mdb.mdb_tools.mdb_tools - ERROR - Pattern: (n168:term {value:'term_2',nanoid:'tnano2',origin_name:'origin_name_2'})-[r62:represents]->(n169:concept {nanoid:'rQ40Ua'}) not found.
2024-10-07 18:00:32,307 - root - INFO - Adding represents relationship between src term with properties: {'value': 'term_2', 'nanoid': 'tnano2', 'origin_name': 'origin_name_2'} to dst concept with properties: {'nanoid': 'rQ40Ua'}
2024-10-07 18:00:32,399 - bento_meta.mdb.mdb_tools.mdb_tools - ERROR - Pattern: (n172:term {value:'term_3',nanoid:'tnano3',origin_name:'origin_name_3'})-[r63:represents]->(n173:concept {nanoid:'rQ40Ua'}) not found.
2024-10-07 18:00:32,399 - root - INFO - Adding represents relationship between src term with properties: {'value': 'term_3', 'nanoid': 'tnano3', 'origin_name': 'origin_name_3'} to dst concept with properties: {'nanoid': 'rQ40Ua'}
2024-10-07 18:00:32,441 - root - DEBUG - qry='MATCH (n175:term {value:$p329,nanoid:$p330,origin_name:$p331})-[r64:represents]->(n176:concept) RETURN n176.nanoid AS concept_nanoids'; parms={'p329': 'term_2', 'p330': 'tnano2', 'p331': 'origin_name_2'}
2024-10-07 18:00:32,477 - root - DEBUG - qry='MATCH (n178:term {value:$p335,nanoid:$p336,origin_name:$p337})-[r65:represents]->(n179:concept)-[r66:has_tag]->(n180:tag {key:$p338,value:$p339}) RETURN n179.nanoid AS concept_nanoids'; parms={'p338': 'mapping_source', 'p339': 'map_src_1', 'p335': 'term_2', 'p336': 'tnano2', 'p337': 'origin_name_2'}
2024-10-07 18:00:32,521 - root - DEBUG - qry='MATCH (n182:term {value:$p343,nanoid:$p344,origin_name:$p345})-[r67:represents]->(n183:concept)-[r68:has_tag]->(n184:tag {key:$p346,value:$p347}) RETURN n183.nanoid AS concept_nanoids'; parms={'p346': 'mapping_source', 'p347': 'map_src_2', 'p343': 'term_2', 'p344': 'tnano2', 'p345': 'origin_name_2'}
2024-10-07 18:00:32,550 - bento_meta.mdb.mdb_tools.mdb_tools - ERROR - Node needs a handle attribute
2024-10-07 18:00:32,552 - bento_meta.mdb.mdb_tools.mdb_tools - ERROR - Node needs a handle attribute
2024-10-07 18:00:32,552 - bento_meta.mdb.mdb_tools.mdb_tools - ERROR - Node needs a handle attribute
2024-10-11 12:20:20,149 - root - INFO - Merging new node node with properties: {'handle': 'node_1', 'model': 'test_model', 'nanoid': 'nnano1'} into the MDB
2024-10-11 12:20:20,364 - root - INFO - Merging new node node with properties: {'handle': 'node_2', 'model': 'test_model', 'nanoid': 'nnano2'} into the MDB
2024-10-11 12:20:20,512 - root - INFO - Merging new relationship node with properties: {'handle': 'edge_1', 'model': 'test_model', 'nanoid': 'enano1'} into the MDB
2024-10-11 12:20:20,822 - root - INFO - Merging new property node with properties: {'handle': 'prop_1', 'model': 'test_model', 'nanoid': 'pnano1'} into the MDB
2024-10-11 12:20:20,881 - root - INFO - Merging new property node with properties: {'handle': 'prop_2', 'model': 'test_model', 'nanoid': 'pnano2'} into the MDB
2024-10-11 12:20:20,927 - root - INFO - Merging new value_set node with properties: {'handle': 'valset_1', 'nanoid': 'vnano1'} into the MDB
2024-10-11 12:20:20,980 - root - INFO - Merging new value_set node with properties: {'handle': 'valset_2', 'nanoid': 'vnano2'} into the MDB
2024-10-11 12:20:21,015 - root - INFO - Merging new term node with properties: {'value': 'term_1', 'nanoid': 'tnano1', 'origin_name': 'origin_name_1'} into the MDB
2024-10-11 12:20:21,091 - root - INFO - Merging new term node with properties: {'value': 'term_2', 'nanoid': 'tnano2', 'origin_name': 'origin_name_2'} into the MDB
2024-10-11 12:20:21,159 - root - INFO - Merging new term node with properties: {'value': 'term_3', 'nanoid': 'tnano3', 'origin_name': 'origin_name_3'} into the MDB
2024-10-11 12:20:21,668 - bento_meta.mdb.mdb_tools.mdb_tools - ERROR - Pattern: (n90:node {handle:'node_1',model:'test_model',nanoid:'nnano1'})-[r32:has_property]->(n91:property {handle:'prop_1',model:'test_model',nanoid:'pnano1'}) not found.
2024-10-11 12:20:21,669 - root - INFO - Adding has_property relationship between src node with properties: {'handle': 'node_1', 'model': 'test_model', 'nanoid': 'nnano1'} to dst property with properties: {'handle': 'prop_1', 'model': 'test_model', 'nanoid': 'pnano1'}
2024-10-11 12:20:21,889 - bento_meta.mdb.mdb_tools.mdb_tools - ERROR - Pattern: (n94:property {handle:'prop_1',model:'test_model',nanoid:'pnano1'})-[r33:has_value_set]->(n95:value_set {handle:'valset_1',nanoid:'vnano1'}) not found.
2024-10-11 12:20:21,890 - root - INFO - Adding has_value_set relationship between src property with properties: {'handle': 'prop_1', 'model': 'test_model', 'nanoid': 'pnano1'} to dst value_set with properties: {'handle': 'valset_1', 'nanoid': 'vnano1'}
2024-10-11 12:20:22,006 - bento_meta.mdb.mdb_tools.mdb_tools - ERROR - Pattern: (n98:value_set {handle:'valset_1',nanoid:'vnano1'})-[r34:has_term]->(n99:term {value:'term_1',nanoid:'tnano1',origin_name:'origin_name_1'}) not found.
2024-10-11 12:20:22,007 - root - INFO - Adding has_term relationship between src value_set with properties: {'handle': 'valset_1', 'nanoid': 'vnano1'} to dst term with properties: {'value': 'term_1', 'nanoid': 'tnano1', 'origin_name': 'origin_name_1'}
2024-10-11 12:20:22,345 - root - DEBUG - qry='MATCH (n103:term {value:$p177,nanoid:$p178,origin_name:$p179})-[r38:represents]->(n104:concept)-[r39:has_tag]->(n105:tag {key:$p180,value:$p181}) RETURN n104.nanoid AS concept_nanoids'; parms={'p180': 'mapping_source', 'p181': 'map_src_1', 'p177': 'term_1', 'p178': 'tnano1', 'p179': 'origin_name_1'}
2024-10-11 12:20:22,409 - root - DEBUG - qry='MATCH (n107:term {value:$p185,nanoid:$p186,origin_name:$p187})-[r40:represents]->(n108:concept)-[r41:has_tag]->(n109:tag {key:$p188,value:$p189}) RETURN n108.nanoid AS concept_nanoids'; parms={'p185': 'term_2', 'p186': 'tnano2', 'p187': 'origin_name_2', 'p188': 'mapping_source', 'p189': 'map_src_1'}
2024-10-11 12:20:22,443 - root - INFO - Merging new concept node with properties: {'nanoid': '0c9bHN'} into the MDB
2024-10-11 12:20:22,487 - root - INFO - Merging new tag node with properties: {'key': 'mapping_source', 'value': 'map_src_1', 'nanoid': 'VaZaRZ'} into the MDB
2024-10-11 12:20:22,566 - bento_meta.mdb.mdb_tools.mdb_tools - ERROR - Pattern: (n115:concept {nanoid:'0c9bHN'})-[r42:has_tag]->(n116:tag {key:'mapping_source',value:'map_src_1',nanoid:'VaZaRZ'}) not found.
2024-10-11 12:20:22,567 - root - INFO - Adding has_tag relationship between src concept with properties: {'nanoid': '0c9bHN'} to dst tag with properties: {'key': 'mapping_source', 'value': 'map_src_1', 'nanoid': 'VaZaRZ'}
2024-10-11 12:20:22,690 - bento_meta.mdb.mdb_tools.mdb_tools - ERROR - Pattern: (n119:term {value:'term_1',nanoid:'tnano1',origin_name:'origin_name_1'})-[r43:represents]->(n120:concept {nanoid:'0c9bHN'}) not found.
2024-10-11 12:20:22,690 - root - INFO - Adding represents relationship between src term with properties: {'value': 'term_1', 'nanoid': 'tnano1', 'origin_name': 'origin_name_1'} to dst concept with properties: {'nanoid': '0c9bHN'}
2024-10-11 12:20:22,916 - bento_meta.mdb.mdb_tools.mdb_tools - ERROR - Pattern: (n123:term {value:'term_2',nanoid:'tnano2',origin_name:'origin_name_2'})-[r44:represents]->(n124:concept {nanoid:'0c9bHN'}) not found.
2024-10-11 12:20:22,916 - root - INFO - Adding represents relationship between src term with properties: {'value': 'term_2', 'nanoid': 'tnano2', 'origin_name': 'origin_name_2'} to dst concept with properties: {'nanoid': '0c9bHN'}
2024-10-11 12:20:23,004 - root - DEBUG - qry='MATCH (n128:node {handle:$p231,model:$p232,nanoid:$p233})-[r45:has_concept]->(n129:concept)-[r46:has_tag]->(n130:tag {key:$p234,value:$p235}) RETURN n129.nanoid AS concept_nanoids'; parms={'p231': 'node_1', 'p232': 'test_model', 'p233': 'nnano1', 'p234': 'mapping_source', 'p235': 'map_src_1'}
2024-10-11 12:20:23,119 - root - DEBUG - qry='MATCH (n132:term {value:$p239,nanoid:$p240,origin_name:$p241})-[r47:represents]->(n133:concept)-[r48:has_tag]->(n134:tag {key:$p242,value:$p243}) RETURN n133.nanoid AS concept_nanoids'; parms={'p242': 'mapping_source', 'p243': 'map_src_1', 'p239': 'term_1', 'p240': 'tnano1', 'p241': 'origin_name_1'}
2024-10-11 12:20:23,215 - root - INFO - Using existing concept with nanoid 0c9bHN
2024-10-11 12:20:23,271 - bento_meta.mdb.mdb_tools.mdb_tools - ERROR - Pattern: (n137:node {handle:'node_1',model:'test_model',nanoid:'nnano1'})-[r49:has_concept]->(n138:concept {nanoid:'0c9bHN'}) not found.
2024-10-11 12:20:23,271 - root - INFO - Adding has_concept relationship between src node with properties: {'handle': 'node_1', 'model': 'test_model', 'nanoid': 'nnano1'} to dst concept with properties: {'nanoid': '0c9bHN'}
2024-10-11 12:20:23,370 - root - INFO - Adding represents relationship between src term with properties: {'value': 'term_1', 'nanoid': 'tnano1', 'origin_name': 'origin_name_1'} to dst concept with properties: {'nanoid': '0c9bHN'}
2024-10-11 12:20:23,424 - root - DEBUG - qry='MATCH (n144:term {value:$p264,nanoid:$p265,origin_name:$p266})-[r51:represents]->(n145:concept)-[r52:has_tag]->(n146:tag {key:$p267,value:$p268}) RETURN n145.nanoid AS concept_nanoids'; parms={'p267': 'mapping_source', 'p268': 'map_src_1', 'p264': 'term_1', 'p265': 'tnano1', 'p266': 'origin_name_1'}
2024-10-11 12:20:23,877 - root - DEBUG - qry='MATCH (n152:term {value:$p281,nanoid:$p282,origin_name:$p283})-[r57:represents]->(n153:concept)-[r58:has_tag]->(n154:tag {key:$p284,value:$p285}) RETURN n153.nanoid AS concept_nanoids'; parms={'p281': 'term_2', 'p282': 'tnano2', 'p283': 'origin_name_2', 'p284': 'mapping_source', 'p285': 'map_src_2'}
2024-10-11 12:20:24,018 - root - DEBUG - qry='MATCH (n156:term {value:$p289,nanoid:$p290,origin_name:$p291})-[r59:represents]->(n157:concept)-[r60:has_tag]->(n158:tag {key:$p292,value:$p293}) RETURN n157.nanoid AS concept_nanoids'; parms={'p292': 'mapping_source', 'p293': 'map_src_2', 'p289': 'term_3', 'p290': 'tnano3', 'p291': 'origin_name_3'}
2024-10-11 12:20:24,040 - root - INFO - Merging new concept node with properties: {'nanoid': 'kKAV0o'} into the MDB
2024-10-11 12:20:24,097 - root - INFO - Merging new tag node with properties: {'key': 'mapping_source', 'value': 'map_src_2', 'nanoid': 'Axo87D'} into the MDB
2024-10-11 12:20:24,275 - bento_meta.mdb.mdb_tools.mdb_tools - ERROR - Pattern: (n164:concept {nanoid:'kKAV0o'})-[r61:has_tag]->(n165:tag {key:'mapping_source',value:'map_src_2',nanoid:'Axo87D'}) not found.
2024-10-11 12:20:24,276 - root - INFO - Adding has_tag relationship between src concept with properties: {'nanoid': 'kKAV0o'} to dst tag with properties: {'key': 'mapping_source', 'value': 'map_src_2', 'nanoid': 'Axo87D'}
2024-10-11 12:20:24,360 - bento_meta.mdb.mdb_tools.mdb_tools - ERROR - Pattern: (n168:term {value:'term_2',nanoid:'tnano2',origin_name:'origin_name_2'})-[r62:represents]->(n169:concept {nanoid:'kKAV0o'}) not found.
2024-10-11 12:20:24,360 - root - INFO - Adding represents relationship between src term with properties: {'value': 'term_2', 'nanoid': 'tnano2', 'origin_name': 'origin_name_2'} to dst concept with properties: {'nanoid': 'kKAV0o'}
2024-10-11 12:20:24,439 - bento_meta.mdb.mdb_tools.mdb_tools - ERROR - Pattern: (n172:term {value:'term_3',nanoid:'tnano3',origin_name:'origin_name_3'})-[r63:represents]->(n173:concept {nanoid:'kKAV0o'}) not found.
2024-10-11 12:20:24,439 - root - INFO - Adding represents relationship between src term with properties: {'value': 'term_3', 'nanoid': 'tnano3', 'origin_name': 'origin_name_3'} to dst concept with properties: {'nanoid': 'kKAV0o'}
2024-10-11 12:20:24,488 - root - DEBUG - qry='MATCH (n175:term {value:$p329,nanoid:$p330,origin_name:$p331})-[r64:represents]->(n176:concept) RETURN n176.nanoid AS concept_nanoids'; parms={'p329': 'term_2', 'p330': 'tnano2', 'p331': 'origin_name_2'}
2024-10-11 12:20:24,525 - root - DEBUG - qry='MATCH (n178:term {value:$p335,nanoid:$p336,origin_name:$p337})-[r65:represents]->(n179:concept)-[r66:has_tag]->(n180:tag {key:$p338,value:$p339}) RETURN n179.nanoid AS concept_nanoids'; parms={'p335': 'term_2', 'p336': 'tnano2', 'p337': 'origin_name_2', 'p338': 'mapping_source', 'p339': 'map_src_1'}
2024-10-11 12:20:24,571 - root - DEBUG - qry='MATCH (n182:term {value:$p343,nanoid:$p344,origin_name:$p345})-[r67:represents]->(n183:concept)-[r68:has_tag]->(n184:tag {key:$p346,value:$p347}) RETURN n183.nanoid AS concept_nanoids'; parms={'p343': 'term_2', 'p344': 'tnano2', 'p345': 'origin_name_2', 'p346': 'mapping_source', 'p347': 'map_src_2'}
2024-10-11 12:20:24,602 - bento_meta.mdb.mdb_tools.mdb_tools - ERROR - Node needs a handle attribute
2024-10-11 12:20:24,604 - bento_meta.mdb.mdb_tools.mdb_tools - ERROR - Node needs a handle attribute
2024-10-11 12:20:24,604 - bento_meta.mdb.mdb_tools.mdb_tools - ERROR - Node needs a handle attribute
2024-12-31 13:49:00,123 - bento_meta.mdb.mdb_tools.mdb_tools - ERROR - Node needs a handle attribute
2024-12-31 13:49:00,124 - bento_meta.mdb.mdb_tools.mdb_tools - ERROR - Node needs a handle attribute
2024-12-31 13:49:00,124 - bento_meta.mdb.mdb_tools.mdb_tools - ERROR - Node needs a handle attribute
2024-12-31 13:52:11,376 - root - INFO - Merging new node node with properties: {'handle': 'node_1', 'model': 'test_model', 'nanoid': 'nnano1'} into the MDB
2024-12-31 13:52:11,536 - root - INFO - Merging new node node with properties: {'handle': 'node_2', 'model': 'test_model', 'nanoid': 'nnano2'} into the MDB
2024-12-31 13:52:11,643 - root - INFO - Merging new relationship node with properties: {'handle': 'edge_1', 'model': 'test_model', 'nanoid': 'enano1'} into the MDB
2024-12-31 13:52:11,960 - root - INFO - Merging new property node with properties: {'handle': 'prop_1', 'model': 'test_model', 'nanoid': 'pnano1'} into the MDB
2024-12-31 13:52:12,028 - root - INFO - Merging new property node with properties: {'handle': 'prop_2', 'model': 'test_model', 'nanoid': 'pnano2'} into the MDB
2024-12-31 13:52:12,079 - root - INFO - Merging new value_set node with properties: {'handle': 'valset_1', 'nanoid': 'vnano1'} into the MDB
2024-12-31 13:52:12,140 - root - INFO - Merging new value_set node with properties: {'handle': 'valset_2', 'nanoid': 'vnano2'} into the MDB
2024-12-31 13:52:12,180 - root - INFO - Merging new term node with properties: {'value': 'term_1', 'nanoid': 'tnano1', 'origin_name': 'origin_name_1'} into the MDB
2024-12-31 13:52:12,380 - root - INFO - Merging new term node with properties: {'value': 'term_2', 'nanoid': 'tnano2', 'origin_name': 'origin_name_2'} into the MDB
2024-12-31 13:52:12,556 - root - INFO - Merging new term node with properties: {'value': 'term_3', 'nanoid': 'tnano3', 'origin_name': 'origin_name_3'} into the MDB
2024-12-31 13:52:13,230 - bento_meta.mdb.mdb_tools.mdb_tools - ERROR - Pattern: (n90:node {handle:'node_1',model:'test_model',nanoid:'nnano1'})-[r32:has_property]->(n91:property {handle:'prop_1',model:'test_model',nanoid:'pnano1'}) not found.
2024-12-31 13:52:13,230 - root - INFO - Adding has_property relationship between src node with properties: {'handle': 'node_1', 'model': 'test_model', 'nanoid': 'nnano1'} to dst property with properties: {'handle': 'prop_1', 'model': 'test_model', 'nanoid': 'pnano1'}
2024-12-31 13:52:13,412 - bento_meta.mdb.mdb_tools.mdb_tools - ERROR - Pattern: (n94:property {handle:'prop_1',model:'test_model',nanoid:'pnano1'})-[r33:has_value_set]->(n95:value_set {handle:'valset_1',nanoid:'vnano1'}) not found.
2024-12-31 13:52:13,412 - root - INFO - Adding has_value_set relationship between src property with properties: {'handle': 'prop_1', 'model': 'test_model', 'nanoid': 'pnano1'} to dst value_set with properties: {'handle': 'valset_1', 'nanoid': 'vnano1'}
2024-12-31 13:52:13,541 - bento_meta.mdb.mdb_tools.mdb_tools - ERROR - Pattern: (n98:value_set {handle:'valset_1',nanoid:'vnano1'})-[r34:has_term]->(n99:term {value:'term_1',nanoid:'tnano1',origin_name:'origin_name_1'}) not found.
2024-12-31 13:52:13,541 - root - INFO - Adding has_term relationship between src value_set with properties: {'handle': 'valset_1', 'nanoid': 'vnano1'} to dst term with properties: {'value': 'term_1', 'nanoid': 'tnano1', 'origin_name': 'origin_name_1'}
2024-12-31 13:52:14,019 - root - DEBUG - qry='MATCH (n103:term {value:$p177,nanoid:$p178,origin_name:$p179})-[r38:represents]->(n104:concept)-[r39:has_tag]->(n105:tag {key:$p180,value:$p181}) RETURN n104.nanoid AS concept_nanoids'; parms={'p177': 'term_1', 'p178': 'tnano1', 'p179': 'origin_name_1', 'p180': 'mapping_source', 'p181': 'map_src_1'}
2024-12-31 13:52:14,114 - root - DEBUG - qry='MATCH (n107:term {value:$p185,nanoid:$p186,origin_name:$p187})-[r40:represents]->(n108:concept)-[r41:has_tag]->(n109:tag {key:$p188,value:$p189}) RETURN n108.nanoid AS concept_nanoids'; parms={'p188': 'mapping_source', 'p189': 'map_src_1', 'p185': 'term_2', 'p186': 'tnano2', 'p187': 'origin_name_2'}
2024-12-31 13:52:14,156 - root - INFO - Merging new concept node with properties: {'nanoid': '4xUWve'} into the MDB
2024-12-31 13:52:14,211 - root - INFO - Merging new tag node with properties: {'key': 'mapping_source', 'value': 'map_src_1', 'nanoid': 'e33j56'} into the MDB
2024-12-31 13:52:14,291 - bento_meta.mdb.mdb_tools.mdb_tools - ERROR - Pattern: (n115:concept {nanoid:'4xUWve'})-[r42:has_tag]->(n116:tag {key:'mapping_source',value:'map_src_1',nanoid:'e33j56'}) not found.
2024-12-31 13:52:14,292 - root - INFO - Adding has_tag relationship between src concept with properties: {'nanoid': '4xUWve'} to dst tag with properties: {'key': 'mapping_source', 'value': 'map_src_1', 'nanoid': 'e33j56'}
2024-12-31 13:52:14,416 - bento_meta.mdb.mdb_tools.mdb_tools - ERROR - Pattern: (n119:term {value:'term_1',nanoid:'tnano1',origin_name:'origin_name_1'})-[r43:represents]->(n120:concept {nanoid:'4xUWve'}) not found.
2024-12-31 13:52:14,417 - root - INFO - Adding represents relationship between src term with properties: {'value': 'term_1', 'nanoid': 'tnano1', 'origin_name': 'origin_name_1'} to dst concept with properties: {'nanoid': '4xUWve'}
2024-12-31 13:52:14,544 - bento_meta.mdb.mdb_tools.mdb_tools - ERROR - Pattern: (n123:term {value:'term_2',nanoid:'tnano2',origin_name:'origin_name_2'})-[r44:represents]->(n124:concept {nanoid:'4xUWve'}) not found.
2024-12-31 13:52:14,544 - root - INFO - Adding represents relationship between src term with properties: {'value': 'term_2', 'nanoid': 'tnano2', 'origin_name': 'origin_name_2'} to dst concept with properties: {'nanoid': '4xUWve'}
2024-12-31 13:52:14,646 - root - DEBUG - qry='MATCH (n128:node {handle:$p231,model:$p232,nanoid:$p233})-[r45:has_concept]->(n129:concept)-[r46:has_tag]->(n130:tag {key:$p234,value:$p235}) RETURN n129.nanoid AS concept_nanoids'; parms={'p234': 'mapping_source', 'p235': 'map_src_1', 'p231': 'node_1', 'p232': 'test_model', 'p233': 'nnano1'}
2024-12-31 13:52:14,700 - root - DEBUG - qry='MATCH (n132:term {value:$p239,nanoid:$p240,origin_name:$p241})-[r47:represents]->(n133:concept)-[r48:has_tag]->(n134:tag {key:$p242,value:$p243}) RETURN n133.nanoid AS concept_nanoids'; parms={'p239': 'term_1', 'p240': 'tnano1', 'p241': 'origin_name_1', 'p242': 'mapping_source', 'p243': 'map_src_1'}
2024-12-31 13:52:14,742 - root - INFO - Using existing concept with nanoid 4xUWve
2024-12-31 13:52:14,789 - bento_meta.mdb.mdb_tools.mdb_tools - ERROR - Pattern: (n137:node {handle:'node_1',model:'test_model',nanoid:'nnano1'})-[r49:has_concept]->(n138:concept {nanoid:'4xUWve'}) not found.
2024-12-31 13:52:14,790 - root - INFO - Adding has_concept relationship between src node with properties: {'handle': 'node_1', 'model': 'test_model', 'nanoid': 'nnano1'} to dst concept with properties: {'nanoid': '4xUWve'}
2024-12-31 13:52:14,886 - root - INFO - Adding represents relationship between src term with properties: {'value': 'term_1', 'nanoid': 'tnano1', 'origin_name': 'origin_name_1'} to dst concept with properties: {'nanoid': '4xUWve'}
2024-12-31 13:52:14,942 - root - DEBUG - qry='MATCH (n144:term {value:$p264,nanoid:$p265,origin_name:$p266})-[r51:represents]->(n145:concept)-[r52:has_tag]->(n146:tag {key:$p267,value:$p268}) RETURN n145.nanoid AS concept_nanoids'; parms={'p264': 'term_1', 'p265': 'tnano1', 'p266': 'origin_name_1', 'p267': 'mapping_source', 'p268': 'map_src_1'}
2024-12-31 13:52:15,716 - root - DEBUG - qry='MATCH (n152:term {value:$p281,nanoid:$p282,origin_name:$p283})-[r57:represents]->(n153:concept)-[r58:has_tag]->(n154:tag {key:$p284,value:$p285}) RETURN n153.nanoid AS concept_nanoids'; parms={'p281': 'term_2', 'p282': 'tnano2', 'p283': 'origin_name_2', 'p284': 'mapping_source', 'p285': 'map_src_2'}
2024-12-31 13:52:15,778 - root - DEBUG - qry='MATCH (n156:term {value:$p289,nanoid:$p290,origin_name:$p291})-[r59:represents]->(n157:concept)-[r60:has_tag]->(n158:tag {key:$p292,value:$p293}) RETURN n157.nanoid AS concept_nanoids'; parms={'p289': 'term_3', 'p290': 'tnano3', 'p291': 'origin_name_3', 'p292': 'mapping_source', 'p293': 'map_src_2'}
2024-12-31 13:52:15,798 - root - INFO - Merging new concept node with properties: {'nanoid': '5ccHDg'} into the MDB
2024-12-31 13:52:15,851 - root - INFO - Merging new tag node with properties: {'key': 'mapping_source', 'value': 'map_src_2', 'nanoid': 'GjVjHj'} into the MDB
2024-12-31 13:52:15,924 - bento_meta.mdb.mdb_tools.mdb_tools - ERROR - Pattern: (n164:concept {nanoid:'5ccHDg'})-[r61:has_tag]->(n165:tag {key:'mapping_source',value:'map_src_2',nanoid:'GjVjHj'}) not found.
2024-12-31 13:52:15,924 - root - INFO - Adding has_tag relationship between src concept with properties: {'nanoid': '5ccHDg'} to dst tag with properties: {'key': 'mapping_source', 'value': 'map_src_2', 'nanoid': 'GjVjHj'}
2024-12-31 13:52:16,010 - bento_meta.mdb.mdb_tools.mdb_tools - ERROR - Pattern: (n168:term {value:'term_2',nanoid:'tnano2',origin_name:'origin_name_2'})-[r62:represents]->(n169:concept {nanoid:'5ccHDg'}) not found.
2024-12-31 13:52:16,010 - root - INFO - Adding represents relationship between src term with properties: {'value': 'term_2', 'nanoid': 'tnano2', 'origin_name': 'origin_name_2'} to dst concept with properties: {'nanoid': '5ccHDg'}
2024-12-31 13:52:16,286 - bento_meta.mdb.mdb_tools.mdb_tools - ERROR - Pattern: (n172:term {value:'term_3',nanoid:'tnano3',origin_name:'origin_name_3'})-[r63:represents]->(n173:concept {nanoid:'5ccHDg'}) not found.
2024-12-31 13:52:16,287 - root - INFO - Adding represents relationship between src term with properties: {'value': 'term_3', 'nanoid': 'tnano3', 'origin_name': 'origin_name_3'} to dst concept with properties: {'nanoid': '5ccHDg'}
2024-12-31 13:52:16,343 - root - DEBUG - qry='MATCH (n175:term {value:$p329,nanoid:$p330,origin_name:$p331})-[r64:represents]->(n176:concept) RETURN n176.nanoid AS concept_nanoids'; parms={'p329': 'term_2', 'p330': 'tnano2', 'p331': 'origin_name_2'}
2024-12-31 13:52:16,393 - root - DEBUG - qry='MATCH (n178:term {value:$p335,nanoid:$p336,origin_name:$p337})-[r65:represents]->(n179:concept)-[r66:has_tag]->(n180:tag {key:$p338,value:$p339}) RETURN n179.nanoid AS concept_nanoids'; parms={'p338': 'mapping_source', 'p339': 'map_src_1', 'p335': 'term_2', 'p336': 'tnano2', 'p337': 'origin_name_2'}
2024-12-31 13:52:16,450 - root - DEBUG - qry='MATCH (n182:term {value:$p343,nanoid:$p344,origin_name:$p345})-[r67:represents]->(n183:concept)-[r68:has_tag]->(n184:tag {key:$p346,value:$p347}) RETURN n183.nanoid AS concept_nanoids'; parms={'p343': 'term_2', 'p344': 'tnano2', 'p345': 'origin_name_2', 'p346': 'mapping_source', 'p347': 'map_src_2'}
2024-12-31 13:52:16,495 - bento_meta.mdb.mdb_tools.mdb_tools - ERROR - Node needs a handle attribute
2024-12-31 13:52:16,498 - bento_meta.mdb.mdb_tools.mdb_tools - ERROR - Node needs a handle attribute
2024-12-31 13:52:16,498 - bento_meta.mdb.mdb_tools.mdb_tools - ERROR - Node needs a handle attribute
2025-01-21 21:19:03,523 - root - INFO - Merging new node node with properties: {'handle': 'node_1', 'model': 'test_model', 'nanoid': 'nnano1'} into the MDB
2025-01-21 21:19:03,746 - root - INFO - Merging new node node with properties: {'handle': 'node_2', 'model': 'test_model', 'nanoid': 'nnano2'} into the MDB
2025-01-21 21:19:03,842 - root - INFO - Merging new relationship node with properties: {'handle': 'edge_1', 'model': 'test_model', 'nanoid': 'enano1'} into the MDB
2025-01-21 21:19:04,106 - root - INFO - Merging new property node with properties: {'handle': 'prop_1', 'model': 'test_model', 'nanoid': 'pnano1'} into the MDB
2025-01-21 21:19:04,169 - root - INFO - Merging new property node with properties: {'handle': 'prop_2', 'model': 'test_model', 'nanoid': 'pnano2'} into the MDB
2025-01-21 21:19:04,233 - root - INFO - Merging new value_set node with properties: {'handle': 'valset_1', 'nanoid': 'vnano1'} into the MDB
2025-01-21 21:19:04,302 - root - INFO - Merging new value_set node with properties: {'handle': 'valset_2', 'nanoid': 'vnano2'} into the MDB
2025-01-21 21:19:04,351 - root - INFO - Merging new term node with properties: {'value': 'term_1', 'nanoid': 'tnano1', 'origin_name': 'origin_name_1'} into the MDB
2025-01-21 21:19:04,456 - root - INFO - Merging new term node with properties: {'value': 'term_2', 'nanoid': 'tnano2', 'origin_name': 'origin_name_2'} into the MDB
2025-01-21 21:19:04,616 - root - INFO - Merging new term node with properties: {'value': 'term_3', 'nanoid': 'tnano3', 'origin_name': 'origin_name_3'} into the MDB
2025-01-21 21:19:05,161 - bento_meta.mdb.mdb_tools.mdb_tools - ERROR - Pattern: (n90:node {handle:'node_1',model:'test_model',nanoid:'nnano1'})-[r32:has_property]->(n91:property {handle:'prop_1',model:'test_model',nanoid:'pnano1'}) not found.
2025-01-21 21:19:05,161 - root - INFO - Adding has_property relationship between src node with properties: {'handle': 'node_1', 'model': 'test_model', 'nanoid': 'nnano1'} to dst property with properties: {'handle': 'prop_1', 'model': 'test_model', 'nanoid': 'pnano1'}
2025-01-21 21:19:05,361 - bento_meta.mdb.mdb_tools.mdb_tools - ERROR - Pattern: (n94:property {handle:'prop_1',model:'test_model',nanoid:'pnano1'})-[r33:has_value_set]->(n95:value_set {handle:'valset_1',nanoid:'vnano1'}) not found.
2025-01-21 21:19:05,362 - root - INFO - Adding has_value_set relationship between src property with properties: {'handle': 'prop_1', 'model': 'test_model', 'nanoid': 'pnano1'} to dst value_set with properties: {'handle': 'valset_1', 'nanoid': 'vnano1'}
2025-01-21 21:19:05,493 - bento_meta.mdb.mdb_tools.mdb_tools - ERROR - Pattern: (n98:value_set {handle:'valset_1',nanoid:'vnano1'})-[r34:has_term]->(n99:term {value:'term_1',nanoid:'tnano1',origin_name:'origin_name_1'}) not found.
2025-01-21 21:19:05,494 - root - INFO - Adding has_term relationship between src value_set with properties: {'handle': 'valset_1', 'nanoid': 'vnano1'} to dst term with properties: {'value': 'term_1', 'nanoid': 'tnano1', 'origin_name': 'origin_name_1'}
2025-01-21 21:19:05,929 - root - DEBUG - qry='MATCH (n103:term {value:$p177,nanoid:$p178,origin_name:$p179})-[r38:represents]->(n104:concept)-[r39:has_tag]->(n105:tag {key:$p180,value:$p181}) RETURN n104.nanoid AS concept_nanoids'; parms={'p180': 'mapping_source', 'p181': 'map_src_1', 'p177': 'term_1', 'p178': 'tnano1', 'p179': 'origin_name_1'}
2025-01-21 21:19:06,005 - root - DEBUG - qry='MATCH (n107:term {value:$p185,nanoid:$p186,origin_name:$p187})-[r40:represents]->(n108:concept)-[r41:has_tag]->(n109:tag {key:$p188,value:$p189}) RETURN n108.nanoid AS concept_nanoids'; parms={'p188': 'mapping_source', 'p189': 'map_src_1', 'p185': 'term_2', 'p186': 'tnano2', 'p187': 'origin_name_2'}
2025-01-21 21:19:06,035 - root - INFO - Merging new concept node with properties: {'nanoid': 'wWR85Y'} into the MDB
2025-01-21 21:19:06,085 - root - INFO - Merging new tag node with properties: {'key': 'mapping_source', 'value': 'map_src_1', 'nanoid': 'Ax82pU'} into the MDB
2025-01-21 21:19:06,170 - bento_meta.mdb.mdb_tools.mdb_tools - ERROR - Pattern: (n115:concept {nanoid:'wWR85Y'})-[r42:has_tag]->(n116:tag {key:'mapping_source',value:'map_src_1',nanoid:'Ax82pU'}) not found.
2025-01-21 21:19:06,171 - root - INFO - Adding has_tag relationship between src concept with properties: {'nanoid': 'wWR85Y'} to dst tag with properties: {'key': 'mapping_source', 'value': 'map_src_1', 'nanoid': 'Ax82pU'}
2025-01-21 21:19:06,295 - bento_meta.mdb.mdb_tools.mdb_tools - ERROR - Pattern: (n119:term {value:'term_1',nanoid:'tnano1',origin_name:'origin_name_1'})-[r43:represents]->(n120:concept {nanoid:'wWR85Y'}) not found.
2025-01-21 21:19:06,295 - root - INFO - Adding represents relationship between src term with properties: {'value': 'term_1', 'nanoid': 'tnano1', 'origin_name': 'origin_name_1'} to dst concept with properties: {'nanoid': 'wWR85Y'}
2025-01-21 21:19:06,463 - bento_meta.mdb.mdb_tools.mdb_tools - ERROR - Pattern: (n123:term {value:'term_2',nanoid:'tnano2',origin_name:'origin_name_2'})-[r44:represents]->(n124:concept {nanoid:'wWR85Y'}) not found.
2025-01-21 21:19:06,464 - root - INFO - Adding represents relationship between src term with properties: {'value': 'term_2', 'nanoid': 'tnano2', 'origin_name': 'origin_name_2'} to dst concept with properties: {'nanoid': 'wWR85Y'}
2025-01-21 21:19:06,552 - root - DEBUG - qry='MATCH (n128:node {handle:$p231,model:$p232,nanoid:$p233})-[r45:has_concept]->(n129:concept)-[r46:has_tag]->(n130:tag {key:$p234,value:$p235}) RETURN n129.nanoid AS concept_nanoids'; parms={'p231': 'node_1', 'p232': 'test_model', 'p233': 'nnano1', 'p234': 'mapping_source', 'p235': 'map_src_1'}
2025-01-21 21:19:06,606 - root - DEBUG - qry='MATCH (n132:term {value:$p239,nanoid:$p240,origin_name:$p241})-[r47:represents]->(n133:concept)-[r48:has_tag]->(n134:tag {key:$p242,value:$p243}) RETURN n133.nanoid AS concept_nanoids'; parms={'p239': 'term_1', 'p240': 'tnano1', 'p241': 'origin_name_1', 'p242': 'mapping_source', 'p243': 'map_src_1'}
2025-01-21 21:19:06,644 - root - INFO - Using existing concept with nanoid wWR85Y
2025-01-21 21:19:06,694 - bento_meta.mdb.mdb_tools.mdb_tools - ERROR - Pattern: (n137:node {handle:'node_1',model:'test_model',nanoid:'nnano1'})-[r49:has_concept]->(n138:concept {nanoid:'wWR85Y'}) not found.
2025-01-21 21:19:06,695 - root - INFO - Adding has_concept relationship between src node with properties: {'handle': 'node_1', 'model': 'test_model', 'nanoid': 'nnano1'} to dst concept with properties: {'nanoid': 'wWR85Y'}
2025-01-21 21:19:06,791 - root - INFO - Adding represents relationship between src term with properties: {'value': 'term_1', 'nanoid': 'tnano1', 'origin_name': 'origin_name_1'} to dst concept with properties: {'nanoid': 'wWR85Y'}
2025-01-21 21:19:06,842 - root - DEBUG - qry='MATCH (n144:term {value:$p264,nanoid:$p265,origin_name:$p266})-[r51:represents]->(n145:concept)-[r52:has_tag]->(n146:tag {key:$p267,value:$p268}) RETURN n145.nanoid AS concept_nanoids'; parms={'p267': 'mapping_source', 'p268': 'map_src_1', 'p264': 'term_1', 'p265': 'tnano1', 'p266': 'origin_name_1'}
2025-01-21 21:19:07,553 - root - DEBUG - qry='MATCH (n152:term {value:$p281,nanoid:$p282,origin_name:$p283})-[r57:represents]->(n153:concept)-[r58:has_tag]->(n154:tag {key:$p284,value:$p285}) RETURN n153.nanoid AS concept_nanoids'; parms={'p281': 'term_2', 'p282': 'tnano2', 'p283': 'origin_name_2', 'p284': 'mapping_source', 'p285': 'map_src_2'}
2025-01-21 21:19:07,625 - root - DEBUG - qry='MATCH (n156:term {value:$p289,nanoid:$p290,origin_name:$p291})-[r59:represents]->(n157:concept)-[r60:has_tag]->(n158:tag {key:$p292,value:$p293}) RETURN n157.nanoid AS concept_nanoids'; parms={'p289': 'term_3', 'p290': 'tnano3', 'p291': 'origin_name_3', 'p292': 'mapping_source', 'p293': 'map_src_2'}
2025-01-21 21:19:07,652 - root - INFO - Merging new concept node with properties: {'nanoid': '0jey27'} into the MDB
2025-01-21 21:19:07,715 - root - INFO - Merging new tag node with properties: {'key': 'mapping_source', 'value': 'map_src_2', 'nanoid': 'z1VAxr'} into the MDB
2025-01-21 21:19:07,787 - bento_meta.mdb.mdb_tools.mdb_tools - ERROR - Pattern: (n164:concept {nanoid:'0jey27'})-[r61:has_tag]->(n165:tag {key:'mapping_source',value:'map_src_2',nanoid:'z1VAxr'}) not found.
2025-01-21 21:19:07,788 - root - INFO - Adding has_tag relationship between src concept with properties: {'nanoid': '0jey27'} to dst tag with properties: {'key': 'mapping_source', 'value': 'map_src_2', 'nanoid': 'z1VAxr'}
2025-01-21 21:19:07,898 - bento_meta.mdb.mdb_tools.mdb_tools - ERROR - Pattern: (n168:term {value:'term_2',nanoid:'tnano2',origin_name:'origin_name_2'})-[r62:represents]->(n169:concept {nanoid:'0jey27'}) not found.
2025-01-21 21:19:07,898 - root - INFO - Adding represents relationship between src term with properties: {'value': 'term_2', 'nanoid': 'tnano2', 'origin_name': 'origin_name_2'} to dst concept with properties: {'nanoid': '0jey27'}
2025-01-21 21:19:08,202 - bento_meta.mdb.mdb_tools.mdb_tools - ERROR - Pattern: (n172:term {value:'term_3',nanoid:'tnano3',origin_name:'origin_name_3'})-[r63:represents]->(n173:concept {nanoid:'0jey27'}) not found.
2025-01-21 21:19:08,202 - root - INFO - Adding represents relationship between src term with properties: {'value': 'term_3', 'nanoid': 'tnano3', 'origin_name': 'origin_name_3'} to dst concept with properties: {'nanoid': '0jey27'}
2025-01-21 21:19:08,264 - root - DEBUG - qry='MATCH (n175:term {value:$p329,nanoid:$p330,origin_name:$p331})-[r64:represents]->(n176:concept) RETURN n176.nanoid AS concept_nanoids'; parms={'p329': 'term_2', 'p330': 'tnano2', 'p331': 'origin_name_2'}
2025-01-21 21:19:08,303 - root - DEBUG - qry='MATCH (n178:term {value:$p335,nanoid:$p336,origin_name:$p337})-[r65:represents]->(n179:concept)-[r66:has_tag]->(n180:tag {key:$p338,value:$p339}) RETURN n179.nanoid AS concept_nanoids'; parms={'p335': 'term_2', 'p336': 'tnano2', 'p337': 'origin_name_2', 'p338': 'mapping_source', 'p339': 'map_src_1'}
2025-01-21 21:19:08,356 - root - DEBUG - qry='MATCH (n182:term {value:$p343,nanoid:$p344,origin_name:$p345})-[r67:represents]->(n183:concept)-[r68:has_tag]->(n184:tag {key:$p346,value:$p347}) RETURN n183.nanoid AS concept_nanoids'; parms={'p343': 'term_2', 'p344': 'tnano2', 'p345': 'origin_name_2', 'p346': 'mapping_source', 'p347': 'map_src_2'}
2025-01-21 21:19:08,392 - bento_meta.mdb.mdb_tools.mdb_tools - ERROR - Node needs a handle attribute
2025-01-21 21:19:08,394 - bento_meta.mdb.mdb_tools.mdb_tools - ERROR - Node needs a handle attribute
2025-01-21 21:19:08,394 - bento_meta.mdb.mdb_tools.mdb_tools - ERROR - Node needs a handle attribute
