\BOOKMARK [0][-]{chapter.1}{\376\377\0001\000\040\000V\000e\000r\000z\000e\000i\000c\000h\000n\000i\000s\000\040\000d\000e\000r\000\040\000N\000a\000m\000e\000n\000s\000b\000e\000r\000e\000i\000c\000h\000e}{}% 1
\BOOKMARK [1][-]{section.1.1}{\376\377\0001\000.\0001\000\040\000P\000a\000k\000e\000t\000e}{chapter.1}% 2
\BOOKMARK [0][-]{chapter.2}{\376\377\0002\000\040\000H\000i\000e\000r\000a\000r\000c\000h\000i\000e\000-\000V\000e\000r\000z\000e\000i\000c\000h\000n\000i\000s}{}% 3
\BOOKMARK [1][-]{section.2.1}{\376\377\0002\000.\0001\000\040\000K\000l\000a\000s\000s\000e\000n\000h\000i\000e\000r\000a\000r\000c\000h\000i\000e}{chapter.2}% 4
\BOOKMARK [0][-]{chapter.3}{\376\377\0003\000\040\000K\000l\000a\000s\000s\000e\000n\000-\000V\000e\000r\000z\000e\000i\000c\000h\000n\000i\000s}{}% 5
\BOOKMARK [1][-]{section.3.1}{\376\377\0003\000.\0001\000\040\000A\000u\000f\000l\000i\000s\000t\000u\000n\000g\000\040\000d\000e\000r\000\040\000K\000l\000a\000s\000s\000e\000n}{chapter.3}% 6
\BOOKMARK [0][-]{chapter.4}{\376\377\0004\000\040\000D\000o\000k\000u\000m\000e\000n\000t\000a\000t\000i\000o\000n\000\040\000d\000e\000r\000\040\000N\000a\000m\000e\000n\000s\000b\000e\000r\000e\000i\000c\000h\000e}{}% 7
\BOOKMARK [1][-]{section.4.1}{\376\377\0004\000.\0001\000\040\000G\000e\000m\000e\000i\000n\000d\000e\000-\000N\000a\000m\000e\000n\000s\000b\000e\000r\000e\000i\000c\000h\000s\000r\000e\000f\000e\000r\000e\000n\000z}{chapter.4}% 8
\BOOKMARK [2][-]{subsection.4.1.1}{\376\377\0004\000.\0001\000.\0001\000\040\000A\000u\000s\000f\000\374\000h\000r\000l\000i\000c\000h\000e\000\040\000B\000e\000s\000c\000h\000r\000e\000i\000b\000u\000n\000g}{section.4.1}% 9
\BOOKMARK [2][-]{subsection.4.1.2}{\376\377\0004\000.\0001\000.\0002\000\040\000V\000a\000r\000i\000a\000b\000l\000e\000n\000-\000D\000o\000k\000u\000m\000e\000n\000t\000a\000t\000i\000o\000n}{section.4.1}% 10
\BOOKMARK [3][-]{subsubsection.4.1.2.1}{\376\377\0004\000.\0001\000.\0002\000.\0001\000\040\000M\000A\000I\000L\000\137\000W\000I\000T\000H\000\137\000B\000C\000C\000\137\000M\000E\000S\000S\000A\000G\000E}{subsection.4.1.2}% 11
\BOOKMARK [0][-]{chapter.5}{\376\377\0005\000\040\000K\000l\000a\000s\000s\000e\000n\000-\000D\000o\000k\000u\000m\000e\000n\000t\000a\000t\000i\000o\000n}{}% 12
\BOOKMARK [1][-]{section.5.1}{\376\377\0005\000.\0001\000\040\000G\000e\000m\000e\000i\000n\000d\000e\000\137\000M\000o\000d\000e\000l\000l\000e\000.\000A\000n\000r\000e\000d\000e\000\040\000K\000l\000a\000s\000s\000e\000n\000r\000e\000f\000e\000r\000e\000n\000z}{chapter.5}% 13
\BOOKMARK [1][-]{section.5.2}{\376\377\0005\000.\0002\000\040\000G\000e\000m\000e\000i\000n\000d\000e\000\137\000M\000o\000d\000e\000l\000l\000e\000.\000F\000a\000m\000i\000l\000i\000e\000\040\000K\000l\000a\000s\000s\000e\000n\000r\000e\000f\000e\000r\000e\000n\000z}{chapter.5}% 14
\BOOKMARK [1][-]{section.5.3}{\376\377\0005\000.\0003\000\040\000G\000e\000m\000e\000i\000n\000d\000e\000\137\000M\000o\000d\000e\000l\000l\000e\000.\000F\000a\000m\000i\000l\000i\000e\000G\000r\000u\000p\000p\000e\000\040\000K\000l\000a\000s\000s\000e\000n\000r\000e\000f\000e\000r\000e\000n\000z}{chapter.5}% 15
\BOOKMARK [1][-]{section.5.4}{\376\377\0005\000.\0004\000\040\000G\000e\000m\000e\000i\000n\000d\000e\000\137\000M\000o\000d\000e\000l\000l\000e\000.\000F\000a\000m\000i\000l\000i\000e\000G\000r\000u\000p\000p\000e\000S\000c\000h\000l\000a\000n\000k\000\040\000K\000l\000a\000s\000s\000e\000n\000r\000e\000f\000e\000r\000e\000n\000z}{chapter.5}% 16
\BOOKMARK [1][-]{section.5.5}{\376\377\0005\000.\0005\000\040\000G\000e\000m\000e\000i\000n\000d\000e\000\137\000M\000o\000d\000e\000l\000l\000e\000.\000F\000a\000m\000i\000l\000i\000e\000V\000e\000r\000s\000a\000n\000d\000a\000r\000t\000\040\000K\000l\000a\000s\000s\000e\000n\000r\000e\000f\000e\000r\000e\000n\000z}{chapter.5}% 17
\BOOKMARK [1][-]{section.5.6}{\376\377\0005\000.\0006\000\040\000G\000e\000m\000e\000i\000n\000d\000e\000\137\000M\000o\000d\000e\000l\000l\000e\000.\000F\000a\000m\000i\000l\000i\000e\000V\000e\000r\000s\000a\000n\000d\000a\000r\000t\000S\000c\000h\000l\000a\000n\000k\000\040\000K\000l\000a\000s\000s\000e\000n\000r\000e\000f\000e\000r\000e\000n\000z}{chapter.5}% 18
\BOOKMARK [1][-]{section.5.7}{\376\377\0005\000.\0007\000\040\000G\000e\000m\000e\000i\000n\000d\000e\000\137\000M\000o\000d\000e\000l\000l\000e\000.\000F\000a\000r\000b\000e\000\040\000K\000l\000a\000s\000s\000e\000n\000r\000e\000f\000e\000r\000e\000n\000z}{chapter.5}% 19
\BOOKMARK [1][-]{section.5.8}{\376\377\0005\000.\0008\000\040\000G\000e\000m\000e\000i\000n\000d\000e\000\137\000M\000o\000d\000e\000l\000l\000e\000.\000G\000e\000m\000e\000i\000n\000d\000e\000\040\000K\000l\000a\000s\000s\000e\000n\000r\000e\000f\000e\000r\000e\000n\000z}{chapter.5}% 20
\BOOKMARK [1][-]{section.5.9}{\376\377\0005\000.\0009\000\040\000G\000e\000m\000e\000i\000n\000d\000e\000\137\000M\000o\000d\000e\000l\000l\000e\000.\000G\000r\000u\000p\000p\000e\000\040\000K\000l\000a\000s\000s\000e\000n\000r\000e\000f\000e\000r\000e\000n\000z}{chapter.5}% 21
\BOOKMARK [1][-]{section.5.10}{\376\377\0005\000.\0001\0000\000\040\000G\000e\000m\000e\000i\000n\000d\000e\000\137\000M\000o\000d\000e\000l\000l\000e\000.\000G\000r\000u\000p\000p\000e\000A\000n\000s\000p\000r\000e\000c\000h\000p\000a\000r\000t\000n\000e\000r\000\040\000K\000l\000a\000s\000s\000e\000n\000r\000e\000f\000e\000r\000e\000n\000z}{chapter.5}% 22
\BOOKMARK [1][-]{section.5.11}{\376\377\0005\000.\0001\0001\000\040\000G\000e\000m\000e\000i\000n\000d\000e\000\137\000M\000o\000d\000e\000l\000l\000e\000.\000J\000o\000b\000s\000\040\000K\000l\000a\000s\000s\000e\000n\000r\000e\000f\000e\000r\000e\000n\000z}{chapter.5}% 23
\BOOKMARK [2][-]{subsection.5.11.1}{\376\377\0005\000.\0001\0001\000.\0001\000\040\000A\000u\000s\000f\000\374\000h\000r\000l\000i\000c\000h\000e\000\040\000B\000e\000s\000c\000h\000r\000e\000i\000b\000u\000n\000g}{section.5.11}% 24
\BOOKMARK [1][-]{section.5.12}{\376\377\0005\000.\0001\0002\000\040\000G\000e\000m\000e\000i\000n\000d\000e\000\137\000M\000o\000d\000e\000l\000l\000e\000.\000J\000o\000b\000s\000S\000c\000h\000l\000a\000n\000k\000\040\000K\000l\000a\000s\000s\000e\000n\000r\000e\000f\000e\000r\000e\000n\000z}{chapter.5}% 25
\BOOKMARK [1][-]{section.5.13}{\376\377\0005\000.\0001\0003\000\040\000G\000e\000m\000e\000i\000n\000d\000e\000.\000L\000o\000g\000i\000n\000\040\000K\000l\000a\000s\000s\000e\000n\000r\000e\000f\000e\000r\000e\000n\000z}{chapter.5}% 26
\BOOKMARK [2][-]{subsection.5.13.1}{\376\377\0005\000.\0001\0003\000.\0001\000\040\000A\000u\000s\000f\000\374\000h\000r\000l\000i\000c\000h\000e\000\040\000B\000e\000s\000c\000h\000r\000e\000i\000b\000u\000n\000g}{section.5.13}% 27
\BOOKMARK [2][-]{subsection.5.13.2}{\376\377\0005\000.\0001\0003\000.\0002\000\040\000D\000o\000k\000u\000m\000e\000n\000t\000a\000t\000i\000o\000n\000\040\000d\000e\000r\000\040\000E\000l\000e\000m\000e\000n\000t\000f\000u\000n\000k\000t\000i\000o\000n\000e\000n}{section.5.13}% 28
\BOOKMARK [3][-]{subsubsection.5.13.2.1}{\376\377\0005\000.\0001\0003\000.\0002\000.\0001\000\040\000a\000c\000t\000i\000v\000a\000t\000e\000G\000e\000m\000e\000i\000n\000d\000e\000\050\000\051}{subsection.5.13.2}% 29
\BOOKMARK [3][-]{subsubsection.5.13.2.2}{\376\377\0005\000.\0001\0003\000.\0002\000.\0002\000\040\000a\000c\000t\000i\000v\000a\000t\000e\000L\000o\000g\000i\000n\000\050\000\051}{subsection.5.13.2}% 30
\BOOKMARK [1][-]{section.5.14}{\376\377\0005\000.\0001\0004\000\040\000G\000e\000m\000e\000i\000n\000d\000e\000.\000M\000a\000i\000n\000\040\000K\000l\000a\000s\000s\000e\000n\000r\000e\000f\000e\000r\000e\000n\000z}{chapter.5}% 31
\BOOKMARK [2][-]{subsection.5.14.1}{\376\377\0005\000.\0001\0004\000.\0001\000\040\000D\000o\000k\000u\000m\000e\000n\000t\000a\000t\000i\000o\000n\000\040\000d\000e\000r\000\040\000E\000l\000e\000m\000e\000n\000t\000f\000u\000n\000k\000t\000i\000o\000n\000e\000n}{section.5.14}% 32
\BOOKMARK [3][-]{subsubsection.5.14.1.1}{\376\377\0005\000.\0001\0004\000.\0001\000.\0001\000\040\000h\000a\000n\000d\000l\000e\000M\000n\000u\000L\000o\000g\000i\000n\000\050\000\051}{subsection.5.14.1}% 33
\BOOKMARK [3][-]{subsubsection.5.14.1.2}{\376\377\0005\000.\0001\0004\000.\0001\000.\0002\000\040\000h\000a\000n\000d\000l\000e\000M\000n\000u\000L\000o\000g\000o\000u\000t\000\050\000\051}{subsection.5.14.1}% 34
\BOOKMARK [3][-]{subsubsection.5.14.1.3}{\376\377\0005\000.\0001\0004\000.\0001\000.\0003\000\040\000h\000a\000n\000d\000l\000e\000Q\000u\000i\000t\000\050\000\051}{subsection.5.14.1}% 35
\BOOKMARK [3][-]{subsubsection.5.14.1.4}{\376\377\0005\000.\0001\0004\000.\0001\000.\0004\000\040\000l\000o\000g\000i\000n\000A\000n\000d\000S\000e\000l\000e\000c\000t\000G\000e\000m\000e\000i\000n\000d\000e\000\050\000\051}{subsection.5.14.1}% 36
\BOOKMARK [1][-]{section.5.15}{\376\377\0005\000.\0001\0005\000\040\000G\000e\000m\000e\000i\000n\000d\000e\000\137\000M\000o\000d\000e\000l\000l\000e\000.\000P\000e\000r\000s\000o\000n\000\040\000K\000l\000a\000s\000s\000e\000n\000r\000e\000f\000e\000r\000e\000n\000z}{chapter.5}% 37
\BOOKMARK [1][-]{section.5.16}{\376\377\0005\000.\0001\0006\000\040\000G\000e\000m\000e\000i\000n\000d\000e\000\137\000M\000o\000d\000e\000l\000l\000e\000.\000P\000e\000r\000s\000o\000n\000G\000r\000u\000p\000p\000e\000\040\000K\000l\000a\000s\000s\000e\000n\000r\000e\000f\000e\000r\000e\000n\000z}{chapter.5}% 38
\BOOKMARK [1][-]{section.5.17}{\376\377\0005\000.\0001\0007\000\040\000G\000e\000m\000e\000i\000n\000d\000e\000\137\000M\000o\000d\000e\000l\000l\000e\000.\000P\000e\000r\000s\000o\000n\000G\000r\000u\000p\000p\000e\000S\000c\000h\000l\000a\000n\000k\000\040\000K\000l\000a\000s\000s\000e\000n\000r\000e\000f\000e\000r\000e\000n\000z}{chapter.5}% 39
\BOOKMARK [1][-]{section.5.18}{\376\377\0005\000.\0001\0008\000\040\000G\000e\000m\000e\000i\000n\000d\000e\000\137\000M\000o\000d\000e\000l\000l\000e\000.\000P\000e\000r\000s\000o\000n\000S\000c\000h\000l\000a\000n\000k\000\040\000K\000l\000a\000s\000s\000e\000n\000r\000e\000f\000e\000r\000e\000n\000z}{chapter.5}% 40
\BOOKMARK [1][-]{section.5.19}{\376\377\0005\000.\0001\0009\000\040\000G\000e\000m\000e\000i\000n\000d\000e\000\137\000M\000o\000d\000e\000l\000l\000e\000.\000P\000e\000r\000s\000o\000n\000V\000e\000r\000s\000a\000n\000d\000a\000r\000t\000\040\000K\000l\000a\000s\000s\000e\000n\000r\000e\000f\000e\000r\000e\000n\000z}{chapter.5}% 41
\BOOKMARK [1][-]{section.5.20}{\376\377\0005\000.\0002\0000\000\040\000G\000e\000m\000e\000i\000n\000d\000e\000\137\000M\000o\000d\000e\000l\000l\000e\000.\000P\000e\000r\000s\000o\000n\000V\000e\000r\000s\000a\000n\000d\000a\000r\000t\000S\000c\000h\000l\000a\000n\000k\000\040\000K\000l\000a\000s\000s\000e\000n\000r\000e\000f\000e\000r\000e\000n\000z}{chapter.5}% 42
\BOOKMARK [1][-]{section.5.21}{\376\377\0005\000.\0002\0001\000\040\000G\000e\000m\000e\000i\000n\000d\000e\000\137\000M\000o\000d\000e\000l\000l\000e\000.\000V\000e\000r\000s\000a\000n\000d\000a\000r\000t\000\040\000K\000l\000a\000s\000s\000e\000n\000r\000e\000f\000e\000r\000e\000n\000z}{chapter.5}% 43
