fwdi.Utilites.jwt_tools:[{'username': 'admin', 'hashed_password': '$2b$12$Ws/iB/wExmsCLBGXG.h0Z.r1wPezjGDkksT/2fAL817B0nd2CBTgy', 'email': 'admin@admin.ru'}]:admin
2024-12-28 16:18:11,167 | DEBUG | 140524931319360 | fwdi.Utilites.jwt_tools:[{'username': 'admin', 'hashed_password': '$2b$12$Ws/iB/wExmsCLBGXG.h0Z.r1wPezjGDkksT/2fAL817B0nd2CBTgy', 'email': 'admin@admin.ru'}]:admin
{'username': 'admin', 'hashed_password': '$2b$12$Ws/iB/wExmsCLBGXG.h0Z.r1wPezjGDkksT/2fAL817B0nd2CBTgy', 'email': 'admin@admin.ru'}
2024-12-28 16:18:11,167 | DEBUG | 140524931319360 | {'username': 'admin', 'hashed_password': '$2b$12$Ws/iB/wExmsCLBGXG.h0Z.r1wPezjGDkksT/2fAL817B0nd2CBTgy', 'email': 'admin@admin.ru'}
fwdi.Utilites.jwt_tools:admin
2024-12-28 16:18:11,167 | DEBUG | 140524931319360 | fwdi.Utilites.jwt_tools:admin
fwdi.Utilites.jwt_tools:{'sub': 'admin', 'email': 'admin@admin.ru', 'scopes': ['admin', 'upload']}:<fwdi.Application.Configs.service_congif.ServiceConfig object at 0x7fce81fe43d0>
2024-12-28 16:18:11,347 | DEBUG | 140524931319360 | fwdi.Utilites.jwt_tools:{'sub': 'admin', 'email': 'admin@admin.ru', 'scopes': ['admin', 'upload']}:<fwdi.Application.Configs.service_congif.ServiceConfig object at 0x7fce81fe43d0>
fwdi.Utilites.jwt_tools:eyJhbGciOiJIUzI1NiIsInR5cCI6IkpXVCJ9.eyJzdWIiOiJhZG1pbiIsImVtYWlsIjoiYWRtaW5AYWRtaW4ucnUiLCJzY29wZXMiOlsiYWRtaW4iLCJ1cGxvYWQiXSwiZXhwIjoxNzM1OTY2NjkxfQ.IFjh3ERBZvVrC2iKskz48Hau3xKVPPtygnVmcHxrUTM
2024-12-28 16:18:11,348 | DEBUG | 140524931319360 | fwdi.Utilites.jwt_tools:eyJhbGciOiJIUzI1NiIsInR5cCI6IkpXVCJ9.eyJzdWIiOiJhZG1pbiIsImVtYWlsIjoiYWRtaW5AYWRtaW4ucnUiLCJzY29wZXMiOlsiYWRtaW4iLCJ1cGxvYWQiXSwiZXhwIjoxNzM1OTY2NjkxfQ.IFjh3ERBZvVrC2iKskz48Hau3xKVPPtygnVmcHxrUTM
fwdi.Utilites.jwt_tools:eyJhbGciOiJIUzI1NiIsInR5cCI6IkpXVCJ9.eyJzdWIiOiJhZG1pbiIsImVtYWlsIjoiYWRtaW5AYWRtaW4ucnUiLCJzY29wZXMiOlsiYWRtaW4iLCJ1cGxvYWQiXSwiZXhwIjoxNzM1OTY2NjkxfQ.IFjh3ERBZvVrC2iKskz48Hau3xKVPPtygnVmcHxrUTM:<fwdi.Application.Configs.service_congif.ServiceConfig object at 0x7fce81fe43d0>
2024-12-28 16:18:55,714 | DEBUG | 140524931319360 | fwdi.Utilites.jwt_tools:eyJhbGciOiJIUzI1NiIsInR5cCI6IkpXVCJ9.eyJzdWIiOiJhZG1pbiIsImVtYWlsIjoiYWRtaW5AYWRtaW4ucnUiLCJzY29wZXMiOlsiYWRtaW4iLCJ1cGxvYWQiXSwiZXhwIjoxNzM1OTY2NjkxfQ.IFjh3ERBZvVrC2iKskz48Hau3xKVPPtygnVmcHxrUTM:<fwdi.Application.Configs.service_congif.ServiceConfig object at 0x7fce81fe43d0>
fwdi.Utilites.jwt_tools:<Model: User>:admin@admin.ru
2024-12-28 16:18:55,715 | DEBUG | 140524931319360 | fwdi.Utilites.jwt_tools:<Model: User>:admin@admin.ru
fwdi.Utilites.jwt_tools:eyJhbGciOiJIUzI1NiIsInR5cCI6IkpXVCJ9.eyJzdWIiOiJhZG1pbiIsImVtYWlsIjoiYWRtaW5AYWRtaW4ucnUiLCJzY29wZXMiOlsiYWRtaW4iLCJ1cGxvYWQiXSwiZXhwIjoxNzM1OTY2NjkxfQ.IFjh3ERBZvVrC2iKskz48Hau3xKVPPtygnVmcHxrUTM:<fwdi.Application.Configs.service_congif.ServiceConfig object at 0x7fce81fe43d0>
2024-12-28 16:19:25,346 | DEBUG | 140524931319360 | fwdi.Utilites.jwt_tools:eyJhbGciOiJIUzI1NiIsInR5cCI6IkpXVCJ9.eyJzdWIiOiJhZG1pbiIsImVtYWlsIjoiYWRtaW5AYWRtaW4ucnUiLCJzY29wZXMiOlsiYWRtaW4iLCJ1cGxvYWQiXSwiZXhwIjoxNzM1OTY2NjkxfQ.IFjh3ERBZvVrC2iKskz48Hau3xKVPPtygnVmcHxrUTM:<fwdi.Application.Configs.service_congif.ServiceConfig object at 0x7fce81fe43d0>
fwdi.Utilites.jwt_tools:<Model: User>:admin@admin.ru
2024-12-28 16:19:25,346 | DEBUG | 140524931319360 | fwdi.Utilites.jwt_tools:<Model: User>:admin@admin.ru
fwdi.Utilites.jwt_tools:eyJhbGciOiJIUzI1NiIsInR5cCI6IkpXVCJ9.eyJzdWIiOiJhZG1pbiIsImVtYWlsIjoiYWRtaW5AYWRtaW4ucnUiLCJzY29wZXMiOlsiYWRtaW4iLCJ1cGxvYWQiXSwiZXhwIjoxNzM1OTY2NjkxfQ.IFjh3ERBZvVrC2iKskz48Hau3xKVPPtygnVmcHxrUTM:<fwdi.Application.Configs.service_congif.ServiceConfig object at 0x7f7e22a94b20>
2024-12-28 16:26:52,899 | DEBUG | 140179734111808 | fwdi.Utilites.jwt_tools:eyJhbGciOiJIUzI1NiIsInR5cCI6IkpXVCJ9.eyJzdWIiOiJhZG1pbiIsImVtYWlsIjoiYWRtaW5AYWRtaW4ucnUiLCJzY29wZXMiOlsiYWRtaW4iLCJ1cGxvYWQiXSwiZXhwIjoxNzM1OTY2NjkxfQ.IFjh3ERBZvVrC2iKskz48Hau3xKVPPtygnVmcHxrUTM:<fwdi.Application.Configs.service_congif.ServiceConfig object at 0x7f7e22a94b20>
fwdi.Utilites.jwt_tools:<Model: User>:admin@admin.ru
2024-12-28 16:26:52,900 | DEBUG | 140179734111808 | fwdi.Utilites.jwt_tools:<Model: User>:admin@admin.ru
fwdi.Utilites.jwt_tools:eyJhbGciOiJIUzI1NiIsInR5cCI6IkpXVCJ9.eyJzdWIiOiJhZG1pbiIsImVtYWlsIjoiYWRtaW5AYWRtaW4ucnUiLCJzY29wZXMiOlsiYWRtaW4iLCJ1cGxvYWQiXSwiZXhwIjoxNzM1OTY2NjkxfQ.IFjh3ERBZvVrC2iKskz48Hau3xKVPPtygnVmcHxrUTM:<fwdi.Application.Configs.service_congif.ServiceConfig object at 0x7f21863e8ca0>
2024-12-28 16:28:06,988 | DEBUG | 139781973165632 | fwdi.Utilites.jwt_tools:eyJhbGciOiJIUzI1NiIsInR5cCI6IkpXVCJ9.eyJzdWIiOiJhZG1pbiIsImVtYWlsIjoiYWRtaW5AYWRtaW4ucnUiLCJzY29wZXMiOlsiYWRtaW4iLCJ1cGxvYWQiXSwiZXhwIjoxNzM1OTY2NjkxfQ.IFjh3ERBZvVrC2iKskz48Hau3xKVPPtygnVmcHxrUTM:<fwdi.Application.Configs.service_congif.ServiceConfig object at 0x7f21863e8ca0>
fwdi.Utilites.jwt_tools:<Model: User>:admin@admin.ru
2024-12-28 16:28:06,989 | DEBUG | 139781973165632 | fwdi.Utilites.jwt_tools:<Model: User>:admin@admin.ru
fwdi.Utilites.jwt_tools:eyJhbGciOiJIUzI1NiIsInR5cCI6IkpXVCJ9.eyJzdWIiOiJhZG1pbiIsImVtYWlsIjoiYWRtaW5AYWRtaW4ucnUiLCJzY29wZXMiOlsiYWRtaW4iLCJ1cGxvYWQiXSwiZXhwIjoxNzM1OTY2NjkxfQ.IFjh3ERBZvVrC2iKskz48Hau3xKVPPtygnVmcHxrUTM:<fwdi.Application.Configs.service_congif.ServiceConfig object at 0x7f39ba011000>
2024-12-28 16:30:47,064 | DEBUG | 139885919155776 | fwdi.Utilites.jwt_tools:eyJhbGciOiJIUzI1NiIsInR5cCI6IkpXVCJ9.eyJzdWIiOiJhZG1pbiIsImVtYWlsIjoiYWRtaW5AYWRtaW4ucnUiLCJzY29wZXMiOlsiYWRtaW4iLCJ1cGxvYWQiXSwiZXhwIjoxNzM1OTY2NjkxfQ.IFjh3ERBZvVrC2iKskz48Hau3xKVPPtygnVmcHxrUTM:<fwdi.Application.Configs.service_congif.ServiceConfig object at 0x7f39ba011000>
fwdi.Utilites.jwt_tools:<Model: User>:admin@admin.ru
2024-12-28 16:30:47,066 | DEBUG | 139885919155776 | fwdi.Utilites.jwt_tools:<Model: User>:admin@admin.ru
fwdi.Utilites.jwt_tools:eyJhbGciOiJIUzI1NiIsInR5cCI6IkpXVCJ9.eyJzdWIiOiJhZG1pbiIsImVtYWlsIjoiYWRtaW5AYWRtaW4ucnUiLCJzY29wZXMiOlsiYWRtaW4iLCJ1cGxvYWQiXSwiZXhwIjoxNzM1OTY2NjkxfQ.IFjh3ERBZvVrC2iKskz48Hau3xKVPPtygnVmcHxrUTM:<fwdi.Application.Configs.service_congif.ServiceConfig object at 0x7f7bc0b9b820>
2024-12-28 16:33:15,659 | DEBUG | 140169499706944 | fwdi.Utilites.jwt_tools:eyJhbGciOiJIUzI1NiIsInR5cCI6IkpXVCJ9.eyJzdWIiOiJhZG1pbiIsImVtYWlsIjoiYWRtaW5AYWRtaW4ucnUiLCJzY29wZXMiOlsiYWRtaW4iLCJ1cGxvYWQiXSwiZXhwIjoxNzM1OTY2NjkxfQ.IFjh3ERBZvVrC2iKskz48Hau3xKVPPtygnVmcHxrUTM:<fwdi.Application.Configs.service_congif.ServiceConfig object at 0x7f7bc0b9b820>
fwdi.Utilites.jwt_tools:<Model: User>:admin@admin.ru
2024-12-28 16:33:15,660 | DEBUG | 140169499706944 | fwdi.Utilites.jwt_tools:<Model: User>:admin@admin.ru
fwdi.Utilites.jwt_tools:eyJhbGciOiJIUzI1NiIsInR5cCI6IkpXVCJ9.eyJzdWIiOiJhZG1pbiIsImVtYWlsIjoiYWRtaW5AYWRtaW4ucnUiLCJzY29wZXMiOlsiYWRtaW4iLCJ1cGxvYWQiXSwiZXhwIjoxNzM1OTY2NjkxfQ.IFjh3ERBZvVrC2iKskz48Hau3xKVPPtygnVmcHxrUTM:<fwdi.Application.Configs.service_congif.ServiceConfig object at 0x7f879eb6cd30>
2024-12-28 16:35:03,445 | DEBUG | 140220468622912 | fwdi.Utilites.jwt_tools:eyJhbGciOiJIUzI1NiIsInR5cCI6IkpXVCJ9.eyJzdWIiOiJhZG1pbiIsImVtYWlsIjoiYWRtaW5AYWRtaW4ucnUiLCJzY29wZXMiOlsiYWRtaW4iLCJ1cGxvYWQiXSwiZXhwIjoxNzM1OTY2NjkxfQ.IFjh3ERBZvVrC2iKskz48Hau3xKVPPtygnVmcHxrUTM:<fwdi.Application.Configs.service_congif.ServiceConfig object at 0x7f879eb6cd30>
fwdi.Utilites.jwt_tools:<Model: User>:admin@admin.ru
2024-12-28 16:35:03,446 | DEBUG | 140220468622912 | fwdi.Utilites.jwt_tools:<Model: User>:admin@admin.ru
fwdi.Utilites.jwt_tools:eyJhbGciOiJIUzI1NiIsInR5cCI6IkpXVCJ9.eyJzdWIiOiJhZG1pbiIsImVtYWlsIjoiYWRtaW5AYWRtaW4ucnUiLCJzY29wZXMiOlsiYWRtaW4iLCJ1cGxvYWQiXSwiZXhwIjoxNzM1OTY2NjkxfQ.IFjh3ERBZvVrC2iKskz48Hau3xKVPPtygnVmcHxrUTM:<fwdi.Application.Configs.service_congif.ServiceConfig object at 0x7fc9470b8fd0>
2024-12-28 16:37:29,860 | DEBUG | 140502467094080 | fwdi.Utilites.jwt_tools:eyJhbGciOiJIUzI1NiIsInR5cCI6IkpXVCJ9.eyJzdWIiOiJhZG1pbiIsImVtYWlsIjoiYWRtaW5AYWRtaW4ucnUiLCJzY29wZXMiOlsiYWRtaW4iLCJ1cGxvYWQiXSwiZXhwIjoxNzM1OTY2NjkxfQ.IFjh3ERBZvVrC2iKskz48Hau3xKVPPtygnVmcHxrUTM:<fwdi.Application.Configs.service_congif.ServiceConfig object at 0x7fc9470b8fd0>
fwdi.Utilites.jwt_tools:<Model: User>:admin@admin.ru
2024-12-28 16:37:29,861 | DEBUG | 140502467094080 | fwdi.Utilites.jwt_tools:<Model: User>:admin@admin.ru
fwdi.Utilites.jwt_tools:eyJhbGciOiJIUzI1NiIsInR5cCI6IkpXVCJ9.eyJzdWIiOiJhZG1pbiIsImVtYWlsIjoiYWRtaW5AYWRtaW4ucnUiLCJzY29wZXMiOlsiYWRtaW4iLCJ1cGxvYWQiXSwiZXhwIjoxNzM1OTY2NjkxfQ.IFjh3ERBZvVrC2iKskz48Hau3xKVPPtygnVmcHxrUTM:<fwdi.Application.Configs.service_congif.ServiceConfig object at 0x7fc9470b8fd0>
2024-12-28 16:38:48,517 | DEBUG | 140502467094080 | fwdi.Utilites.jwt_tools:eyJhbGciOiJIUzI1NiIsInR5cCI6IkpXVCJ9.eyJzdWIiOiJhZG1pbiIsImVtYWlsIjoiYWRtaW5AYWRtaW4ucnUiLCJzY29wZXMiOlsiYWRtaW4iLCJ1cGxvYWQiXSwiZXhwIjoxNzM1OTY2NjkxfQ.IFjh3ERBZvVrC2iKskz48Hau3xKVPPtygnVmcHxrUTM:<fwdi.Application.Configs.service_congif.ServiceConfig object at 0x7fc9470b8fd0>
fwdi.Utilites.jwt_tools:<Model: User>:admin@admin.ru
2024-12-28 16:38:48,518 | DEBUG | 140502467094080 | fwdi.Utilites.jwt_tools:<Model: User>:admin@admin.ru
fwdi.Utilites.jwt_tools:eyJhbGciOiJIUzI1NiIsInR5cCI6IkpXVCJ9.eyJzdWIiOiJhZG1pbiIsImVtYWlsIjoiYWRtaW5AYWRtaW4ucnUiLCJzY29wZXMiOlsiYWRtaW4iLCJ1cGxvYWQiXSwiZXhwIjoxNzM1OTY2NjkxfQ.IFjh3ERBZvVrC2iKskz48Hau3xKVPPtygnVmcHxrUTM:<fwdi.Application.Configs.service_congif.ServiceConfig object at 0x7f51cd584c70>
2024-12-28 16:43:45,178 | DEBUG | 139989324244544 | fwdi.Utilites.jwt_tools:eyJhbGciOiJIUzI1NiIsInR5cCI6IkpXVCJ9.eyJzdWIiOiJhZG1pbiIsImVtYWlsIjoiYWRtaW5AYWRtaW4ucnUiLCJzY29wZXMiOlsiYWRtaW4iLCJ1cGxvYWQiXSwiZXhwIjoxNzM1OTY2NjkxfQ.IFjh3ERBZvVrC2iKskz48Hau3xKVPPtygnVmcHxrUTM:<fwdi.Application.Configs.service_congif.ServiceConfig object at 0x7f51cd584c70>
fwdi.Utilites.jwt_tools:<Model: User>:admin@admin.ru
2024-12-28 16:43:45,179 | DEBUG | 139989324244544 | fwdi.Utilites.jwt_tools:<Model: User>:admin@admin.ru
fwdi.Utilites.jwt_tools:eyJhbGciOiJIUzI1NiIsInR5cCI6IkpXVCJ9.eyJzdWIiOiJhZG1pbiIsImVtYWlsIjoiYWRtaW5AYWRtaW4ucnUiLCJzY29wZXMiOlsiYWRtaW4iLCJ1cGxvYWQiXSwiZXhwIjoxNzM1OTY2NjkxfQ.IFjh3ERBZvVrC2iKskz48Hau3xKVPPtygnVmcHxrUTM:<fwdi.Application.Configs.service_congif.ServiceConfig object at 0x7f788a9fcf10>
2024-12-28 16:52:39,061 | DEBUG | 140155708835392 | fwdi.Utilites.jwt_tools:eyJhbGciOiJIUzI1NiIsInR5cCI6IkpXVCJ9.eyJzdWIiOiJhZG1pbiIsImVtYWlsIjoiYWRtaW5AYWRtaW4ucnUiLCJzY29wZXMiOlsiYWRtaW4iLCJ1cGxvYWQiXSwiZXhwIjoxNzM1OTY2NjkxfQ.IFjh3ERBZvVrC2iKskz48Hau3xKVPPtygnVmcHxrUTM:<fwdi.Application.Configs.service_congif.ServiceConfig object at 0x7f788a9fcf10>
fwdi.Utilites.jwt_tools:<Model: User>:admin@admin.ru
2024-12-28 16:52:39,063 | DEBUG | 140155708835392 | fwdi.Utilites.jwt_tools:<Model: User>:admin@admin.ru
fwdi.Utilites.jwt_tools:eyJhbGciOiJIUzI1NiIsInR5cCI6IkpXVCJ9.eyJzdWIiOiJhZG1pbiIsImVtYWlsIjoiYWRtaW5AYWRtaW4ucnUiLCJzY29wZXMiOlsiYWRtaW4iLCJ1cGxvYWQiXSwiZXhwIjoxNzM1OTY2NjkxfQ.IFjh3ERBZvVrC2iKskz48Hau3xKVPPtygnVmcHxrUTM:<fwdi.Application.Configs.service_congif.ServiceConfig object at 0x7fcd54aa4ee0>
2024-12-28 16:54:09,498 | DEBUG | 140519873893952 | fwdi.Utilites.jwt_tools:eyJhbGciOiJIUzI1NiIsInR5cCI6IkpXVCJ9.eyJzdWIiOiJhZG1pbiIsImVtYWlsIjoiYWRtaW5AYWRtaW4ucnUiLCJzY29wZXMiOlsiYWRtaW4iLCJ1cGxvYWQiXSwiZXhwIjoxNzM1OTY2NjkxfQ.IFjh3ERBZvVrC2iKskz48Hau3xKVPPtygnVmcHxrUTM:<fwdi.Application.Configs.service_congif.ServiceConfig object at 0x7fcd54aa4ee0>
fwdi.Utilites.jwt_tools:<Model: User>:admin@admin.ru
2024-12-28 16:54:09,499 | DEBUG | 140519873893952 | fwdi.Utilites.jwt_tools:<Model: User>:admin@admin.ru
fwdi.Utilites.jwt_tools:eyJhbGciOiJIUzI1NiIsInR5cCI6IkpXVCJ9.eyJzdWIiOiJhZG1pbiIsImVtYWlsIjoiYWRtaW5AYWRtaW4ucnUiLCJzY29wZXMiOlsiYWRtaW4iLCJ1cGxvYWQiXSwiZXhwIjoxNzM1OTY2NjkxfQ.IFjh3ERBZvVrC2iKskz48Hau3xKVPPtygnVmcHxrUTM:<fwdi.Application.Configs.service_congif.ServiceConfig object at 0x7f22934a4f40>
2024-12-28 16:57:37,769 | DEBUG | 139786485159488 | fwdi.Utilites.jwt_tools:eyJhbGciOiJIUzI1NiIsInR5cCI6IkpXVCJ9.eyJzdWIiOiJhZG1pbiIsImVtYWlsIjoiYWRtaW5AYWRtaW4ucnUiLCJzY29wZXMiOlsiYWRtaW4iLCJ1cGxvYWQiXSwiZXhwIjoxNzM1OTY2NjkxfQ.IFjh3ERBZvVrC2iKskz48Hau3xKVPPtygnVmcHxrUTM:<fwdi.Application.Configs.service_congif.ServiceConfig object at 0x7f22934a4f40>
fwdi.Utilites.jwt_tools:<Model: User>:admin@admin.ru
2024-12-28 16:57:37,770 | DEBUG | 139786485159488 | fwdi.Utilites.jwt_tools:<Model: User>:admin@admin.ru
fwdi.Utilites.jwt_tools:eyJhbGciOiJIUzI1NiIsInR5cCI6IkpXVCJ9.eyJzdWIiOiJhZG1pbiIsImVtYWlsIjoiYWRtaW5AYWRtaW4ucnUiLCJzY29wZXMiOlsiYWRtaW4iLCJ1cGxvYWQiXSwiZXhwIjoxNzM1OTY2NjkxfQ.IFjh3ERBZvVrC2iKskz48Hau3xKVPPtygnVmcHxrUTM:<fwdi.Application.Configs.service_congif.ServiceConfig object at 0x7fbc546ccc40>
2024-12-28 16:58:55,653 | DEBUG | 140446856914496 | fwdi.Utilites.jwt_tools:eyJhbGciOiJIUzI1NiIsInR5cCI6IkpXVCJ9.eyJzdWIiOiJhZG1pbiIsImVtYWlsIjoiYWRtaW5AYWRtaW4ucnUiLCJzY29wZXMiOlsiYWRtaW4iLCJ1cGxvYWQiXSwiZXhwIjoxNzM1OTY2NjkxfQ.IFjh3ERBZvVrC2iKskz48Hau3xKVPPtygnVmcHxrUTM:<fwdi.Application.Configs.service_congif.ServiceConfig object at 0x7fbc546ccc40>
fwdi.Utilites.jwt_tools:<Model: User>:admin@admin.ru
2024-12-28 16:58:55,654 | DEBUG | 140446856914496 | fwdi.Utilites.jwt_tools:<Model: User>:admin@admin.ru
fwdi.Utilites.jwt_tools:eyJhbGciOiJIUzI1NiIsInR5cCI6IkpXVCJ9.eyJzdWIiOiJhZG1pbiIsImVtYWlsIjoiYWRtaW5AYWRtaW4ucnUiLCJzY29wZXMiOlsiYWRtaW4iLCJ1cGxvYWQiXSwiZXhwIjoxNzM1OTY2NjkxfQ.IFjh3ERBZvVrC2iKskz48Hau3xKVPPtygnVmcHxrUTM:<fwdi.Application.Configs.service_congif.ServiceConfig object at 0x7fced6e91060>
2024-12-28 23:37:05,338 | DEBUG | 140526354093632 | fwdi.Utilites.jwt_tools:eyJhbGciOiJIUzI1NiIsInR5cCI6IkpXVCJ9.eyJzdWIiOiJhZG1pbiIsImVtYWlsIjoiYWRtaW5AYWRtaW4ucnUiLCJzY29wZXMiOlsiYWRtaW4iLCJ1cGxvYWQiXSwiZXhwIjoxNzM1OTY2NjkxfQ.IFjh3ERBZvVrC2iKskz48Hau3xKVPPtygnVmcHxrUTM:<fwdi.Application.Configs.service_congif.ServiceConfig object at 0x7fced6e91060>
fwdi.Utilites.jwt_tools:<Model: User>:admin@admin.ru
2024-12-28 23:37:05,343 | DEBUG | 140526354093632 | fwdi.Utilites.jwt_tools:<Model: User>:admin@admin.ru
fwdi.Utilites.jwt_tools:eyJhbGciOiJIUzI1NiIsInR5cCI6IkpXVCJ9.eyJzdWIiOiJhZG1pbiIsImVtYWlsIjoiYWRtaW5AYWRtaW4ucnUiLCJzY29wZXMiOlsiYWRtaW4iLCJ1cGxvYWQiXSwiZXhwIjoxNzM1OTY2NjkxfQ.IFjh3ERBZvVrC2iKskz48Hau3xKVPPtygnVmcHxrUTM:<fwdi.Application.Configs.service_congif.ServiceConfig object at 0x7f6456c90cd0>
2024-12-28 23:52:44,368 | DEBUG | 140068939474496 | fwdi.Utilites.jwt_tools:eyJhbGciOiJIUzI1NiIsInR5cCI6IkpXVCJ9.eyJzdWIiOiJhZG1pbiIsImVtYWlsIjoiYWRtaW5AYWRtaW4ucnUiLCJzY29wZXMiOlsiYWRtaW4iLCJ1cGxvYWQiXSwiZXhwIjoxNzM1OTY2NjkxfQ.IFjh3ERBZvVrC2iKskz48Hau3xKVPPtygnVmcHxrUTM:<fwdi.Application.Configs.service_congif.ServiceConfig object at 0x7f6456c90cd0>
fwdi.Utilites.jwt_tools:<Model: User>:admin@admin.ru
2024-12-28 23:52:44,378 | DEBUG | 140068939474496 | fwdi.Utilites.jwt_tools:<Model: User>:admin@admin.ru
fwdi.Utilites.jwt_tools:eyJhbGciOiJIUzI1NiIsInR5cCI6IkpXVCJ9.eyJzdWIiOiJhZG1pbiIsImVtYWlsIjoiYWRtaW5AYWRtaW4ucnUiLCJzY29wZXMiOlsiYWRtaW4iLCJ1cGxvYWQiXSwiZXhwIjoxNzM3MjA1MDExfQ.oGjK0rPnpWJdDrm8d-nyS09u7DWiuiQUdt0-8Gf6T00:<fwdi.Application.Configs.service_congif.ServiceConfig object at 0x7fa040ab0f10>
2025-01-12 00:26:32,969 | DEBUG | 140326266918464 | fwdi.Utilites.jwt_tools:eyJhbGciOiJIUzI1NiIsInR5cCI6IkpXVCJ9.eyJzdWIiOiJhZG1pbiIsImVtYWlsIjoiYWRtaW5AYWRtaW4ucnUiLCJzY29wZXMiOlsiYWRtaW4iLCJ1cGxvYWQiXSwiZXhwIjoxNzM3MjA1MDExfQ.oGjK0rPnpWJdDrm8d-nyS09u7DWiuiQUdt0-8Gf6T00:<fwdi.Application.Configs.service_congif.ServiceConfig object at 0x7fa040ab0f10>
fwdi.Utilites.jwt_tools:<Model: User>:admin@admin.ru
2025-01-12 00:26:32,971 | DEBUG | 140326266918464 | fwdi.Utilites.jwt_tools:<Model: User>:admin@admin.ru
fwdi.Utilites.jwt_tools:eyJhbGciOiJIUzI1NiIsInR5cCI6IkpXVCJ9.eyJzdWIiOiJhZG1pbiIsImVtYWlsIjoiYWRtaW5AYWRtaW4ucnUiLCJzY29wZXMiOlsiYWRtaW4iLCJ1cGxvYWQiXSwiZXhwIjoxNzM3MjA1MDExfQ.oGjK0rPnpWJdDrm8d-nyS09u7DWiuiQUdt0-8Gf6T00:<fwdi.Application.Configs.service_congif.ServiceConfig object at 0x7fa040ab0f10>
2025-01-12 00:30:41,910 | DEBUG | 140326266918464 | fwdi.Utilites.jwt_tools:eyJhbGciOiJIUzI1NiIsInR5cCI6IkpXVCJ9.eyJzdWIiOiJhZG1pbiIsImVtYWlsIjoiYWRtaW5AYWRtaW4ucnUiLCJzY29wZXMiOlsiYWRtaW4iLCJ1cGxvYWQiXSwiZXhwIjoxNzM3MjA1MDExfQ.oGjK0rPnpWJdDrm8d-nyS09u7DWiuiQUdt0-8Gf6T00:<fwdi.Application.Configs.service_congif.ServiceConfig object at 0x7fa040ab0f10>
fwdi.Utilites.jwt_tools:<Model: User>:admin@admin.ru
2025-01-12 00:30:41,911 | DEBUG | 140326266918464 | fwdi.Utilites.jwt_tools:<Model: User>:admin@admin.ru
fwdi.Utilites.jwt_tools:eyJhbGciOiJIUzI1NiIsInR5cCI6IkpXVCJ9.eyJzdWIiOiJhZG1pbiIsImVtYWlsIjoiYWRtaW5AYWRtaW4ucnUiLCJzY29wZXMiOlsiYWRtaW4iLCJ1cGxvYWQiXSwiZXhwIjoxNzM3MjA1MDExfQ.oGjK0rPnpWJdDrm8d-nyS09u7DWiuiQUdt0-8Gf6T00:<fwdi.Application.Configs.service_congif.ServiceConfig object at 0x7fa040ab0f10>
2025-01-12 00:34:44,529 | DEBUG | 140326266918464 | fwdi.Utilites.jwt_tools:eyJhbGciOiJIUzI1NiIsInR5cCI6IkpXVCJ9.eyJzdWIiOiJhZG1pbiIsImVtYWlsIjoiYWRtaW5AYWRtaW4ucnUiLCJzY29wZXMiOlsiYWRtaW4iLCJ1cGxvYWQiXSwiZXhwIjoxNzM3MjA1MDExfQ.oGjK0rPnpWJdDrm8d-nyS09u7DWiuiQUdt0-8Gf6T00:<fwdi.Application.Configs.service_congif.ServiceConfig object at 0x7fa040ab0f10>
fwdi.Utilites.jwt_tools:<Model: User>:admin@admin.ru
2025-01-12 00:34:44,530 | DEBUG | 140326266918464 | fwdi.Utilites.jwt_tools:<Model: User>:admin@admin.ru
fwdi.Utilites.jwt_tools:eyJhbGciOiJIUzI1NiIsInR5cCI6IkpXVCJ9.eyJzdWIiOiJhZG1pbiIsImVtYWlsIjoiYWRtaW5AYWRtaW4ucnUiLCJzY29wZXMiOlsiYWRtaW4iLCJ1cGxvYWQiXSwiZXhwIjoxNzM3MjA1MDExfQ.oGjK0rPnpWJdDrm8d-nyS09u7DWiuiQUdt0-8Gf6T00:<fwdi.Application.Configs.service_congif.ServiceConfig object at 0x7fd8da098ee0>
2025-01-14 00:44:47,843 | DEBUG | 140569356449344 | fwdi.Utilites.jwt_tools:eyJhbGciOiJIUzI1NiIsInR5cCI6IkpXVCJ9.eyJzdWIiOiJhZG1pbiIsImVtYWlsIjoiYWRtaW5AYWRtaW4ucnUiLCJzY29wZXMiOlsiYWRtaW4iLCJ1cGxvYWQiXSwiZXhwIjoxNzM3MjA1MDExfQ.oGjK0rPnpWJdDrm8d-nyS09u7DWiuiQUdt0-8Gf6T00:<fwdi.Application.Configs.service_congif.ServiceConfig object at 0x7fd8da098ee0>
fwdi.Utilites.jwt_tools:<Model: User>:admin@admin.ru
2025-01-14 00:44:47,845 | DEBUG | 140569356449344 | fwdi.Utilites.jwt_tools:<Model: User>:admin@admin.ru
fwdi.Utilites.jwt_tools:eyJhbGciOiJIUzI1NiIsInR5cCI6IkpXVCJ9.eyJzdWIiOiJhZG1pbiIsImVtYWlsIjoiYWRtaW5AYWRtaW4ucnUiLCJzY29wZXMiOlsiYWRtaW4iLCJ1cGxvYWQiXSwiZXhwIjoxNzM3MjA1MDExfQ.oGjK0rPnpWJdDrm8d-nyS09u7DWiuiQUdt0-8Gf6T00:<fwdi.Application.Configs.service_congif.ServiceConfig object at 0x7fd8da098ee0>
2025-01-14 00:47:04,710 | DEBUG | 140569356449344 | fwdi.Utilites.jwt_tools:eyJhbGciOiJIUzI1NiIsInR5cCI6IkpXVCJ9.eyJzdWIiOiJhZG1pbiIsImVtYWlsIjoiYWRtaW5AYWRtaW4ucnUiLCJzY29wZXMiOlsiYWRtaW4iLCJ1cGxvYWQiXSwiZXhwIjoxNzM3MjA1MDExfQ.oGjK0rPnpWJdDrm8d-nyS09u7DWiuiQUdt0-8Gf6T00:<fwdi.Application.Configs.service_congif.ServiceConfig object at 0x7fd8da098ee0>
fwdi.Utilites.jwt_tools:<Model: User>:admin@admin.ru
2025-01-14 00:47:04,714 | DEBUG | 140569356449344 | fwdi.Utilites.jwt_tools:<Model: User>:admin@admin.ru
fwdi.Utilites.jwt_tools:eyJhbGciOiJIUzI1NiIsInR5cCI6IkpXVCJ9.eyJzdWIiOiJhZG1pbiIsImVtYWlsIjoiYWRtaW5AYWRtaW4ucnUiLCJzY29wZXMiOlsiYWRtaW4iLCJ1cGxvYWQiXSwiZXhwIjoxNzM3MjA1MDExfQ.oGjK0rPnpWJdDrm8d-nyS09u7DWiuiQUdt0-8Gf6T00:<fwdi.Application.Configs.service_congif.ServiceConfig object at 0x7fd8da098ee0>
2025-01-14 00:47:33,314 | DEBUG | 140569356449344 | fwdi.Utilites.jwt_tools:eyJhbGciOiJIUzI1NiIsInR5cCI6IkpXVCJ9.eyJzdWIiOiJhZG1pbiIsImVtYWlsIjoiYWRtaW5AYWRtaW4ucnUiLCJzY29wZXMiOlsiYWRtaW4iLCJ1cGxvYWQiXSwiZXhwIjoxNzM3MjA1MDExfQ.oGjK0rPnpWJdDrm8d-nyS09u7DWiuiQUdt0-8Gf6T00:<fwdi.Application.Configs.service_congif.ServiceConfig object at 0x7fd8da098ee0>
fwdi.Utilites.jwt_tools:<Model: User>:admin@admin.ru
2025-01-14 00:47:33,314 | DEBUG | 140569356449344 | fwdi.Utilites.jwt_tools:<Model: User>:admin@admin.ru
fwdi.Utilites.jwt_tools:[{'username': 'admin', 'hashed_password': '$2b$12$Ws/iB/wExmsCLBGXG.h0Z.r1wPezjGDkksT/2fAL817B0nd2CBTgy', 'email': 'admin@admin.ru'}]:admin
2025-01-18 00:44:39,810 | DEBUG | 139913879086656 | fwdi.Utilites.jwt_tools:[{'username': 'admin', 'hashed_password': '$2b$12$Ws/iB/wExmsCLBGXG.h0Z.r1wPezjGDkksT/2fAL817B0nd2CBTgy', 'email': 'admin@admin.ru'}]:admin
{'username': 'admin', 'hashed_password': '$2b$12$Ws/iB/wExmsCLBGXG.h0Z.r1wPezjGDkksT/2fAL817B0nd2CBTgy', 'email': 'admin@admin.ru'}
2025-01-18 00:44:39,810 | DEBUG | 139913879086656 | {'username': 'admin', 'hashed_password': '$2b$12$Ws/iB/wExmsCLBGXG.h0Z.r1wPezjGDkksT/2fAL817B0nd2CBTgy', 'email': 'admin@admin.ru'}
fwdi.Utilites.jwt_tools:admin
2025-01-18 00:44:39,811 | DEBUG | 139913879086656 | fwdi.Utilites.jwt_tools:admin
fwdi.Utilites.jwt_tools:{'sub': 'admin', 'email': 'admin@admin.ru', 'scopes': ['admin', 'upload']}:<fwdi.Application.Configs.service_congif.ServiceConfig object at 0x7f403c739600>
2025-01-18 00:44:39,993 | DEBUG | 139913879086656 | fwdi.Utilites.jwt_tools:{'sub': 'admin', 'email': 'admin@admin.ru', 'scopes': ['admin', 'upload']}:<fwdi.Application.Configs.service_congif.ServiceConfig object at 0x7f403c739600>
fwdi.Utilites.jwt_tools:eyJhbGciOiJIUzI1NiIsInR5cCI6IkpXVCJ9.eyJzdWIiOiJhZG1pbiIsImVtYWlsIjoiYWRtaW5AYWRtaW4ucnUiLCJzY29wZXMiOlsiYWRtaW4iLCJ1cGxvYWQiXSwiZXhwIjoxNzM3NzI1MDgwfQ.tGGXlgj6Uqt3113ZhRRQ6JjfYBFplJQ6tox_-2GkA6Q
2025-01-18 00:44:40,001 | DEBUG | 139913879086656 | fwdi.Utilites.jwt_tools:eyJhbGciOiJIUzI1NiIsInR5cCI6IkpXVCJ9.eyJzdWIiOiJhZG1pbiIsImVtYWlsIjoiYWRtaW5AYWRtaW4ucnUiLCJzY29wZXMiOlsiYWRtaW4iLCJ1cGxvYWQiXSwiZXhwIjoxNzM3NzI1MDgwfQ.tGGXlgj6Uqt3113ZhRRQ6JjfYBFplJQ6tox_-2GkA6Q
fwdi.Utilites.jwt_tools:eyJhbGciOiJIUzI1NiIsInR5cCI6IkpXVCJ9.eyJzdWIiOiJhZG1pbiIsImVtYWlsIjoiYWRtaW5AYWRtaW4ucnUiLCJzY29wZXMiOlsiYWRtaW4iLCJ1cGxvYWQiXSwiZXhwIjoxNzM3NzI1MDgwfQ.tGGXlgj6Uqt3113ZhRRQ6JjfYBFplJQ6tox_-2GkA6Q:<fwdi.Application.Configs.service_congif.ServiceConfig object at 0x7f403c739600>
2025-01-18 00:46:57,528 | DEBUG | 139913879086656 | fwdi.Utilites.jwt_tools:eyJhbGciOiJIUzI1NiIsInR5cCI6IkpXVCJ9.eyJzdWIiOiJhZG1pbiIsImVtYWlsIjoiYWRtaW5AYWRtaW4ucnUiLCJzY29wZXMiOlsiYWRtaW4iLCJ1cGxvYWQiXSwiZXhwIjoxNzM3NzI1MDgwfQ.tGGXlgj6Uqt3113ZhRRQ6JjfYBFplJQ6tox_-2GkA6Q:<fwdi.Application.Configs.service_congif.ServiceConfig object at 0x7f403c739600>
fwdi.Utilites.jwt_tools:<Model: User>:admin@admin.ru
2025-01-18 00:46:57,531 | DEBUG | 139913879086656 | fwdi.Utilites.jwt_tools:<Model: User>:admin@admin.ru
fwdi.Utilites.jwt_tools:eyJhbGciOiJIUzI1NiIsInR5cCI6IkpXVCJ9.eyJzdWIiOiJhZG1pbiIsImVtYWlsIjoiYWRtaW5AYWRtaW4ucnUiLCJzY29wZXMiOlsiYWRtaW4iLCJ1cGxvYWQiXSwiZXhwIjoxNzM3NzI1MDgwfQ.tGGXlgj6Uqt3113ZhRRQ6JjfYBFplJQ6tox_-2GkA6Q:<fwdi.Application.Configs.service_congif.ServiceConfig object at 0x7fa5aacc42b0>
2025-01-18 00:47:39,304 | DEBUG | 140349520471616 | fwdi.Utilites.jwt_tools:eyJhbGciOiJIUzI1NiIsInR5cCI6IkpXVCJ9.eyJzdWIiOiJhZG1pbiIsImVtYWlsIjoiYWRtaW5AYWRtaW4ucnUiLCJzY29wZXMiOlsiYWRtaW4iLCJ1cGxvYWQiXSwiZXhwIjoxNzM3NzI1MDgwfQ.tGGXlgj6Uqt3113ZhRRQ6JjfYBFplJQ6tox_-2GkA6Q:<fwdi.Application.Configs.service_congif.ServiceConfig object at 0x7fa5aacc42b0>
fwdi.Utilites.jwt_tools:<Model: User>:admin@admin.ru
2025-01-18 00:47:39,305 | DEBUG | 140349520471616 | fwdi.Utilites.jwt_tools:<Model: User>:admin@admin.ru
fwdi.Utilites.jwt_tools:eyJhbGciOiJIUzI1NiIsInR5cCI6IkpXVCJ9.eyJzdWIiOiJhZG1pbiIsImVtYWlsIjoiYWRtaW5AYWRtaW4ucnUiLCJzY29wZXMiOlsiYWRtaW4iLCJ1cGxvYWQiXSwiZXhwIjoxNzM3NzI1MDgwfQ.tGGXlgj6Uqt3113ZhRRQ6JjfYBFplJQ6tox_-2GkA6Q:<fwdi.Application.Configs.service_congif.ServiceConfig object at 0x7fa5aacc42b0>
2025-01-18 00:48:32,843 | DEBUG | 140349520471616 | fwdi.Utilites.jwt_tools:eyJhbGciOiJIUzI1NiIsInR5cCI6IkpXVCJ9.eyJzdWIiOiJhZG1pbiIsImVtYWlsIjoiYWRtaW5AYWRtaW4ucnUiLCJzY29wZXMiOlsiYWRtaW4iLCJ1cGxvYWQiXSwiZXhwIjoxNzM3NzI1MDgwfQ.tGGXlgj6Uqt3113ZhRRQ6JjfYBFplJQ6tox_-2GkA6Q:<fwdi.Application.Configs.service_congif.ServiceConfig object at 0x7fa5aacc42b0>
fwdi.Utilites.jwt_tools:<Model: User>:admin@admin.ru
2025-01-18 00:48:32,846 | DEBUG | 140349520471616 | fwdi.Utilites.jwt_tools:<Model: User>:admin@admin.ru
fwdi.Utilites.jwt_tools:eyJhbGciOiJIUzI1NiIsInR5cCI6IkpXVCJ9.eyJzdWIiOiJhZG1pbiIsImVtYWlsIjoiYWRtaW5AYWRtaW4ucnUiLCJzY29wZXMiOlsiYWRtaW4iLCJ1cGxvYWQiXSwiZXhwIjoxNzM3NzI1MDgwfQ.tGGXlgj6Uqt3113ZhRRQ6JjfYBFplJQ6tox_-2GkA6Q:<fwdi.Application.Configs.service_congif.ServiceConfig object at 0x7fba0f6108e0>
2025-01-18 00:49:20,380 | DEBUG | 140437109077568 | fwdi.Utilites.jwt_tools:eyJhbGciOiJIUzI1NiIsInR5cCI6IkpXVCJ9.eyJzdWIiOiJhZG1pbiIsImVtYWlsIjoiYWRtaW5AYWRtaW4ucnUiLCJzY29wZXMiOlsiYWRtaW4iLCJ1cGxvYWQiXSwiZXhwIjoxNzM3NzI1MDgwfQ.tGGXlgj6Uqt3113ZhRRQ6JjfYBFplJQ6tox_-2GkA6Q:<fwdi.Application.Configs.service_congif.ServiceConfig object at 0x7fba0f6108e0>
fwdi.Utilites.jwt_tools:<Model: User>:admin@admin.ru
2025-01-18 00:49:20,381 | DEBUG | 140437109077568 | fwdi.Utilites.jwt_tools:<Model: User>:admin@admin.ru
fwdi.Utilites.jwt_tools:eyJhbGciOiJIUzI1NiIsInR5cCI6IkpXVCJ9.eyJzdWIiOiJhZG1pbiIsImVtYWlsIjoiYWRtaW5AYWRtaW4ucnUiLCJzY29wZXMiOlsiYWRtaW4iLCJ1cGxvYWQiXSwiZXhwIjoxNzM3NzI1MDgwfQ.tGGXlgj6Uqt3113ZhRRQ6JjfYBFplJQ6tox_-2GkA6Q:<fwdi.Application.Configs.service_congif.ServiceConfig object at 0x7f5e9c88c2e0>
2025-01-18 01:37:57,157 | DEBUG | 140044338718272 | fwdi.Utilites.jwt_tools:eyJhbGciOiJIUzI1NiIsInR5cCI6IkpXVCJ9.eyJzdWIiOiJhZG1pbiIsImVtYWlsIjoiYWRtaW5AYWRtaW4ucnUiLCJzY29wZXMiOlsiYWRtaW4iLCJ1cGxvYWQiXSwiZXhwIjoxNzM3NzI1MDgwfQ.tGGXlgj6Uqt3113ZhRRQ6JjfYBFplJQ6tox_-2GkA6Q:<fwdi.Application.Configs.service_congif.ServiceConfig object at 0x7f5e9c88c2e0>
fwdi.Utilites.jwt_tools:<Model: User>:admin@admin.ru
2025-01-18 01:37:57,160 | DEBUG | 140044338718272 | fwdi.Utilites.jwt_tools:<Model: User>:admin@admin.ru
fwdi.Utilites.jwt_tools:eyJhbGciOiJIUzI1NiIsInR5cCI6IkpXVCJ9.eyJzdWIiOiJhZG1pbiIsImVtYWlsIjoiYWRtaW5AYWRtaW4ucnUiLCJzY29wZXMiOlsiYWRtaW4iLCJ1cGxvYWQiXSwiZXhwIjoxNzM3NzI1MDgwfQ.tGGXlgj6Uqt3113ZhRRQ6JjfYBFplJQ6tox_-2GkA6Q:<fwdi.Application.Configs.service_congif.ServiceConfig object at 0x7f5e9c88c2e0>
2025-01-18 01:38:14,356 | DEBUG | 140044338718272 | fwdi.Utilites.jwt_tools:eyJhbGciOiJIUzI1NiIsInR5cCI6IkpXVCJ9.eyJzdWIiOiJhZG1pbiIsImVtYWlsIjoiYWRtaW5AYWRtaW4ucnUiLCJzY29wZXMiOlsiYWRtaW4iLCJ1cGxvYWQiXSwiZXhwIjoxNzM3NzI1MDgwfQ.tGGXlgj6Uqt3113ZhRRQ6JjfYBFplJQ6tox_-2GkA6Q:<fwdi.Application.Configs.service_congif.ServiceConfig object at 0x7f5e9c88c2e0>
fwdi.Utilites.jwt_tools:<Model: User>:admin@admin.ru
2025-01-18 01:38:14,357 | DEBUG | 140044338718272 | fwdi.Utilites.jwt_tools:<Model: User>:admin@admin.ru
fwdi.Utilites.jwt_tools:eyJhbGciOiJIUzI1NiIsInR5cCI6IkpXVCJ9.eyJzdWIiOiJhZG1pbiIsImVtYWlsIjoiYWRtaW5AYWRtaW4ucnUiLCJzY29wZXMiOlsiYWRtaW4iLCJ1cGxvYWQiXSwiZXhwIjoxNzM3NzI1MDgwfQ.tGGXlgj6Uqt3113ZhRRQ6JjfYBFplJQ6tox_-2GkA6Q:<fwdi.Application.Configs.service_congif.ServiceConfig object at 0x7f78fb760730>
2025-01-18 03:26:55,182 | DEBUG | 140157600654912 | fwdi.Utilites.jwt_tools:eyJhbGciOiJIUzI1NiIsInR5cCI6IkpXVCJ9.eyJzdWIiOiJhZG1pbiIsImVtYWlsIjoiYWRtaW5AYWRtaW4ucnUiLCJzY29wZXMiOlsiYWRtaW4iLCJ1cGxvYWQiXSwiZXhwIjoxNzM3NzI1MDgwfQ.tGGXlgj6Uqt3113ZhRRQ6JjfYBFplJQ6tox_-2GkA6Q:<fwdi.Application.Configs.service_congif.ServiceConfig object at 0x7f78fb760730>
fwdi.Utilites.jwt_tools:<Model: User>:admin@admin.ru
2025-01-18 03:26:55,190 | DEBUG | 140157600654912 | fwdi.Utilites.jwt_tools:<Model: User>:admin@admin.ru
fwdi.Utilites.jwt_tools:eyJhbGciOiJIUzI1NiIsInR5cCI6IkpXVCJ9.eyJzdWIiOiJhZG1pbiIsImVtYWlsIjoiYWRtaW5AYWRtaW4ucnUiLCJzY29wZXMiOlsiYWRtaW4iLCJ1cGxvYWQiXSwiZXhwIjoxNzM3NzI1MDgwfQ.tGGXlgj6Uqt3113ZhRRQ6JjfYBFplJQ6tox_-2GkA6Q:<fwdi.Application.Configs.service_congif.ServiceConfig object at 0x7f95301c26b0>
2025-01-18 03:46:37,421 | DEBUG | 140278665049664 | fwdi.Utilites.jwt_tools:eyJhbGciOiJIUzI1NiIsInR5cCI6IkpXVCJ9.eyJzdWIiOiJhZG1pbiIsImVtYWlsIjoiYWRtaW5AYWRtaW4ucnUiLCJzY29wZXMiOlsiYWRtaW4iLCJ1cGxvYWQiXSwiZXhwIjoxNzM3NzI1MDgwfQ.tGGXlgj6Uqt3113ZhRRQ6JjfYBFplJQ6tox_-2GkA6Q:<fwdi.Application.Configs.service_congif.ServiceConfig object at 0x7f95301c26b0>
fwdi.Utilites.jwt_tools:<Model: User>:admin@admin.ru
2025-01-18 03:46:37,422 | DEBUG | 140278665049664 | fwdi.Utilites.jwt_tools:<Model: User>:admin@admin.ru
fwdi.Utilites.jwt_tools:eyJhbGciOiJIUzI1NiIsInR5cCI6IkpXVCJ9.eyJzdWIiOiJhZG1pbiIsImVtYWlsIjoiYWRtaW5AYWRtaW4ucnUiLCJzY29wZXMiOlsiYWRtaW4iLCJ1cGxvYWQiXSwiZXhwIjoxNzM3NzI1MDgwfQ.tGGXlgj6Uqt3113ZhRRQ6JjfYBFplJQ6tox_-2GkA6Q:<fwdi.Application.Configs.service_congif.ServiceConfig object at 0x7fb08d7483a0>
2025-01-18 03:55:18,625 | DEBUG | 140396274378304 | fwdi.Utilites.jwt_tools:eyJhbGciOiJIUzI1NiIsInR5cCI6IkpXVCJ9.eyJzdWIiOiJhZG1pbiIsImVtYWlsIjoiYWRtaW5AYWRtaW4ucnUiLCJzY29wZXMiOlsiYWRtaW4iLCJ1cGxvYWQiXSwiZXhwIjoxNzM3NzI1MDgwfQ.tGGXlgj6Uqt3113ZhRRQ6JjfYBFplJQ6tox_-2GkA6Q:<fwdi.Application.Configs.service_congif.ServiceConfig object at 0x7fb08d7483a0>
fwdi.Utilites.jwt_tools:<Model: User>:admin@admin.ru
2025-01-18 03:55:18,627 | DEBUG | 140396274378304 | fwdi.Utilites.jwt_tools:<Model: User>:admin@admin.ru
fwdi.Utilites.jwt_tools:eyJhbGciOiJIUzI1NiIsInR5cCI6IkpXVCJ9.eyJzdWIiOiJhZG1pbiIsImVtYWlsIjoiYWRtaW5AYWRtaW4ucnUiLCJzY29wZXMiOlsiYWRtaW4iLCJ1cGxvYWQiXSwiZXhwIjoxNzM3NzI1MDgwfQ.tGGXlgj6Uqt3113ZhRRQ6JjfYBFplJQ6tox_-2GkA6Q:<fwdi.Application.Configs.service_congif.ServiceConfig object at 0x7f32c06b86a0>
2025-01-18 04:07:28,449 | DEBUG | 139855879206464 | fwdi.Utilites.jwt_tools:eyJhbGciOiJIUzI1NiIsInR5cCI6IkpXVCJ9.eyJzdWIiOiJhZG1pbiIsImVtYWlsIjoiYWRtaW5AYWRtaW4ucnUiLCJzY29wZXMiOlsiYWRtaW4iLCJ1cGxvYWQiXSwiZXhwIjoxNzM3NzI1MDgwfQ.tGGXlgj6Uqt3113ZhRRQ6JjfYBFplJQ6tox_-2GkA6Q:<fwdi.Application.Configs.service_congif.ServiceConfig object at 0x7f32c06b86a0>
fwdi.Utilites.jwt_tools:<Model: User>:admin@admin.ru
2025-01-18 04:07:28,453 | DEBUG | 139855879206464 | fwdi.Utilites.jwt_tools:<Model: User>:admin@admin.ru
fwdi.Utilites.jwt_tools:eyJhbGciOiJIUzI1NiIsInR5cCI6IkpXVCJ9.eyJzdWIiOiJhZG1pbiIsImVtYWlsIjoiYWRtaW5AYWRtaW4ucnUiLCJzY29wZXMiOlsiYWRtaW4iLCJ1cGxvYWQiXSwiZXhwIjoxNzM3NzI1MDgwfQ.tGGXlgj6Uqt3113ZhRRQ6JjfYBFplJQ6tox_-2GkA6Q:<fwdi.Application.Configs.service_congif.ServiceConfig object at 0x7ff7bb574970>
2025-01-18 04:27:45,461 | DEBUG | 140701985662528 | fwdi.Utilites.jwt_tools:eyJhbGciOiJIUzI1NiIsInR5cCI6IkpXVCJ9.eyJzdWIiOiJhZG1pbiIsImVtYWlsIjoiYWRtaW5AYWRtaW4ucnUiLCJzY29wZXMiOlsiYWRtaW4iLCJ1cGxvYWQiXSwiZXhwIjoxNzM3NzI1MDgwfQ.tGGXlgj6Uqt3113ZhRRQ6JjfYBFplJQ6tox_-2GkA6Q:<fwdi.Application.Configs.service_congif.ServiceConfig object at 0x7ff7bb574970>
fwdi.Utilites.jwt_tools:<Model: User>:admin@admin.ru
2025-01-18 04:27:45,464 | DEBUG | 140701985662528 | fwdi.Utilites.jwt_tools:<Model: User>:admin@admin.ru
fwdi.Utilites.jwt_tools:eyJhbGciOiJIUzI1NiIsInR5cCI6IkpXVCJ9.eyJzdWIiOiJhZG1pbiIsImVtYWlsIjoiYWRtaW5AYWRtaW4ucnUiLCJzY29wZXMiOlsiYWRtaW4iLCJ1cGxvYWQiXSwiZXhwIjoxNzM3NzI1MDgwfQ.tGGXlgj6Uqt3113ZhRRQ6JjfYBFplJQ6tox_-2GkA6Q:<fwdi.Application.Configs.service_congif.ServiceConfig object at 0x7fe42625caf0>
2025-01-18 04:35:25,006 | DEBUG | 140617878332992 | fwdi.Utilites.jwt_tools:eyJhbGciOiJIUzI1NiIsInR5cCI6IkpXVCJ9.eyJzdWIiOiJhZG1pbiIsImVtYWlsIjoiYWRtaW5AYWRtaW4ucnUiLCJzY29wZXMiOlsiYWRtaW4iLCJ1cGxvYWQiXSwiZXhwIjoxNzM3NzI1MDgwfQ.tGGXlgj6Uqt3113ZhRRQ6JjfYBFplJQ6tox_-2GkA6Q:<fwdi.Application.Configs.service_congif.ServiceConfig object at 0x7fe42625caf0>
fwdi.Utilites.jwt_tools:<Model: User>:admin@admin.ru
2025-01-18 04:35:25,008 | DEBUG | 140617878332992 | fwdi.Utilites.jwt_tools:<Model: User>:admin@admin.ru
fwdi.Utilites.jwt_tools:eyJhbGciOiJIUzI1NiIsInR5cCI6IkpXVCJ9.eyJzdWIiOiJhZG1pbiIsImVtYWlsIjoiYWRtaW5AYWRtaW4ucnUiLCJzY29wZXMiOlsiYWRtaW4iLCJ1cGxvYWQiXSwiZXhwIjoxNzM3NzI1MDgwfQ.tGGXlgj6Uqt3113ZhRRQ6JjfYBFplJQ6tox_-2GkA6Q:<fwdi.Application.Configs.service_congif.ServiceConfig object at 0x7f2d9dac8670>
2025-01-18 04:44:59,288 | DEBUG | 139833904195136 | fwdi.Utilites.jwt_tools:eyJhbGciOiJIUzI1NiIsInR5cCI6IkpXVCJ9.eyJzdWIiOiJhZG1pbiIsImVtYWlsIjoiYWRtaW5AYWRtaW4ucnUiLCJzY29wZXMiOlsiYWRtaW4iLCJ1cGxvYWQiXSwiZXhwIjoxNzM3NzI1MDgwfQ.tGGXlgj6Uqt3113ZhRRQ6JjfYBFplJQ6tox_-2GkA6Q:<fwdi.Application.Configs.service_congif.ServiceConfig object at 0x7f2d9dac8670>
fwdi.Utilites.jwt_tools:<Model: User>:admin@admin.ru
2025-01-18 04:44:59,293 | DEBUG | 139833904195136 | fwdi.Utilites.jwt_tools:<Model: User>:admin@admin.ru
fwdi.Utilites.jwt_tools:eyJhbGciOiJIUzI1NiIsInR5cCI6IkpXVCJ9.eyJzdWIiOiJhZG1pbiIsImVtYWlsIjoiYWRtaW5AYWRtaW4ucnUiLCJzY29wZXMiOlsiYWRtaW4iLCJ1cGxvYWQiXSwiZXhwIjoxNzM3NzI1MDgwfQ.tGGXlgj6Uqt3113ZhRRQ6JjfYBFplJQ6tox_-2GkA6Q:<fwdi.Application.Configs.service_congif.ServiceConfig object at 0x7ff047fd0700>
2025-01-19 04:06:41,812 | DEBUG | 140670053377600 | fwdi.Utilites.jwt_tools:eyJhbGciOiJIUzI1NiIsInR5cCI6IkpXVCJ9.eyJzdWIiOiJhZG1pbiIsImVtYWlsIjoiYWRtaW5AYWRtaW4ucnUiLCJzY29wZXMiOlsiYWRtaW4iLCJ1cGxvYWQiXSwiZXhwIjoxNzM3NzI1MDgwfQ.tGGXlgj6Uqt3113ZhRRQ6JjfYBFplJQ6tox_-2GkA6Q:<fwdi.Application.Configs.service_congif.ServiceConfig object at 0x7ff047fd0700>
fwdi.Utilites.jwt_tools:<Model: User>:admin@admin.ru
2025-01-19 04:06:41,816 | DEBUG | 140670053377600 | fwdi.Utilites.jwt_tools:<Model: User>:admin@admin.ru
fwdi.Utilites.jwt_tools:eyJhbGciOiJIUzI1NiIsInR5cCI6IkpXVCJ9.eyJzdWIiOiJhZG1pbiIsImVtYWlsIjoiYWRtaW5AYWRtaW4ucnUiLCJzY29wZXMiOlsiYWRtaW4iLCJ1cGxvYWQiXSwiZXhwIjoxNzM3NzI1MDgwfQ.tGGXlgj6Uqt3113ZhRRQ6JjfYBFplJQ6tox_-2GkA6Q:<fwdi.Application.Configs.service_congif.ServiceConfig object at 0x7fe612cb0790>
2025-01-19 04:07:28,175 | DEBUG | 140626143209024 | fwdi.Utilites.jwt_tools:eyJhbGciOiJIUzI1NiIsInR5cCI6IkpXVCJ9.eyJzdWIiOiJhZG1pbiIsImVtYWlsIjoiYWRtaW5AYWRtaW4ucnUiLCJzY29wZXMiOlsiYWRtaW4iLCJ1cGxvYWQiXSwiZXhwIjoxNzM3NzI1MDgwfQ.tGGXlgj6Uqt3113ZhRRQ6JjfYBFplJQ6tox_-2GkA6Q:<fwdi.Application.Configs.service_congif.ServiceConfig object at 0x7fe612cb0790>
fwdi.Utilites.jwt_tools:<Model: User>:admin@admin.ru
2025-01-19 04:07:28,176 | DEBUG | 140626143209024 | fwdi.Utilites.jwt_tools:<Model: User>:admin@admin.ru
fwdi.Utilites.jwt_tools:eyJhbGciOiJIUzI1NiIsInR5cCI6IkpXVCJ9.eyJzdWIiOiJhZG1pbiIsImVtYWlsIjoiYWRtaW5AYWRtaW4ucnUiLCJzY29wZXMiOlsiYWRtaW4iLCJ1cGxvYWQiXSwiZXhwIjoxNzM3NzI1MDgwfQ.tGGXlgj6Uqt3113ZhRRQ6JjfYBFplJQ6tox_-2GkA6Q:<fwdi.Application.Configs.service_congif.ServiceConfig object at 0x7f757a9e4820>
2025-01-19 04:14:42,168 | DEBUG | 140142553589312 | fwdi.Utilites.jwt_tools:eyJhbGciOiJIUzI1NiIsInR5cCI6IkpXVCJ9.eyJzdWIiOiJhZG1pbiIsImVtYWlsIjoiYWRtaW5AYWRtaW4ucnUiLCJzY29wZXMiOlsiYWRtaW4iLCJ1cGxvYWQiXSwiZXhwIjoxNzM3NzI1MDgwfQ.tGGXlgj6Uqt3113ZhRRQ6JjfYBFplJQ6tox_-2GkA6Q:<fwdi.Application.Configs.service_congif.ServiceConfig object at 0x7f757a9e4820>
fwdi.Utilites.jwt_tools:<Model: User>:admin@admin.ru
2025-01-19 04:14:42,170 | DEBUG | 140142553589312 | fwdi.Utilites.jwt_tools:<Model: User>:admin@admin.ru
fwdi.Utilites.jwt_tools:eyJhbGciOiJIUzI1NiIsInR5cCI6IkpXVCJ9.eyJzdWIiOiJhZG1pbiIsImVtYWlsIjoiYWRtaW5AYWRtaW4ucnUiLCJzY29wZXMiOlsiYWRtaW4iLCJ1cGxvYWQiXSwiZXhwIjoxNzM3NzI1MDgwfQ.tGGXlgj6Uqt3113ZhRRQ6JjfYBFplJQ6tox_-2GkA6Q:<fwdi.Application.Configs.service_congif.ServiceConfig object at 0x7fcd2cab8970>
2025-01-19 04:31:00,588 | DEBUG | 140519203137088 | fwdi.Utilites.jwt_tools:eyJhbGciOiJIUzI1NiIsInR5cCI6IkpXVCJ9.eyJzdWIiOiJhZG1pbiIsImVtYWlsIjoiYWRtaW5AYWRtaW4ucnUiLCJzY29wZXMiOlsiYWRtaW4iLCJ1cGxvYWQiXSwiZXhwIjoxNzM3NzI1MDgwfQ.tGGXlgj6Uqt3113ZhRRQ6JjfYBFplJQ6tox_-2GkA6Q:<fwdi.Application.Configs.service_congif.ServiceConfig object at 0x7fcd2cab8970>
fwdi.Utilites.jwt_tools:<Model: User>:admin@admin.ru
2025-01-19 04:31:00,591 | DEBUG | 140519203137088 | fwdi.Utilites.jwt_tools:<Model: User>:admin@admin.ru
fwdi.Utilites.jwt_tools:eyJhbGciOiJIUzI1NiIsInR5cCI6IkpXVCJ9.eyJzdWIiOiJhZG1pbiIsImVtYWlsIjoiYWRtaW5AYWRtaW4ucnUiLCJzY29wZXMiOlsiYWRtaW4iLCJ1cGxvYWQiXSwiZXhwIjoxNzM3NzI1MDgwfQ.tGGXlgj6Uqt3113ZhRRQ6JjfYBFplJQ6tox_-2GkA6Q:<fwdi.Application.Configs.service_congif.ServiceConfig object at 0x7f7a86ec8eb0>
2025-01-19 04:40:47,463 | DEBUG | 140164234995264 | fwdi.Utilites.jwt_tools:eyJhbGciOiJIUzI1NiIsInR5cCI6IkpXVCJ9.eyJzdWIiOiJhZG1pbiIsImVtYWlsIjoiYWRtaW5AYWRtaW4ucnUiLCJzY29wZXMiOlsiYWRtaW4iLCJ1cGxvYWQiXSwiZXhwIjoxNzM3NzI1MDgwfQ.tGGXlgj6Uqt3113ZhRRQ6JjfYBFplJQ6tox_-2GkA6Q:<fwdi.Application.Configs.service_congif.ServiceConfig object at 0x7f7a86ec8eb0>
fwdi.Utilites.jwt_tools:<Model: User>:admin@admin.ru
2025-01-19 04:40:47,465 | DEBUG | 140164234995264 | fwdi.Utilites.jwt_tools:<Model: User>:admin@admin.ru
fwdi.Utilites.jwt_tools:eyJhbGciOiJIUzI1NiIsInR5cCI6IkpXVCJ9.eyJzdWIiOiJhZG1pbiIsImVtYWlsIjoiYWRtaW5AYWRtaW4ucnUiLCJzY29wZXMiOlsiYWRtaW4iLCJ1cGxvYWQiXSwiZXhwIjoxNzM3NzI1MDgwfQ.tGGXlgj6Uqt3113ZhRRQ6JjfYBFplJQ6tox_-2GkA6Q:<fwdi.Application.Configs.service_congif.ServiceConfig object at 0x7fafad0d4d90>
2025-01-19 04:42:36,926 | DEBUG | 140392507893312 | fwdi.Utilites.jwt_tools:eyJhbGciOiJIUzI1NiIsInR5cCI6IkpXVCJ9.eyJzdWIiOiJhZG1pbiIsImVtYWlsIjoiYWRtaW5AYWRtaW4ucnUiLCJzY29wZXMiOlsiYWRtaW4iLCJ1cGxvYWQiXSwiZXhwIjoxNzM3NzI1MDgwfQ.tGGXlgj6Uqt3113ZhRRQ6JjfYBFplJQ6tox_-2GkA6Q:<fwdi.Application.Configs.service_congif.ServiceConfig object at 0x7fafad0d4d90>
fwdi.Utilites.jwt_tools:<Model: User>:admin@admin.ru
2025-01-19 04:42:36,927 | DEBUG | 140392507893312 | fwdi.Utilites.jwt_tools:<Model: User>:admin@admin.ru
fwdi.Utilites.jwt_tools:eyJhbGciOiJIUzI1NiIsInR5cCI6IkpXVCJ9.eyJzdWIiOiJhZG1pbiIsImVtYWlsIjoiYWRtaW5AYWRtaW4ucnUiLCJzY29wZXMiOlsiYWRtaW4iLCJ1cGxvYWQiXSwiZXhwIjoxNzM3NzI1MDgwfQ.tGGXlgj6Uqt3113ZhRRQ6JjfYBFplJQ6tox_-2GkA6Q:<fwdi.Application.Configs.service_congif.ServiceConfig object at 0x7f12360ac790>
2025-01-19 04:55:57,757 | DEBUG | 139716201539136 | fwdi.Utilites.jwt_tools:eyJhbGciOiJIUzI1NiIsInR5cCI6IkpXVCJ9.eyJzdWIiOiJhZG1pbiIsImVtYWlsIjoiYWRtaW5AYWRtaW4ucnUiLCJzY29wZXMiOlsiYWRtaW4iLCJ1cGxvYWQiXSwiZXhwIjoxNzM3NzI1MDgwfQ.tGGXlgj6Uqt3113ZhRRQ6JjfYBFplJQ6tox_-2GkA6Q:<fwdi.Application.Configs.service_congif.ServiceConfig object at 0x7f12360ac790>
fwdi.Utilites.jwt_tools:<Model: User>:admin@admin.ru
2025-01-19 04:55:57,761 | DEBUG | 139716201539136 | fwdi.Utilites.jwt_tools:<Model: User>:admin@admin.ru
fwdi.Utilites.jwt_tools:eyJhbGciOiJIUzI1NiIsInR5cCI6IkpXVCJ9.eyJzdWIiOiJhZG1pbiIsImVtYWlsIjoiYWRtaW5AYWRtaW4ucnUiLCJzY29wZXMiOlsiYWRtaW4iLCJ1cGxvYWQiXSwiZXhwIjoxNzM3NzI1MDgwfQ.tGGXlgj6Uqt3113ZhRRQ6JjfYBFplJQ6tox_-2GkA6Q:<fwdi.Application.Configs.service_congif.ServiceConfig object at 0x7f48c2dd0880>
2025-01-19 04:57:55,902 | DEBUG | 139950492214848 | fwdi.Utilites.jwt_tools:eyJhbGciOiJIUzI1NiIsInR5cCI6IkpXVCJ9.eyJzdWIiOiJhZG1pbiIsImVtYWlsIjoiYWRtaW5AYWRtaW4ucnUiLCJzY29wZXMiOlsiYWRtaW4iLCJ1cGxvYWQiXSwiZXhwIjoxNzM3NzI1MDgwfQ.tGGXlgj6Uqt3113ZhRRQ6JjfYBFplJQ6tox_-2GkA6Q:<fwdi.Application.Configs.service_congif.ServiceConfig object at 0x7f48c2dd0880>
fwdi.Utilites.jwt_tools:<Model: User>:admin@admin.ru
2025-01-19 04:57:55,905 | DEBUG | 139950492214848 | fwdi.Utilites.jwt_tools:<Model: User>:admin@admin.ru
fwdi.Utilites.jwt_tools:eyJhbGciOiJIUzI1NiIsInR5cCI6IkpXVCJ9.eyJzdWIiOiJhZG1pbiIsImVtYWlsIjoiYWRtaW5AYWRtaW4ucnUiLCJzY29wZXMiOlsiYWRtaW4iLCJ1cGxvYWQiXSwiZXhwIjoxNzM3NzI1MDgwfQ.tGGXlgj6Uqt3113ZhRRQ6JjfYBFplJQ6tox_-2GkA6Q:<fwdi.Application.Configs.service_congif.ServiceConfig object at 0x7fed18ec0880>
2025-01-19 05:13:29,959 | DEBUG | 140656310740544 | fwdi.Utilites.jwt_tools:eyJhbGciOiJIUzI1NiIsInR5cCI6IkpXVCJ9.eyJzdWIiOiJhZG1pbiIsImVtYWlsIjoiYWRtaW5AYWRtaW4ucnUiLCJzY29wZXMiOlsiYWRtaW4iLCJ1cGxvYWQiXSwiZXhwIjoxNzM3NzI1MDgwfQ.tGGXlgj6Uqt3113ZhRRQ6JjfYBFplJQ6tox_-2GkA6Q:<fwdi.Application.Configs.service_congif.ServiceConfig object at 0x7fed18ec0880>
fwdi.Utilites.jwt_tools:<Model: User>:admin@admin.ru
2025-01-19 05:13:29,962 | DEBUG | 140656310740544 | fwdi.Utilites.jwt_tools:<Model: User>:admin@admin.ru
fwdi.Utilites.jwt_tools:eyJhbGciOiJIUzI1NiIsInR5cCI6IkpXVCJ9.eyJzdWIiOiJhZG1pbiIsImVtYWlsIjoiYWRtaW5AYWRtaW4ucnUiLCJzY29wZXMiOlsiYWRtaW4iLCJ1cGxvYWQiXSwiZXhwIjoxNzM3NzI1MDgwfQ.tGGXlgj6Uqt3113ZhRRQ6JjfYBFplJQ6tox_-2GkA6Q:<fwdi.Application.Configs.service_congif.ServiceConfig object at 0x7fd7837bce50>
2025-01-19 05:30:27,509 | DEBUG | 140563609282112 | fwdi.Utilites.jwt_tools:eyJhbGciOiJIUzI1NiIsInR5cCI6IkpXVCJ9.eyJzdWIiOiJhZG1pbiIsImVtYWlsIjoiYWRtaW5AYWRtaW4ucnUiLCJzY29wZXMiOlsiYWRtaW4iLCJ1cGxvYWQiXSwiZXhwIjoxNzM3NzI1MDgwfQ.tGGXlgj6Uqt3113ZhRRQ6JjfYBFplJQ6tox_-2GkA6Q:<fwdi.Application.Configs.service_congif.ServiceConfig object at 0x7fd7837bce50>
fwdi.Utilites.jwt_tools:<Model: User>:admin@admin.ru
2025-01-19 05:30:27,510 | DEBUG | 140563609282112 | fwdi.Utilites.jwt_tools:<Model: User>:admin@admin.ru
fwdi.Utilites.jwt_tools:eyJhbGciOiJIUzI1NiIsInR5cCI6IkpXVCJ9.eyJzdWIiOiJhZG1pbiIsImVtYWlsIjoiYWRtaW5AYWRtaW4ucnUiLCJzY29wZXMiOlsiYWRtaW4iLCJ1cGxvYWQiXSwiZXhwIjoxNzM3NzI1MDgwfQ.tGGXlgj6Uqt3113ZhRRQ6JjfYBFplJQ6tox_-2GkA6Q:<fwdi.Application.Configs.service_congif.ServiceConfig object at 0x7f394b4b49d0>
2025-01-19 05:38:54,292 | DEBUG | 139884061779520 | fwdi.Utilites.jwt_tools:eyJhbGciOiJIUzI1NiIsInR5cCI6IkpXVCJ9.eyJzdWIiOiJhZG1pbiIsImVtYWlsIjoiYWRtaW5AYWRtaW4ucnUiLCJzY29wZXMiOlsiYWRtaW4iLCJ1cGxvYWQiXSwiZXhwIjoxNzM3NzI1MDgwfQ.tGGXlgj6Uqt3113ZhRRQ6JjfYBFplJQ6tox_-2GkA6Q:<fwdi.Application.Configs.service_congif.ServiceConfig object at 0x7f394b4b49d0>
fwdi.Utilites.jwt_tools:<Model: User>:admin@admin.ru
2025-01-19 05:38:54,295 | DEBUG | 139884061779520 | fwdi.Utilites.jwt_tools:<Model: User>:admin@admin.ru
fwdi.Utilites.jwt_tools:eyJhbGciOiJIUzI1NiIsInR5cCI6IkpXVCJ9.eyJzdWIiOiJhZG1pbiIsImVtYWlsIjoiYWRtaW5AYWRtaW4ucnUiLCJzY29wZXMiOlsiYWRtaW4iLCJ1cGxvYWQiXSwiZXhwIjoxNzM3NzI1MDgwfQ.tGGXlgj6Uqt3113ZhRRQ6JjfYBFplJQ6tox_-2GkA6Q:<fwdi.Application.Configs.service_congif.ServiceConfig object at 0x7ff749790940>
2025-01-19 05:52:31,636 | DEBUG | 140700075157056 | fwdi.Utilites.jwt_tools:eyJhbGciOiJIUzI1NiIsInR5cCI6IkpXVCJ9.eyJzdWIiOiJhZG1pbiIsImVtYWlsIjoiYWRtaW5AYWRtaW4ucnUiLCJzY29wZXMiOlsiYWRtaW4iLCJ1cGxvYWQiXSwiZXhwIjoxNzM3NzI1MDgwfQ.tGGXlgj6Uqt3113ZhRRQ6JjfYBFplJQ6tox_-2GkA6Q:<fwdi.Application.Configs.service_congif.ServiceConfig object at 0x7ff749790940>
fwdi.Utilites.jwt_tools:<Model: User>:admin@admin.ru
2025-01-19 05:52:31,640 | DEBUG | 140700075157056 | fwdi.Utilites.jwt_tools:<Model: User>:admin@admin.ru
fwdi.Utilites.jwt_tools:eyJhbGciOiJIUzI1NiIsInR5cCI6IkpXVCJ9.eyJzdWIiOiJhZG1pbiIsImVtYWlsIjoiYWRtaW5AYWRtaW4ucnUiLCJzY29wZXMiOlsiYWRtaW4iLCJ1cGxvYWQiXSwiZXhwIjoxNzM3NzI1MDgwfQ.tGGXlgj6Uqt3113ZhRRQ6JjfYBFplJQ6tox_-2GkA6Q:<fwdi.Application.Configs.service_congif.ServiceConfig object at 0x7f45082d0880>
2025-01-19 05:53:04,141 | DEBUG | 139934475216448 | fwdi.Utilites.jwt_tools:eyJhbGciOiJIUzI1NiIsInR5cCI6IkpXVCJ9.eyJzdWIiOiJhZG1pbiIsImVtYWlsIjoiYWRtaW5AYWRtaW4ucnUiLCJzY29wZXMiOlsiYWRtaW4iLCJ1cGxvYWQiXSwiZXhwIjoxNzM3NzI1MDgwfQ.tGGXlgj6Uqt3113ZhRRQ6JjfYBFplJQ6tox_-2GkA6Q:<fwdi.Application.Configs.service_congif.ServiceConfig object at 0x7f45082d0880>
fwdi.Utilites.jwt_tools:<Model: User>:admin@admin.ru
2025-01-19 05:53:04,142 | DEBUG | 139934475216448 | fwdi.Utilites.jwt_tools:<Model: User>:admin@admin.ru
fwdi.Utilites.jwt_tools:eyJhbGciOiJIUzI1NiIsInR5cCI6IkpXVCJ9.eyJzdWIiOiJhZG1pbiIsImVtYWlsIjoiYWRtaW5AYWRtaW4ucnUiLCJzY29wZXMiOlsiYWRtaW4iLCJ1cGxvYWQiXSwiZXhwIjoxNzM3NzI1MDgwfQ.tGGXlgj6Uqt3113ZhRRQ6JjfYBFplJQ6tox_-2GkA6Q:<fwdi.Application.Configs.service_congif.ServiceConfig object at 0x7f7d3674ca90>
2025-01-19 05:57:31,978 | DEBUG | 140175770379840 | fwdi.Utilites.jwt_tools:eyJhbGciOiJIUzI1NiIsInR5cCI6IkpXVCJ9.eyJzdWIiOiJhZG1pbiIsImVtYWlsIjoiYWRtaW5AYWRtaW4ucnUiLCJzY29wZXMiOlsiYWRtaW4iLCJ1cGxvYWQiXSwiZXhwIjoxNzM3NzI1MDgwfQ.tGGXlgj6Uqt3113ZhRRQ6JjfYBFplJQ6tox_-2GkA6Q:<fwdi.Application.Configs.service_congif.ServiceConfig object at 0x7f7d3674ca90>
fwdi.Utilites.jwt_tools:<Model: User>:admin@admin.ru
2025-01-19 05:57:31,981 | DEBUG | 140175770379840 | fwdi.Utilites.jwt_tools:<Model: User>:admin@admin.ru
fwdi.Utilites.jwt_tools:eyJhbGciOiJIUzI1NiIsInR5cCI6IkpXVCJ9.eyJzdWIiOiJhZG1pbiIsImVtYWlsIjoiYWRtaW5AYWRtaW4ucnUiLCJzY29wZXMiOlsiYWRtaW4iLCJ1cGxvYWQiXSwiZXhwIjoxNzM3NzI1MDgwfQ.tGGXlgj6Uqt3113ZhRRQ6JjfYBFplJQ6tox_-2GkA6Q:<fwdi.Application.Configs.service_congif.ServiceConfig object at 0x7f6f3e3c4850>
2025-01-19 05:58:57,066 | DEBUG | 140115770861120 | fwdi.Utilites.jwt_tools:eyJhbGciOiJIUzI1NiIsInR5cCI6IkpXVCJ9.eyJzdWIiOiJhZG1pbiIsImVtYWlsIjoiYWRtaW5AYWRtaW4ucnUiLCJzY29wZXMiOlsiYWRtaW4iLCJ1cGxvYWQiXSwiZXhwIjoxNzM3NzI1MDgwfQ.tGGXlgj6Uqt3113ZhRRQ6JjfYBFplJQ6tox_-2GkA6Q:<fwdi.Application.Configs.service_congif.ServiceConfig object at 0x7f6f3e3c4850>
fwdi.Utilites.jwt_tools:<Model: User>:admin@admin.ru
2025-01-19 05:58:57,068 | DEBUG | 140115770861120 | fwdi.Utilites.jwt_tools:<Model: User>:admin@admin.ru
fwdi.Utilites.jwt_tools:eyJhbGciOiJIUzI1NiIsInR5cCI6IkpXVCJ9.eyJzdWIiOiJhZG1pbiIsImVtYWlsIjoiYWRtaW5AYWRtaW4ucnUiLCJzY29wZXMiOlsiYWRtaW4iLCJ1cGxvYWQiXSwiZXhwIjoxNzM3NzI1MDgwfQ.tGGXlgj6Uqt3113ZhRRQ6JjfYBFplJQ6tox_-2GkA6Q:<fwdi.Application.Configs.service_congif.ServiceConfig object at 0x7fe2b8fb8550>
2025-01-19 05:59:21,905 | DEBUG | 140611751503424 | fwdi.Utilites.jwt_tools:eyJhbGciOiJIUzI1NiIsInR5cCI6IkpXVCJ9.eyJzdWIiOiJhZG1pbiIsImVtYWlsIjoiYWRtaW5AYWRtaW4ucnUiLCJzY29wZXMiOlsiYWRtaW4iLCJ1cGxvYWQiXSwiZXhwIjoxNzM3NzI1MDgwfQ.tGGXlgj6Uqt3113ZhRRQ6JjfYBFplJQ6tox_-2GkA6Q:<fwdi.Application.Configs.service_congif.ServiceConfig object at 0x7fe2b8fb8550>
fwdi.Utilites.jwt_tools:<Model: User>:admin@admin.ru
2025-01-19 05:59:21,907 | DEBUG | 140611751503424 | fwdi.Utilites.jwt_tools:<Model: User>:admin@admin.ru
fwdi.Utilites.jwt_tools:eyJhbGciOiJIUzI1NiIsInR5cCI6IkpXVCJ9.eyJzdWIiOiJhZG1pbiIsImVtYWlsIjoiYWRtaW5AYWRtaW4ucnUiLCJzY29wZXMiOlsiYWRtaW4iLCJ1cGxvYWQiXSwiZXhwIjoxNzM3NzI1MDgwfQ.tGGXlgj6Uqt3113ZhRRQ6JjfYBFplJQ6tox_-2GkA6Q:<fwdi.Application.Configs.service_congif.ServiceConfig object at 0x7f7d25c50700>
2025-01-19 06:00:16,305 | DEBUG | 140175490410048 | fwdi.Utilites.jwt_tools:eyJhbGciOiJIUzI1NiIsInR5cCI6IkpXVCJ9.eyJzdWIiOiJhZG1pbiIsImVtYWlsIjoiYWRtaW5AYWRtaW4ucnUiLCJzY29wZXMiOlsiYWRtaW4iLCJ1cGxvYWQiXSwiZXhwIjoxNzM3NzI1MDgwfQ.tGGXlgj6Uqt3113ZhRRQ6JjfYBFplJQ6tox_-2GkA6Q:<fwdi.Application.Configs.service_congif.ServiceConfig object at 0x7f7d25c50700>
fwdi.Utilites.jwt_tools:<Model: User>:admin@admin.ru
2025-01-19 06:00:16,306 | DEBUG | 140175490410048 | fwdi.Utilites.jwt_tools:<Model: User>:admin@admin.ru
fwdi.Utilites.jwt_tools:eyJhbGciOiJIUzI1NiIsInR5cCI6IkpXVCJ9.eyJzdWIiOiJhZG1pbiIsImVtYWlsIjoiYWRtaW5AYWRtaW4ucnUiLCJzY29wZXMiOlsiYWRtaW4iLCJ1cGxvYWQiXSwiZXhwIjoxNzM3NzI1MDgwfQ.tGGXlgj6Uqt3113ZhRRQ6JjfYBFplJQ6tox_-2GkA6Q:<fwdi.Application.Configs.service_congif.ServiceConfig object at 0x7ff4af7b5150>
2025-01-19 06:19:45,758 | DEBUG | 140688901535296 | fwdi.Utilites.jwt_tools:eyJhbGciOiJIUzI1NiIsInR5cCI6IkpXVCJ9.eyJzdWIiOiJhZG1pbiIsImVtYWlsIjoiYWRtaW5AYWRtaW4ucnUiLCJzY29wZXMiOlsiYWRtaW4iLCJ1cGxvYWQiXSwiZXhwIjoxNzM3NzI1MDgwfQ.tGGXlgj6Uqt3113ZhRRQ6JjfYBFplJQ6tox_-2GkA6Q:<fwdi.Application.Configs.service_congif.ServiceConfig object at 0x7ff4af7b5150>
fwdi.Utilites.jwt_tools:<Model: User>:admin@admin.ru
2025-01-19 06:19:45,760 | DEBUG | 140688901535296 | fwdi.Utilites.jwt_tools:<Model: User>:admin@admin.ru
fwdi.Utilites.jwt_tools:eyJhbGciOiJIUzI1NiIsInR5cCI6IkpXVCJ9.eyJzdWIiOiJhZG1pbiIsImVtYWlsIjoiYWRtaW5AYWRtaW4ucnUiLCJzY29wZXMiOlsiYWRtaW4iLCJ1cGxvYWQiXSwiZXhwIjoxNzM3NzI1MDgwfQ.tGGXlgj6Uqt3113ZhRRQ6JjfYBFplJQ6tox_-2GkA6Q:<fwdi.Application.Configs.service_congif.ServiceConfig object at 0x7fb5f81b9000>
2025-01-19 06:20:55,126 | DEBUG | 140419459446336 | fwdi.Utilites.jwt_tools:eyJhbGciOiJIUzI1NiIsInR5cCI6IkpXVCJ9.eyJzdWIiOiJhZG1pbiIsImVtYWlsIjoiYWRtaW5AYWRtaW4ucnUiLCJzY29wZXMiOlsiYWRtaW4iLCJ1cGxvYWQiXSwiZXhwIjoxNzM3NzI1MDgwfQ.tGGXlgj6Uqt3113ZhRRQ6JjfYBFplJQ6tox_-2GkA6Q:<fwdi.Application.Configs.service_congif.ServiceConfig object at 0x7fb5f81b9000>
fwdi.Utilites.jwt_tools:<Model: User>:admin@admin.ru
2025-01-19 06:20:55,127 | DEBUG | 140419459446336 | fwdi.Utilites.jwt_tools:<Model: User>:admin@admin.ru
fwdi.Utilites.jwt_tools:eyJhbGciOiJIUzI1NiIsInR5cCI6IkpXVCJ9.eyJzdWIiOiJhZG1pbiIsImVtYWlsIjoiYWRtaW5AYWRtaW4ucnUiLCJzY29wZXMiOlsiYWRtaW4iLCJ1cGxvYWQiXSwiZXhwIjoxNzM3NzI1MDgwfQ.tGGXlgj6Uqt3113ZhRRQ6JjfYBFplJQ6tox_-2GkA6Q:<fwdi.Application.Configs.service_congif.ServiceConfig object at 0x7f5050845c90>
2025-01-20 01:21:57,395 | DEBUG | 139982934103616 | fwdi.Utilites.jwt_tools:eyJhbGciOiJIUzI1NiIsInR5cCI6IkpXVCJ9.eyJzdWIiOiJhZG1pbiIsImVtYWlsIjoiYWRtaW5AYWRtaW4ucnUiLCJzY29wZXMiOlsiYWRtaW4iLCJ1cGxvYWQiXSwiZXhwIjoxNzM3NzI1MDgwfQ.tGGXlgj6Uqt3113ZhRRQ6JjfYBFplJQ6tox_-2GkA6Q:<fwdi.Application.Configs.service_congif.ServiceConfig object at 0x7f5050845c90>
fwdi.Utilites.jwt_tools:<Model: User>:admin@admin.ru
2025-01-20 01:21:57,398 | DEBUG | 139982934103616 | fwdi.Utilites.jwt_tools:<Model: User>:admin@admin.ru
fwdi.Utilites.jwt_tools:eyJhbGciOiJIUzI1NiIsInR5cCI6IkpXVCJ9.eyJzdWIiOiJhZG1pbiIsImVtYWlsIjoiYWRtaW5AYWRtaW4ucnUiLCJzY29wZXMiOlsiYWRtaW4iLCJ1cGxvYWQiXSwiZXhwIjoxNzM3NzI1MDgwfQ.tGGXlgj6Uqt3113ZhRRQ6JjfYBFplJQ6tox_-2GkA6Q:<fwdi.Application.Configs.service_congif.ServiceConfig object at 0x7fa9acc661d0>
2025-01-20 01:27:53,464 | DEBUG | 140366733891136 | fwdi.Utilites.jwt_tools:eyJhbGciOiJIUzI1NiIsInR5cCI6IkpXVCJ9.eyJzdWIiOiJhZG1pbiIsImVtYWlsIjoiYWRtaW5AYWRtaW4ucnUiLCJzY29wZXMiOlsiYWRtaW4iLCJ1cGxvYWQiXSwiZXhwIjoxNzM3NzI1MDgwfQ.tGGXlgj6Uqt3113ZhRRQ6JjfYBFplJQ6tox_-2GkA6Q:<fwdi.Application.Configs.service_congif.ServiceConfig object at 0x7fa9acc661d0>
fwdi.Utilites.jwt_tools:<Model: User>:admin@admin.ru
2025-01-20 01:27:53,465 | DEBUG | 140366733891136 | fwdi.Utilites.jwt_tools:<Model: User>:admin@admin.ru
fwdi.Utilites.jwt_tools:eyJhbGciOiJIUzI1NiIsInR5cCI6IkpXVCJ9.eyJzdWIiOiJhZG1pbiIsImVtYWlsIjoiYWRtaW5AYWRtaW4ucnUiLCJzY29wZXMiOlsiYWRtaW4iLCJ1cGxvYWQiXSwiZXhwIjoxNzM3NzI1MDgwfQ.tGGXlgj6Uqt3113ZhRRQ6JjfYBFplJQ6tox_-2GkA6Q:<fwdi.Application.Configs.service_congif.ServiceConfig object at 0x7fa9acc661d0>
2025-01-20 01:28:04,272 | DEBUG | 140366733891136 | fwdi.Utilites.jwt_tools:eyJhbGciOiJIUzI1NiIsInR5cCI6IkpXVCJ9.eyJzdWIiOiJhZG1pbiIsImVtYWlsIjoiYWRtaW5AYWRtaW4ucnUiLCJzY29wZXMiOlsiYWRtaW4iLCJ1cGxvYWQiXSwiZXhwIjoxNzM3NzI1MDgwfQ.tGGXlgj6Uqt3113ZhRRQ6JjfYBFplJQ6tox_-2GkA6Q:<fwdi.Application.Configs.service_congif.ServiceConfig object at 0x7fa9acc661d0>
fwdi.Utilites.jwt_tools:<Model: User>:admin@admin.ru
2025-01-20 01:28:04,273 | DEBUG | 140366733891136 | fwdi.Utilites.jwt_tools:<Model: User>:admin@admin.ru
fwdi.Utilites.jwt_tools:eyJhbGciOiJIUzI1NiIsInR5cCI6IkpXVCJ9.eyJzdWIiOiJhZG1pbiIsImVtYWlsIjoiYWRtaW5AYWRtaW4ucnUiLCJzY29wZXMiOlsiYWRtaW4iLCJ1cGxvYWQiXSwiZXhwIjoxNzM3NzI1MDgwfQ.tGGXlgj6Uqt3113ZhRRQ6JjfYBFplJQ6tox_-2GkA6Q:<fwdi.Application.Configs.service_congif.ServiceConfig object at 0x7fc771994220>
2025-01-20 01:34:13,994 | DEBUG | 140494589912640 | fwdi.Utilites.jwt_tools:eyJhbGciOiJIUzI1NiIsInR5cCI6IkpXVCJ9.eyJzdWIiOiJhZG1pbiIsImVtYWlsIjoiYWRtaW5AYWRtaW4ucnUiLCJzY29wZXMiOlsiYWRtaW4iLCJ1cGxvYWQiXSwiZXhwIjoxNzM3NzI1MDgwfQ.tGGXlgj6Uqt3113ZhRRQ6JjfYBFplJQ6tox_-2GkA6Q:<fwdi.Application.Configs.service_congif.ServiceConfig object at 0x7fc771994220>
fwdi.Utilites.jwt_tools:<Model: User>:admin@admin.ru
2025-01-20 01:34:13,997 | DEBUG | 140494589912640 | fwdi.Utilites.jwt_tools:<Model: User>:admin@admin.ru
fwdi.Utilites.jwt_tools:eyJhbGciOiJIUzI1NiIsInR5cCI6IkpXVCJ9.eyJzdWIiOiJhZG1pbiIsImVtYWlsIjoiYWRtaW5AYWRtaW4ucnUiLCJzY29wZXMiOlsiYWRtaW4iLCJ1cGxvYWQiXSwiZXhwIjoxNzM3NzI1MDgwfQ.tGGXlgj6Uqt3113ZhRRQ6JjfYBFplJQ6tox_-2GkA6Q:<fwdi.Application.Configs.service_congif.ServiceConfig object at 0x7f72515c4fd0>
2025-01-20 01:35:55,569 | DEBUG | 140128976627264 | fwdi.Utilites.jwt_tools:eyJhbGciOiJIUzI1NiIsInR5cCI6IkpXVCJ9.eyJzdWIiOiJhZG1pbiIsImVtYWlsIjoiYWRtaW5AYWRtaW4ucnUiLCJzY29wZXMiOlsiYWRtaW4iLCJ1cGxvYWQiXSwiZXhwIjoxNzM3NzI1MDgwfQ.tGGXlgj6Uqt3113ZhRRQ6JjfYBFplJQ6tox_-2GkA6Q:<fwdi.Application.Configs.service_congif.ServiceConfig object at 0x7f72515c4fd0>
fwdi.Utilites.jwt_tools:<Model: User>:admin@admin.ru
2025-01-20 01:35:55,570 | DEBUG | 140128976627264 | fwdi.Utilites.jwt_tools:<Model: User>:admin@admin.ru
fwdi.Utilites.jwt_tools:eyJhbGciOiJIUzI1NiIsInR5cCI6IkpXVCJ9.eyJzdWIiOiJhZG1pbiIsImVtYWlsIjoiYWRtaW5AYWRtaW4ucnUiLCJzY29wZXMiOlsiYWRtaW4iLCJ1cGxvYWQiXSwiZXhwIjoxNzM3NzI1MDgwfQ.tGGXlgj6Uqt3113ZhRRQ6JjfYBFplJQ6tox_-2GkA6Q:<fwdi.Application.Configs.service_congif.ServiceConfig object at 0x7f723cbf14b0>
2025-01-20 01:40:50,478 | DEBUG | 140128542520896 | fwdi.Utilites.jwt_tools:eyJhbGciOiJIUzI1NiIsInR5cCI6IkpXVCJ9.eyJzdWIiOiJhZG1pbiIsImVtYWlsIjoiYWRtaW5AYWRtaW4ucnUiLCJzY29wZXMiOlsiYWRtaW4iLCJ1cGxvYWQiXSwiZXhwIjoxNzM3NzI1MDgwfQ.tGGXlgj6Uqt3113ZhRRQ6JjfYBFplJQ6tox_-2GkA6Q:<fwdi.Application.Configs.service_congif.ServiceConfig object at 0x7f723cbf14b0>
fwdi.Utilites.jwt_tools:<Model: User>:admin@admin.ru
2025-01-20 01:40:50,479 | DEBUG | 140128542520896 | fwdi.Utilites.jwt_tools:<Model: User>:admin@admin.ru
fwdi.Utilites.jwt_tools:eyJhbGciOiJIUzI1NiIsInR5cCI6IkpXVCJ9.eyJzdWIiOiJhZG1pbiIsImVtYWlsIjoiYWRtaW5AYWRtaW4ucnUiLCJzY29wZXMiOlsiYWRtaW4iLCJ1cGxvYWQiXSwiZXhwIjoxNzM3NzI1MDgwfQ.tGGXlgj6Uqt3113ZhRRQ6JjfYBFplJQ6tox_-2GkA6Q:<fwdi.Application.Configs.service_congif.ServiceConfig object at 0x7ff7378bcf70>
2025-01-20 01:53:50,380 | DEBUG | 140699764782656 | fwdi.Utilites.jwt_tools:eyJhbGciOiJIUzI1NiIsInR5cCI6IkpXVCJ9.eyJzdWIiOiJhZG1pbiIsImVtYWlsIjoiYWRtaW5AYWRtaW4ucnUiLCJzY29wZXMiOlsiYWRtaW4iLCJ1cGxvYWQiXSwiZXhwIjoxNzM3NzI1MDgwfQ.tGGXlgj6Uqt3113ZhRRQ6JjfYBFplJQ6tox_-2GkA6Q:<fwdi.Application.Configs.service_congif.ServiceConfig object at 0x7ff7378bcf70>
fwdi.Utilites.jwt_tools:<Model: User>:admin@admin.ru
2025-01-20 01:53:50,382 | DEBUG | 140699764782656 | fwdi.Utilites.jwt_tools:<Model: User>:admin@admin.ru
fwdi.Utilites.jwt_tools:eyJhbGciOiJIUzI1NiIsInR5cCI6IkpXVCJ9.eyJzdWIiOiJhZG1pbiIsImVtYWlsIjoiYWRtaW5AYWRtaW4ucnUiLCJzY29wZXMiOlsiYWRtaW4iLCJ1cGxvYWQiXSwiZXhwIjoxNzM3NzI1MDgwfQ.tGGXlgj6Uqt3113ZhRRQ6JjfYBFplJQ6tox_-2GkA6Q:<fwdi.Application.Configs.service_congif.ServiceConfig object at 0x7f7b66680e20>
2025-01-20 01:56:43,296 | DEBUG | 140167975269952 | fwdi.Utilites.jwt_tools:eyJhbGciOiJIUzI1NiIsInR5cCI6IkpXVCJ9.eyJzdWIiOiJhZG1pbiIsImVtYWlsIjoiYWRtaW5AYWRtaW4ucnUiLCJzY29wZXMiOlsiYWRtaW4iLCJ1cGxvYWQiXSwiZXhwIjoxNzM3NzI1MDgwfQ.tGGXlgj6Uqt3113ZhRRQ6JjfYBFplJQ6tox_-2GkA6Q:<fwdi.Application.Configs.service_congif.ServiceConfig object at 0x7f7b66680e20>
fwdi.Utilites.jwt_tools:<Model: User>:admin@admin.ru
2025-01-20 01:56:43,297 | DEBUG | 140167975269952 | fwdi.Utilites.jwt_tools:<Model: User>:admin@admin.ru
fwdi.Utilites.jwt_tools:eyJhbGciOiJIUzI1NiIsInR5cCI6IkpXVCJ9.eyJzdWIiOiJhZG1pbiIsImVtYWlsIjoiYWRtaW5AYWRtaW4ucnUiLCJzY29wZXMiOlsiYWRtaW4iLCJ1cGxvYWQiXSwiZXhwIjoxNzM3NzI1MDgwfQ.tGGXlgj6Uqt3113ZhRRQ6JjfYBFplJQ6tox_-2GkA6Q:<fwdi.Application.Configs.service_congif.ServiceConfig object at 0x7f742b4b0f70>
2025-01-20 01:58:23,402 | DEBUG | 140136918545984 | fwdi.Utilites.jwt_tools:eyJhbGciOiJIUzI1NiIsInR5cCI6IkpXVCJ9.eyJzdWIiOiJhZG1pbiIsImVtYWlsIjoiYWRtaW5AYWRtaW4ucnUiLCJzY29wZXMiOlsiYWRtaW4iLCJ1cGxvYWQiXSwiZXhwIjoxNzM3NzI1MDgwfQ.tGGXlgj6Uqt3113ZhRRQ6JjfYBFplJQ6tox_-2GkA6Q:<fwdi.Application.Configs.service_congif.ServiceConfig object at 0x7f742b4b0f70>
fwdi.Utilites.jwt_tools:<Model: User>:admin@admin.ru
2025-01-20 01:58:23,403 | DEBUG | 140136918545984 | fwdi.Utilites.jwt_tools:<Model: User>:admin@admin.ru
fwdi.Utilites.jwt_tools:eyJhbGciOiJIUzI1NiIsInR5cCI6IkpXVCJ9.eyJzdWIiOiJhZG1pbiIsImVtYWlsIjoiYWRtaW5AYWRtaW4ucnUiLCJzY29wZXMiOlsiYWRtaW4iLCJ1cGxvYWQiXSwiZXhwIjoxNzM3NzI1MDgwfQ.tGGXlgj6Uqt3113ZhRRQ6JjfYBFplJQ6tox_-2GkA6Q:<fwdi.Application.Configs.service_congif.ServiceConfig object at 0x7f6effead000>
2025-01-20 02:00:26,361 | DEBUG | 140114715997760 | fwdi.Utilites.jwt_tools:eyJhbGciOiJIUzI1NiIsInR5cCI6IkpXVCJ9.eyJzdWIiOiJhZG1pbiIsImVtYWlsIjoiYWRtaW5AYWRtaW4ucnUiLCJzY29wZXMiOlsiYWRtaW4iLCJ1cGxvYWQiXSwiZXhwIjoxNzM3NzI1MDgwfQ.tGGXlgj6Uqt3113ZhRRQ6JjfYBFplJQ6tox_-2GkA6Q:<fwdi.Application.Configs.service_congif.ServiceConfig object at 0x7f6effead000>
fwdi.Utilites.jwt_tools:<Model: User>:admin@admin.ru
2025-01-20 02:00:26,362 | DEBUG | 140114715997760 | fwdi.Utilites.jwt_tools:<Model: User>:admin@admin.ru
fwdi.Utilites.jwt_tools:eyJhbGciOiJIUzI1NiIsInR5cCI6IkpXVCJ9.eyJzdWIiOiJhZG1pbiIsImVtYWlsIjoiYWRtaW5AYWRtaW4ucnUiLCJzY29wZXMiOlsiYWRtaW4iLCJ1cGxvYWQiXSwiZXhwIjoxNzM3NzI1MDgwfQ.tGGXlgj6Uqt3113ZhRRQ6JjfYBFplJQ6tox_-2GkA6Q:<fwdi.Application.Configs.service_congif.ServiceConfig object at 0x7fc0950bcbe0>
2025-01-20 02:01:29,414 | DEBUG | 140465110251072 | fwdi.Utilites.jwt_tools:eyJhbGciOiJIUzI1NiIsInR5cCI6IkpXVCJ9.eyJzdWIiOiJhZG1pbiIsImVtYWlsIjoiYWRtaW5AYWRtaW4ucnUiLCJzY29wZXMiOlsiYWRtaW4iLCJ1cGxvYWQiXSwiZXhwIjoxNzM3NzI1MDgwfQ.tGGXlgj6Uqt3113ZhRRQ6JjfYBFplJQ6tox_-2GkA6Q:<fwdi.Application.Configs.service_congif.ServiceConfig object at 0x7fc0950bcbe0>
fwdi.Utilites.jwt_tools:<Model: User>:admin@admin.ru
2025-01-20 02:01:29,415 | DEBUG | 140465110251072 | fwdi.Utilites.jwt_tools:<Model: User>:admin@admin.ru
fwdi.Utilites.jwt_tools:eyJhbGciOiJIUzI1NiIsInR5cCI6IkpXVCJ9.eyJzdWIiOiJhZG1pbiIsImVtYWlsIjoiYWRtaW5AYWRtaW4ucnUiLCJzY29wZXMiOlsiYWRtaW4iLCJ1cGxvYWQiXSwiZXhwIjoxNzM3NzI1MDgwfQ.tGGXlgj6Uqt3113ZhRRQ6JjfYBFplJQ6tox_-2GkA6Q:<fwdi.Application.Configs.service_congif.ServiceConfig object at 0x7fa433910f10>
2025-01-20 02:03:34,062 | DEBUG | 140343226922560 | fwdi.Utilites.jwt_tools:eyJhbGciOiJIUzI1NiIsInR5cCI6IkpXVCJ9.eyJzdWIiOiJhZG1pbiIsImVtYWlsIjoiYWRtaW5AYWRtaW4ucnUiLCJzY29wZXMiOlsiYWRtaW4iLCJ1cGxvYWQiXSwiZXhwIjoxNzM3NzI1MDgwfQ.tGGXlgj6Uqt3113ZhRRQ6JjfYBFplJQ6tox_-2GkA6Q:<fwdi.Application.Configs.service_congif.ServiceConfig object at 0x7fa433910f10>
fwdi.Utilites.jwt_tools:<Model: User>:admin@admin.ru
2025-01-20 02:03:34,064 | DEBUG | 140343226922560 | fwdi.Utilites.jwt_tools:<Model: User>:admin@admin.ru
fwdi.Utilites.jwt_tools:eyJhbGciOiJIUzI1NiIsInR5cCI6IkpXVCJ9.eyJzdWIiOiJhZG1pbiIsImVtYWlsIjoiYWRtaW5AYWRtaW4ucnUiLCJzY29wZXMiOlsiYWRtaW4iLCJ1cGxvYWQiXSwiZXhwIjoxNzM3NzI1MDgwfQ.tGGXlgj6Uqt3113ZhRRQ6JjfYBFplJQ6tox_-2GkA6Q:<fwdi.Application.Configs.service_congif.ServiceConfig object at 0x7f6b9bdbca00>
2025-01-20 02:06:05,051 | DEBUG | 140100152325696 | fwdi.Utilites.jwt_tools:eyJhbGciOiJIUzI1NiIsInR5cCI6IkpXVCJ9.eyJzdWIiOiJhZG1pbiIsImVtYWlsIjoiYWRtaW5AYWRtaW4ucnUiLCJzY29wZXMiOlsiYWRtaW4iLCJ1cGxvYWQiXSwiZXhwIjoxNzM3NzI1MDgwfQ.tGGXlgj6Uqt3113ZhRRQ6JjfYBFplJQ6tox_-2GkA6Q:<fwdi.Application.Configs.service_congif.ServiceConfig object at 0x7f6b9bdbca00>
fwdi.Utilites.jwt_tools:<Model: User>:admin@admin.ru
2025-01-20 02:06:05,052 | DEBUG | 140100152325696 | fwdi.Utilites.jwt_tools:<Model: User>:admin@admin.ru
fwdi.Utilites.jwt_tools:eyJhbGciOiJIUzI1NiIsInR5cCI6IkpXVCJ9.eyJzdWIiOiJhZG1pbiIsImVtYWlsIjoiYWRtaW5AYWRtaW4ucnUiLCJzY29wZXMiOlsiYWRtaW4iLCJ1cGxvYWQiXSwiZXhwIjoxNzM3NzI1MDgwfQ.tGGXlgj6Uqt3113ZhRRQ6JjfYBFplJQ6tox_-2GkA6Q:<fwdi.Application.Configs.service_congif.ServiceConfig object at 0x7fd35da80a90>
2025-01-20 02:07:21,159 | DEBUG | 140545785591360 | fwdi.Utilites.jwt_tools:eyJhbGciOiJIUzI1NiIsInR5cCI6IkpXVCJ9.eyJzdWIiOiJhZG1pbiIsImVtYWlsIjoiYWRtaW5AYWRtaW4ucnUiLCJzY29wZXMiOlsiYWRtaW4iLCJ1cGxvYWQiXSwiZXhwIjoxNzM3NzI1MDgwfQ.tGGXlgj6Uqt3113ZhRRQ6JjfYBFplJQ6tox_-2GkA6Q:<fwdi.Application.Configs.service_congif.ServiceConfig object at 0x7fd35da80a90>
fwdi.Utilites.jwt_tools:<Model: User>:admin@admin.ru
2025-01-20 02:07:21,160 | DEBUG | 140545785591360 | fwdi.Utilites.jwt_tools:<Model: User>:admin@admin.ru
fwdi.Utilites.jwt_tools:eyJhbGciOiJIUzI1NiIsInR5cCI6IkpXVCJ9.eyJzdWIiOiJhZG1pbiIsImVtYWlsIjoiYWRtaW5AYWRtaW4ucnUiLCJzY29wZXMiOlsiYWRtaW4iLCJ1cGxvYWQiXSwiZXhwIjoxNzM3NzI1MDgwfQ.tGGXlgj6Uqt3113ZhRRQ6JjfYBFplJQ6tox_-2GkA6Q:<fwdi.Application.Configs.service_congif.ServiceConfig object at 0x7f04594a88e0>
2025-01-20 02:08:26,626 | DEBUG | 139656653960768 | fwdi.Utilites.jwt_tools:eyJhbGciOiJIUzI1NiIsInR5cCI6IkpXVCJ9.eyJzdWIiOiJhZG1pbiIsImVtYWlsIjoiYWRtaW5AYWRtaW4ucnUiLCJzY29wZXMiOlsiYWRtaW4iLCJ1cGxvYWQiXSwiZXhwIjoxNzM3NzI1MDgwfQ.tGGXlgj6Uqt3113ZhRRQ6JjfYBFplJQ6tox_-2GkA6Q:<fwdi.Application.Configs.service_congif.ServiceConfig object at 0x7f04594a88e0>
fwdi.Utilites.jwt_tools:<Model: User>:admin@admin.ru
2025-01-20 02:08:26,627 | DEBUG | 139656653960768 | fwdi.Utilites.jwt_tools:<Model: User>:admin@admin.ru
fwdi.Utilites.jwt_tools:eyJhbGciOiJIUzI1NiIsInR5cCI6IkpXVCJ9.eyJzdWIiOiJhZG1pbiIsImVtYWlsIjoiYWRtaW5AYWRtaW4ucnUiLCJzY29wZXMiOlsiYWRtaW4iLCJ1cGxvYWQiXSwiZXhwIjoxNzM3NzI1MDgwfQ.tGGXlgj6Uqt3113ZhRRQ6JjfYBFplJQ6tox_-2GkA6Q:<fwdi.Application.Configs.service_congif.ServiceConfig object at 0x7fa5b311c8e0>
2025-01-20 02:09:47,413 | DEBUG | 140349650499136 | fwdi.Utilites.jwt_tools:eyJhbGciOiJIUzI1NiIsInR5cCI6IkpXVCJ9.eyJzdWIiOiJhZG1pbiIsImVtYWlsIjoiYWRtaW5AYWRtaW4ucnUiLCJzY29wZXMiOlsiYWRtaW4iLCJ1cGxvYWQiXSwiZXhwIjoxNzM3NzI1MDgwfQ.tGGXlgj6Uqt3113ZhRRQ6JjfYBFplJQ6tox_-2GkA6Q:<fwdi.Application.Configs.service_congif.ServiceConfig object at 0x7fa5b311c8e0>
fwdi.Utilites.jwt_tools:<Model: User>:admin@admin.ru
2025-01-20 02:09:47,414 | DEBUG | 140349650499136 | fwdi.Utilites.jwt_tools:<Model: User>:admin@admin.ru
fwdi.Utilites.jwt_tools:eyJhbGciOiJIUzI1NiIsInR5cCI6IkpXVCJ9.eyJzdWIiOiJhZG1pbiIsImVtYWlsIjoiYWRtaW5AYWRtaW4ucnUiLCJzY29wZXMiOlsiYWRtaW4iLCJ1cGxvYWQiXSwiZXhwIjoxNzM3NzI1MDgwfQ.tGGXlgj6Uqt3113ZhRRQ6JjfYBFplJQ6tox_-2GkA6Q:<fwdi.Application.Configs.service_congif.ServiceConfig object at 0x7f47baac4880>
2025-01-20 02:10:45,230 | DEBUG | 139946050451008 | fwdi.Utilites.jwt_tools:eyJhbGciOiJIUzI1NiIsInR5cCI6IkpXVCJ9.eyJzdWIiOiJhZG1pbiIsImVtYWlsIjoiYWRtaW5AYWRtaW4ucnUiLCJzY29wZXMiOlsiYWRtaW4iLCJ1cGxvYWQiXSwiZXhwIjoxNzM3NzI1MDgwfQ.tGGXlgj6Uqt3113ZhRRQ6JjfYBFplJQ6tox_-2GkA6Q:<fwdi.Application.Configs.service_congif.ServiceConfig object at 0x7f47baac4880>
fwdi.Utilites.jwt_tools:<Model: User>:admin@admin.ru
2025-01-20 02:10:45,231 | DEBUG | 139946050451008 | fwdi.Utilites.jwt_tools:<Model: User>:admin@admin.ru
fwdi.Utilites.jwt_tools:eyJhbGciOiJIUzI1NiIsInR5cCI6IkpXVCJ9.eyJzdWIiOiJhZG1pbiIsImVtYWlsIjoiYWRtaW5AYWRtaW4ucnUiLCJzY29wZXMiOlsiYWRtaW4iLCJ1cGxvYWQiXSwiZXhwIjoxNzM3NzI1MDgwfQ.tGGXlgj6Uqt3113ZhRRQ6JjfYBFplJQ6tox_-2GkA6Q:<fwdi.Application.Configs.service_congif.ServiceConfig object at 0x7f576c7b4940>
2025-01-20 02:11:37,060 | DEBUG | 140013458159168 | fwdi.Utilites.jwt_tools:eyJhbGciOiJIUzI1NiIsInR5cCI6IkpXVCJ9.eyJzdWIiOiJhZG1pbiIsImVtYWlsIjoiYWRtaW5AYWRtaW4ucnUiLCJzY29wZXMiOlsiYWRtaW4iLCJ1cGxvYWQiXSwiZXhwIjoxNzM3NzI1MDgwfQ.tGGXlgj6Uqt3113ZhRRQ6JjfYBFplJQ6tox_-2GkA6Q:<fwdi.Application.Configs.service_congif.ServiceConfig object at 0x7f576c7b4940>
fwdi.Utilites.jwt_tools:<Model: User>:admin@admin.ru
2025-01-20 02:11:37,061 | DEBUG | 140013458159168 | fwdi.Utilites.jwt_tools:<Model: User>:admin@admin.ru
fwdi.Utilites.jwt_tools:eyJhbGciOiJIUzI1NiIsInR5cCI6IkpXVCJ9.eyJzdWIiOiJhZG1pbiIsImVtYWlsIjoiYWRtaW5AYWRtaW4ucnUiLCJzY29wZXMiOlsiYWRtaW4iLCJ1cGxvYWQiXSwiZXhwIjoxNzM3NzI1MDgwfQ.tGGXlgj6Uqt3113ZhRRQ6JjfYBFplJQ6tox_-2GkA6Q:<fwdi.Application.Configs.service_congif.ServiceConfig object at 0x7fb8a77cc850>
2025-01-20 02:12:19,916 | DEBUG | 140431059842624 | fwdi.Utilites.jwt_tools:eyJhbGciOiJIUzI1NiIsInR5cCI6IkpXVCJ9.eyJzdWIiOiJhZG1pbiIsImVtYWlsIjoiYWRtaW5AYWRtaW4ucnUiLCJzY29wZXMiOlsiYWRtaW4iLCJ1cGxvYWQiXSwiZXhwIjoxNzM3NzI1MDgwfQ.tGGXlgj6Uqt3113ZhRRQ6JjfYBFplJQ6tox_-2GkA6Q:<fwdi.Application.Configs.service_congif.ServiceConfig object at 0x7fb8a77cc850>
fwdi.Utilites.jwt_tools:<Model: User>:admin@admin.ru
2025-01-20 02:12:19,917 | DEBUG | 140431059842624 | fwdi.Utilites.jwt_tools:<Model: User>:admin@admin.ru
fwdi.Utilites.jwt_tools:eyJhbGciOiJIUzI1NiIsInR5cCI6IkpXVCJ9.eyJzdWIiOiJhZG1pbiIsImVtYWlsIjoiYWRtaW5AYWRtaW4ucnUiLCJzY29wZXMiOlsiYWRtaW4iLCJ1cGxvYWQiXSwiZXhwIjoxNzM3NzI1MDgwfQ.tGGXlgj6Uqt3113ZhRRQ6JjfYBFplJQ6tox_-2GkA6Q:<fwdi.Application.Configs.service_congif.ServiceConfig object at 0x7f09b6a48a00>
2025-01-20 02:12:54,798 | DEBUG | 139679695369792 | fwdi.Utilites.jwt_tools:eyJhbGciOiJIUzI1NiIsInR5cCI6IkpXVCJ9.eyJzdWIiOiJhZG1pbiIsImVtYWlsIjoiYWRtaW5AYWRtaW4ucnUiLCJzY29wZXMiOlsiYWRtaW4iLCJ1cGxvYWQiXSwiZXhwIjoxNzM3NzI1MDgwfQ.tGGXlgj6Uqt3113ZhRRQ6JjfYBFplJQ6tox_-2GkA6Q:<fwdi.Application.Configs.service_congif.ServiceConfig object at 0x7f09b6a48a00>
fwdi.Utilites.jwt_tools:<Model: User>:admin@admin.ru
2025-01-20 02:12:54,800 | DEBUG | 139679695369792 | fwdi.Utilites.jwt_tools:<Model: User>:admin@admin.ru
fwdi.Utilites.jwt_tools:eyJhbGciOiJIUzI1NiIsInR5cCI6IkpXVCJ9.eyJzdWIiOiJhZG1pbiIsImVtYWlsIjoiYWRtaW5AYWRtaW4ucnUiLCJzY29wZXMiOlsiYWRtaW4iLCJ1cGxvYWQiXSwiZXhwIjoxNzM3NzI1MDgwfQ.tGGXlgj6Uqt3113ZhRRQ6JjfYBFplJQ6tox_-2GkA6Q:<fwdi.Application.Configs.service_congif.ServiceConfig object at 0x7f8f7e878880>
2025-01-20 02:14:56,797 | DEBUG | 140254279366208 | fwdi.Utilites.jwt_tools:eyJhbGciOiJIUzI1NiIsInR5cCI6IkpXVCJ9.eyJzdWIiOiJhZG1pbiIsImVtYWlsIjoiYWRtaW5AYWRtaW4ucnUiLCJzY29wZXMiOlsiYWRtaW4iLCJ1cGxvYWQiXSwiZXhwIjoxNzM3NzI1MDgwfQ.tGGXlgj6Uqt3113ZhRRQ6JjfYBFplJQ6tox_-2GkA6Q:<fwdi.Application.Configs.service_congif.ServiceConfig object at 0x7f8f7e878880>
fwdi.Utilites.jwt_tools:<Model: User>:admin@admin.ru
2025-01-20 02:14:56,798 | DEBUG | 140254279366208 | fwdi.Utilites.jwt_tools:<Model: User>:admin@admin.ru
fwdi.Utilites.jwt_tools:eyJhbGciOiJIUzI1NiIsInR5cCI6IkpXVCJ9.eyJzdWIiOiJhZG1pbiIsImVtYWlsIjoiYWRtaW5AYWRtaW4ucnUiLCJzY29wZXMiOlsiYWRtaW4iLCJ1cGxvYWQiXSwiZXhwIjoxNzM3NzI1MDgwfQ.tGGXlgj6Uqt3113ZhRRQ6JjfYBFplJQ6tox_-2GkA6Q:<fwdi.Application.Configs.service_congif.ServiceConfig object at 0x7f87727b8b80>
2025-01-20 02:17:44,316 | DEBUG | 140219717252672 | fwdi.Utilites.jwt_tools:eyJhbGciOiJIUzI1NiIsInR5cCI6IkpXVCJ9.eyJzdWIiOiJhZG1pbiIsImVtYWlsIjoiYWRtaW5AYWRtaW4ucnUiLCJzY29wZXMiOlsiYWRtaW4iLCJ1cGxvYWQiXSwiZXhwIjoxNzM3NzI1MDgwfQ.tGGXlgj6Uqt3113ZhRRQ6JjfYBFplJQ6tox_-2GkA6Q:<fwdi.Application.Configs.service_congif.ServiceConfig object at 0x7f87727b8b80>
fwdi.Utilites.jwt_tools:<Model: User>:admin@admin.ru
2025-01-20 02:17:44,317 | DEBUG | 140219717252672 | fwdi.Utilites.jwt_tools:<Model: User>:admin@admin.ru
fwdi.Utilites.jwt_tools:eyJhbGciOiJIUzI1NiIsInR5cCI6IkpXVCJ9.eyJzdWIiOiJhZG1pbiIsImVtYWlsIjoiYWRtaW5AYWRtaW4ucnUiLCJzY29wZXMiOlsiYWRtaW4iLCJ1cGxvYWQiXSwiZXhwIjoxNzM3NzI1MDgwfQ.tGGXlgj6Uqt3113ZhRRQ6JjfYBFplJQ6tox_-2GkA6Q:<fwdi.Application.Configs.service_congif.ServiceConfig object at 0x7fdeefa9d030>
2025-01-20 17:42:16,624 | DEBUG | 140595479705152 | fwdi.Utilites.jwt_tools:eyJhbGciOiJIUzI1NiIsInR5cCI6IkpXVCJ9.eyJzdWIiOiJhZG1pbiIsImVtYWlsIjoiYWRtaW5AYWRtaW4ucnUiLCJzY29wZXMiOlsiYWRtaW4iLCJ1cGxvYWQiXSwiZXhwIjoxNzM3NzI1MDgwfQ.tGGXlgj6Uqt3113ZhRRQ6JjfYBFplJQ6tox_-2GkA6Q:<fwdi.Application.Configs.service_congif.ServiceConfig object at 0x7fdeefa9d030>
fwdi.Utilites.jwt_tools:<Model: User>:admin@admin.ru
2025-01-20 17:42:16,628 | DEBUG | 140595479705152 | fwdi.Utilites.jwt_tools:<Model: User>:admin@admin.ru
fwdi.Utilites.jwt_tools:eyJhbGciOiJIUzI1NiIsInR5cCI6IkpXVCJ9.eyJzdWIiOiJhZG1pbiIsImVtYWlsIjoiYWRtaW5AYWRtaW4ucnUiLCJzY29wZXMiOlsiYWRtaW4iLCJ1cGxvYWQiXSwiZXhwIjoxNzM3NzI1MDgwfQ.tGGXlgj6Uqt3113ZhRRQ6JjfYBFplJQ6tox_-2GkA6Q:<fwdi.Application.Configs.service_congif.ServiceConfig object at 0x7fa46fda0fd0>
2025-01-20 17:44:26,982 | DEBUG | 140344227264064 | fwdi.Utilites.jwt_tools:eyJhbGciOiJIUzI1NiIsInR5cCI6IkpXVCJ9.eyJzdWIiOiJhZG1pbiIsImVtYWlsIjoiYWRtaW5AYWRtaW4ucnUiLCJzY29wZXMiOlsiYWRtaW4iLCJ1cGxvYWQiXSwiZXhwIjoxNzM3NzI1MDgwfQ.tGGXlgj6Uqt3113ZhRRQ6JjfYBFplJQ6tox_-2GkA6Q:<fwdi.Application.Configs.service_congif.ServiceConfig object at 0x7fa46fda0fd0>
fwdi.Utilites.jwt_tools:<Model: User>:admin@admin.ru
2025-01-20 17:44:26,983 | DEBUG | 140344227264064 | fwdi.Utilites.jwt_tools:<Model: User>:admin@admin.ru
fwdi.Utilites.jwt_tools:eyJhbGciOiJIUzI1NiIsInR5cCI6IkpXVCJ9.eyJzdWIiOiJhZG1pbiIsImVtYWlsIjoiYWRtaW5AYWRtaW4ucnUiLCJzY29wZXMiOlsiYWRtaW4iLCJ1cGxvYWQiXSwiZXhwIjoxNzM3NzI1MDgwfQ.tGGXlgj6Uqt3113ZhRRQ6JjfYBFplJQ6tox_-2GkA6Q:<fwdi.Application.Configs.service_congif.ServiceConfig object at 0x7f4a18f95540>
2025-01-20 19:15:07,245 | DEBUG | 139956222686784 | fwdi.Utilites.jwt_tools:eyJhbGciOiJIUzI1NiIsInR5cCI6IkpXVCJ9.eyJzdWIiOiJhZG1pbiIsImVtYWlsIjoiYWRtaW5AYWRtaW4ucnUiLCJzY29wZXMiOlsiYWRtaW4iLCJ1cGxvYWQiXSwiZXhwIjoxNzM3NzI1MDgwfQ.tGGXlgj6Uqt3113ZhRRQ6JjfYBFplJQ6tox_-2GkA6Q:<fwdi.Application.Configs.service_congif.ServiceConfig object at 0x7f4a18f95540>
fwdi.Utilites.jwt_tools:<Model: User>:admin@admin.ru
2025-01-20 19:15:07,248 | DEBUG | 139956222686784 | fwdi.Utilites.jwt_tools:<Model: User>:admin@admin.ru
fwdi.Utilites.jwt_tools:eyJhbGciOiJIUzI1NiIsInR5cCI6IkpXVCJ9.eyJzdWIiOiJhZG1pbiIsImVtYWlsIjoiYWRtaW5AYWRtaW4ucnUiLCJzY29wZXMiOlsiYWRtaW4iLCJ1cGxvYWQiXSwiZXhwIjoxNzM3NzI1MDgwfQ.tGGXlgj6Uqt3113ZhRRQ6JjfYBFplJQ6tox_-2GkA6Q:<fwdi.Application.Configs.service_congif.ServiceConfig object at 0x7f4a18f95540>
2025-01-20 19:16:26,083 | DEBUG | 139956222686784 | fwdi.Utilites.jwt_tools:eyJhbGciOiJIUzI1NiIsInR5cCI6IkpXVCJ9.eyJzdWIiOiJhZG1pbiIsImVtYWlsIjoiYWRtaW5AYWRtaW4ucnUiLCJzY29wZXMiOlsiYWRtaW4iLCJ1cGxvYWQiXSwiZXhwIjoxNzM3NzI1MDgwfQ.tGGXlgj6Uqt3113ZhRRQ6JjfYBFplJQ6tox_-2GkA6Q:<fwdi.Application.Configs.service_congif.ServiceConfig object at 0x7f4a18f95540>
fwdi.Utilites.jwt_tools:<Model: User>:admin@admin.ru
2025-01-20 19:16:26,084 | DEBUG | 139956222686784 | fwdi.Utilites.jwt_tools:<Model: User>:admin@admin.ru
fwdi.Utilites.jwt_tools:eyJhbGciOiJIUzI1NiIsInR5cCI6IkpXVCJ9.eyJzdWIiOiJhZG1pbiIsImVtYWlsIjoiYWRtaW5AYWRtaW4ucnUiLCJzY29wZXMiOlsiYWRtaW4iLCJ1cGxvYWQiXSwiZXhwIjoxNzM3NzI1MDgwfQ.tGGXlgj6Uqt3113ZhRRQ6JjfYBFplJQ6tox_-2GkA6Q:<fwdi.Application.Configs.service_congif.ServiceConfig object at 0x7f999c0b3070>
2025-01-20 19:18:03,077 | DEBUG | 140297723967040 | fwdi.Utilites.jwt_tools:eyJhbGciOiJIUzI1NiIsInR5cCI6IkpXVCJ9.eyJzdWIiOiJhZG1pbiIsImVtYWlsIjoiYWRtaW5AYWRtaW4ucnUiLCJzY29wZXMiOlsiYWRtaW4iLCJ1cGxvYWQiXSwiZXhwIjoxNzM3NzI1MDgwfQ.tGGXlgj6Uqt3113ZhRRQ6JjfYBFplJQ6tox_-2GkA6Q:<fwdi.Application.Configs.service_congif.ServiceConfig object at 0x7f999c0b3070>
fwdi.Utilites.jwt_tools:<Model: User>:admin@admin.ru
2025-01-20 19:18:03,079 | DEBUG | 140297723967040 | fwdi.Utilites.jwt_tools:<Model: User>:admin@admin.ru
fwdi.Utilites.jwt_tools:eyJhbGciOiJIUzI1NiIsInR5cCI6IkpXVCJ9.eyJzdWIiOiJhZG1pbiIsImVtYWlsIjoiYWRtaW5AYWRtaW4ucnUiLCJzY29wZXMiOlsiYWRtaW4iLCJ1cGxvYWQiXSwiZXhwIjoxNzM3NzI1MDgwfQ.tGGXlgj6Uqt3113ZhRRQ6JjfYBFplJQ6tox_-2GkA6Q:<fwdi.Application.Configs.service_congif.ServiceConfig object at 0x7f999c0b3070>
2025-01-20 19:19:43,542 | DEBUG | 140297723967040 | fwdi.Utilites.jwt_tools:eyJhbGciOiJIUzI1NiIsInR5cCI6IkpXVCJ9.eyJzdWIiOiJhZG1pbiIsImVtYWlsIjoiYWRtaW5AYWRtaW4ucnUiLCJzY29wZXMiOlsiYWRtaW4iLCJ1cGxvYWQiXSwiZXhwIjoxNzM3NzI1MDgwfQ.tGGXlgj6Uqt3113ZhRRQ6JjfYBFplJQ6tox_-2GkA6Q:<fwdi.Application.Configs.service_congif.ServiceConfig object at 0x7f999c0b3070>
fwdi.Utilites.jwt_tools:<Model: User>:admin@admin.ru
2025-01-20 19:19:43,544 | DEBUG | 140297723967040 | fwdi.Utilites.jwt_tools:<Model: User>:admin@admin.ru
fwdi.Utilites.jwt_tools:eyJhbGciOiJIUzI1NiIsInR5cCI6IkpXVCJ9.eyJzdWIiOiJhZG1pbiIsImVtYWlsIjoiYWRtaW5AYWRtaW4ucnUiLCJzY29wZXMiOlsiYWRtaW4iLCJ1cGxvYWQiXSwiZXhwIjoxNzM3NzI1MDgwfQ.tGGXlgj6Uqt3113ZhRRQ6JjfYBFplJQ6tox_-2GkA6Q:<fwdi.Application.Configs.service_congif.ServiceConfig object at 0x7f999c0b3070>
2025-01-20 19:19:48,811 | DEBUG | 140297723967040 | fwdi.Utilites.jwt_tools:eyJhbGciOiJIUzI1NiIsInR5cCI6IkpXVCJ9.eyJzdWIiOiJhZG1pbiIsImVtYWlsIjoiYWRtaW5AYWRtaW4ucnUiLCJzY29wZXMiOlsiYWRtaW4iLCJ1cGxvYWQiXSwiZXhwIjoxNzM3NzI1MDgwfQ.tGGXlgj6Uqt3113ZhRRQ6JjfYBFplJQ6tox_-2GkA6Q:<fwdi.Application.Configs.service_congif.ServiceConfig object at 0x7f999c0b3070>
fwdi.Utilites.jwt_tools:<Model: User>:admin@admin.ru
2025-01-20 19:19:48,811 | DEBUG | 140297723967040 | fwdi.Utilites.jwt_tools:<Model: User>:admin@admin.ru
fwdi.Utilites.jwt_tools:eyJhbGciOiJIUzI1NiIsInR5cCI6IkpXVCJ9.eyJzdWIiOiJhZG1pbiIsImVtYWlsIjoiYWRtaW5AYWRtaW4ucnUiLCJzY29wZXMiOlsiYWRtaW4iLCJ1cGxvYWQiXSwiZXhwIjoxNzM3NzI1MDgwfQ.tGGXlgj6Uqt3113ZhRRQ6JjfYBFplJQ6tox_-2GkA6Q:<fwdi.Application.Configs.service_congif.ServiceConfig object at 0x7f999c0b3070>
2025-01-20 19:19:54,291 | DEBUG | 140297723967040 | fwdi.Utilites.jwt_tools:eyJhbGciOiJIUzI1NiIsInR5cCI6IkpXVCJ9.eyJzdWIiOiJhZG1pbiIsImVtYWlsIjoiYWRtaW5AYWRtaW4ucnUiLCJzY29wZXMiOlsiYWRtaW4iLCJ1cGxvYWQiXSwiZXhwIjoxNzM3NzI1MDgwfQ.tGGXlgj6Uqt3113ZhRRQ6JjfYBFplJQ6tox_-2GkA6Q:<fwdi.Application.Configs.service_congif.ServiceConfig object at 0x7f999c0b3070>
fwdi.Utilites.jwt_tools:<Model: User>:admin@admin.ru
2025-01-20 19:19:54,292 | DEBUG | 140297723967040 | fwdi.Utilites.jwt_tools:<Model: User>:admin@admin.ru
fwdi.Utilites.jwt_tools:eyJhbGciOiJIUzI1NiIsInR5cCI6IkpXVCJ9.eyJzdWIiOiJhZG1pbiIsImVtYWlsIjoiYWRtaW5AYWRtaW4ucnUiLCJzY29wZXMiOlsiYWRtaW4iLCJ1cGxvYWQiXSwiZXhwIjoxNzM3NzI1MDgwfQ.tGGXlgj6Uqt3113ZhRRQ6JjfYBFplJQ6tox_-2GkA6Q:<fwdi.Application.Configs.service_congif.ServiceConfig object at 0x7f999c0b3070>
2025-01-20 19:19:55,241 | DEBUG | 140297723967040 | fwdi.Utilites.jwt_tools:eyJhbGciOiJIUzI1NiIsInR5cCI6IkpXVCJ9.eyJzdWIiOiJhZG1pbiIsImVtYWlsIjoiYWRtaW5AYWRtaW4ucnUiLCJzY29wZXMiOlsiYWRtaW4iLCJ1cGxvYWQiXSwiZXhwIjoxNzM3NzI1MDgwfQ.tGGXlgj6Uqt3113ZhRRQ6JjfYBFplJQ6tox_-2GkA6Q:<fwdi.Application.Configs.service_congif.ServiceConfig object at 0x7f999c0b3070>
fwdi.Utilites.jwt_tools:<Model: User>:admin@admin.ru
2025-01-20 19:19:55,242 | DEBUG | 140297723967040 | fwdi.Utilites.jwt_tools:<Model: User>:admin@admin.ru
fwdi.Utilites.jwt_tools:eyJhbGciOiJIUzI1NiIsInR5cCI6IkpXVCJ9.eyJzdWIiOiJhZG1pbiIsImVtYWlsIjoiYWRtaW5AYWRtaW4ucnUiLCJzY29wZXMiOlsiYWRtaW4iLCJ1cGxvYWQiXSwiZXhwIjoxNzM3NzI1MDgwfQ.tGGXlgj6Uqt3113ZhRRQ6JjfYBFplJQ6tox_-2GkA6Q:<fwdi.Application.Configs.service_congif.ServiceConfig object at 0x7f999c0b3070>
2025-01-20 19:19:59,213 | DEBUG | 140297723967040 | fwdi.Utilites.jwt_tools:eyJhbGciOiJIUzI1NiIsInR5cCI6IkpXVCJ9.eyJzdWIiOiJhZG1pbiIsImVtYWlsIjoiYWRtaW5AYWRtaW4ucnUiLCJzY29wZXMiOlsiYWRtaW4iLCJ1cGxvYWQiXSwiZXhwIjoxNzM3NzI1MDgwfQ.tGGXlgj6Uqt3113ZhRRQ6JjfYBFplJQ6tox_-2GkA6Q:<fwdi.Application.Configs.service_congif.ServiceConfig object at 0x7f999c0b3070>
fwdi.Utilites.jwt_tools:<Model: User>:admin@admin.ru
2025-01-20 19:19:59,214 | DEBUG | 140297723967040 | fwdi.Utilites.jwt_tools:<Model: User>:admin@admin.ru
fwdi.Utilites.jwt_tools:eyJhbGciOiJIUzI1NiIsInR5cCI6IkpXVCJ9.eyJzdWIiOiJhZG1pbiIsImVtYWlsIjoiYWRtaW5AYWRtaW4ucnUiLCJzY29wZXMiOlsiYWRtaW4iLCJ1cGxvYWQiXSwiZXhwIjoxNzM3NzI1MDgwfQ.tGGXlgj6Uqt3113ZhRRQ6JjfYBFplJQ6tox_-2GkA6Q:<fwdi.Application.Configs.service_congif.ServiceConfig object at 0x7f7b703ad030>
2025-01-21 00:27:44,204 | DEBUG | 140168139896384 | fwdi.Utilites.jwt_tools:eyJhbGciOiJIUzI1NiIsInR5cCI6IkpXVCJ9.eyJzdWIiOiJhZG1pbiIsImVtYWlsIjoiYWRtaW5AYWRtaW4ucnUiLCJzY29wZXMiOlsiYWRtaW4iLCJ1cGxvYWQiXSwiZXhwIjoxNzM3NzI1MDgwfQ.tGGXlgj6Uqt3113ZhRRQ6JjfYBFplJQ6tox_-2GkA6Q:<fwdi.Application.Configs.service_congif.ServiceConfig object at 0x7f7b703ad030>
fwdi.Utilites.jwt_tools:<Model: User>:admin@admin.ru
2025-01-21 00:27:44,206 | DEBUG | 140168139896384 | fwdi.Utilites.jwt_tools:<Model: User>:admin@admin.ru
fwdi.Utilites.jwt_tools:eyJhbGciOiJIUzI1NiIsInR5cCI6IkpXVCJ9.eyJzdWIiOiJhZG1pbiIsImVtYWlsIjoiYWRtaW5AYWRtaW4ucnUiLCJzY29wZXMiOlsiYWRtaW4iLCJ1cGxvYWQiXSwiZXhwIjoxNzM3NzI1MDgwfQ.tGGXlgj6Uqt3113ZhRRQ6JjfYBFplJQ6tox_-2GkA6Q:<fwdi.Application.Configs.service_congif.ServiceConfig object at 0x7f7b703ad030>
2025-01-21 00:27:46,287 | DEBUG | 140168139896384 | fwdi.Utilites.jwt_tools:eyJhbGciOiJIUzI1NiIsInR5cCI6IkpXVCJ9.eyJzdWIiOiJhZG1pbiIsImVtYWlsIjoiYWRtaW5AYWRtaW4ucnUiLCJzY29wZXMiOlsiYWRtaW4iLCJ1cGxvYWQiXSwiZXhwIjoxNzM3NzI1MDgwfQ.tGGXlgj6Uqt3113ZhRRQ6JjfYBFplJQ6tox_-2GkA6Q:<fwdi.Application.Configs.service_congif.ServiceConfig object at 0x7f7b703ad030>
fwdi.Utilites.jwt_tools:<Model: User>:admin@admin.ru
2025-01-21 00:27:46,287 | DEBUG | 140168139896384 | fwdi.Utilites.jwt_tools:<Model: User>:admin@admin.ru
fwdi.Utilites.jwt_tools:eyJhbGciOiJIUzI1NiIsInR5cCI6IkpXVCJ9.eyJzdWIiOiJhZG1pbiIsImVtYWlsIjoiYWRtaW5AYWRtaW4ucnUiLCJzY29wZXMiOlsiYWRtaW4iLCJ1cGxvYWQiXSwiZXhwIjoxNzM3NzI1MDgwfQ.tGGXlgj6Uqt3113ZhRRQ6JjfYBFplJQ6tox_-2GkA6Q:<fwdi.Application.Configs.service_congif.ServiceConfig object at 0x7f7b703ad030>
2025-01-21 00:28:31,160 | DEBUG | 140168139896384 | fwdi.Utilites.jwt_tools:eyJhbGciOiJIUzI1NiIsInR5cCI6IkpXVCJ9.eyJzdWIiOiJhZG1pbiIsImVtYWlsIjoiYWRtaW5AYWRtaW4ucnUiLCJzY29wZXMiOlsiYWRtaW4iLCJ1cGxvYWQiXSwiZXhwIjoxNzM3NzI1MDgwfQ.tGGXlgj6Uqt3113ZhRRQ6JjfYBFplJQ6tox_-2GkA6Q:<fwdi.Application.Configs.service_congif.ServiceConfig object at 0x7f7b703ad030>
fwdi.Utilites.jwt_tools:<Model: User>:admin@admin.ru
2025-01-21 00:28:31,161 | DEBUG | 140168139896384 | fwdi.Utilites.jwt_tools:<Model: User>:admin@admin.ru
fwdi.Utilites.jwt_tools:eyJhbGciOiJIUzI1NiIsInR5cCI6IkpXVCJ9.eyJzdWIiOiJhZG1pbiIsImVtYWlsIjoiYWRtaW5AYWRtaW4ucnUiLCJzY29wZXMiOlsiYWRtaW4iLCJ1cGxvYWQiXSwiZXhwIjoxNzM3NzI1MDgwfQ.tGGXlgj6Uqt3113ZhRRQ6JjfYBFplJQ6tox_-2GkA6Q:<fwdi.Application.Configs.service_congif.ServiceConfig object at 0x7f7b703ad030>
2025-01-21 00:28:32,198 | DEBUG | 140168139896384 | fwdi.Utilites.jwt_tools:eyJhbGciOiJIUzI1NiIsInR5cCI6IkpXVCJ9.eyJzdWIiOiJhZG1pbiIsImVtYWlsIjoiYWRtaW5AYWRtaW4ucnUiLCJzY29wZXMiOlsiYWRtaW4iLCJ1cGxvYWQiXSwiZXhwIjoxNzM3NzI1MDgwfQ.tGGXlgj6Uqt3113ZhRRQ6JjfYBFplJQ6tox_-2GkA6Q:<fwdi.Application.Configs.service_congif.ServiceConfig object at 0x7f7b703ad030>
fwdi.Utilites.jwt_tools:<Model: User>:admin@admin.ru
2025-01-21 00:28:32,199 | DEBUG | 140168139896384 | fwdi.Utilites.jwt_tools:<Model: User>:admin@admin.ru
fwdi.Utilites.jwt_tools:eyJhbGciOiJIUzI1NiIsInR5cCI6IkpXVCJ9.eyJzdWIiOiJhZG1pbiIsImVtYWlsIjoiYWRtaW5AYWRtaW4ucnUiLCJzY29wZXMiOlsiYWRtaW4iLCJ1cGxvYWQiXSwiZXhwIjoxNzM3NzI1MDgwfQ.tGGXlgj6Uqt3113ZhRRQ6JjfYBFplJQ6tox_-2GkA6Q:<fwdi.Application.Configs.service_congif.ServiceConfig object at 0x7f7b703ad030>
2025-01-21 00:28:32,935 | DEBUG | 140168139896384 | fwdi.Utilites.jwt_tools:eyJhbGciOiJIUzI1NiIsInR5cCI6IkpXVCJ9.eyJzdWIiOiJhZG1pbiIsImVtYWlsIjoiYWRtaW5AYWRtaW4ucnUiLCJzY29wZXMiOlsiYWRtaW4iLCJ1cGxvYWQiXSwiZXhwIjoxNzM3NzI1MDgwfQ.tGGXlgj6Uqt3113ZhRRQ6JjfYBFplJQ6tox_-2GkA6Q:<fwdi.Application.Configs.service_congif.ServiceConfig object at 0x7f7b703ad030>
fwdi.Utilites.jwt_tools:<Model: User>:admin@admin.ru
2025-01-21 00:28:32,936 | DEBUG | 140168139896384 | fwdi.Utilites.jwt_tools:<Model: User>:admin@admin.ru
fwdi.Utilites.jwt_tools:eyJhbGciOiJIUzI1NiIsInR5cCI6IkpXVCJ9.eyJzdWIiOiJhZG1pbiIsImVtYWlsIjoiYWRtaW5AYWRtaW4ucnUiLCJzY29wZXMiOlsiYWRtaW4iLCJ1cGxvYWQiXSwiZXhwIjoxNzM3NzI1MDgwfQ.tGGXlgj6Uqt3113ZhRRQ6JjfYBFplJQ6tox_-2GkA6Q:<fwdi.Application.Configs.service_congif.ServiceConfig object at 0x7f7b703ad030>
2025-01-21 00:28:33,657 | DEBUG | 140168139896384 | fwdi.Utilites.jwt_tools:eyJhbGciOiJIUzI1NiIsInR5cCI6IkpXVCJ9.eyJzdWIiOiJhZG1pbiIsImVtYWlsIjoiYWRtaW5AYWRtaW4ucnUiLCJzY29wZXMiOlsiYWRtaW4iLCJ1cGxvYWQiXSwiZXhwIjoxNzM3NzI1MDgwfQ.tGGXlgj6Uqt3113ZhRRQ6JjfYBFplJQ6tox_-2GkA6Q:<fwdi.Application.Configs.service_congif.ServiceConfig object at 0x7f7b703ad030>
fwdi.Utilites.jwt_tools:<Model: User>:admin@admin.ru
2025-01-21 00:28:33,657 | DEBUG | 140168139896384 | fwdi.Utilites.jwt_tools:<Model: User>:admin@admin.ru
fwdi.Utilites.jwt_tools:eyJhbGciOiJIUzI1NiIsInR5cCI6IkpXVCJ9.eyJzdWIiOiJhZG1pbiIsImVtYWlsIjoiYWRtaW5AYWRtaW4ucnUiLCJzY29wZXMiOlsiYWRtaW4iLCJ1cGxvYWQiXSwiZXhwIjoxNzM3NzI1MDgwfQ.tGGXlgj6Uqt3113ZhRRQ6JjfYBFplJQ6tox_-2GkA6Q:<fwdi.Application.Configs.service_congif.ServiceConfig object at 0x7f7b703ad030>
2025-01-21 00:28:34,267 | DEBUG | 140168139896384 | fwdi.Utilites.jwt_tools:eyJhbGciOiJIUzI1NiIsInR5cCI6IkpXVCJ9.eyJzdWIiOiJhZG1pbiIsImVtYWlsIjoiYWRtaW5AYWRtaW4ucnUiLCJzY29wZXMiOlsiYWRtaW4iLCJ1cGxvYWQiXSwiZXhwIjoxNzM3NzI1MDgwfQ.tGGXlgj6Uqt3113ZhRRQ6JjfYBFplJQ6tox_-2GkA6Q:<fwdi.Application.Configs.service_congif.ServiceConfig object at 0x7f7b703ad030>
fwdi.Utilites.jwt_tools:<Model: User>:admin@admin.ru
2025-01-21 00:28:34,268 | DEBUG | 140168139896384 | fwdi.Utilites.jwt_tools:<Model: User>:admin@admin.ru
